mode: atomic
github.com/mrchypark/daramjwee/examples/filestore_default/main.go:22.117,28.2 2 0
github.com/mrchypark/daramjwee/examples/filestore_default/main.go:31.35,34.16 3 0
github.com/mrchypark/daramjwee/examples/filestore_default/main.go:34.16,37.3 2 0
github.com/mrchypark/daramjwee/examples/filestore_default/main.go:38.2,41.16 3 0
github.com/mrchypark/daramjwee/examples/filestore_default/main.go:41.16,44.3 2 0
github.com/mrchypark/daramjwee/examples/filestore_default/main.go:45.2,45.48 1 0
github.com/mrchypark/daramjwee/examples/filestore_default/main.go:52.13,56.16 3 0
github.com/mrchypark/daramjwee/examples/filestore_default/main.go:56.16,59.3 2 0
github.com/mrchypark/daramjwee/examples/filestore_default/main.go:60.2,64.16 4 0
github.com/mrchypark/daramjwee/examples/filestore_default/main.go:64.16,67.3 2 0
github.com/mrchypark/daramjwee/examples/filestore_default/main.go:69.2,74.16 2 0
github.com/mrchypark/daramjwee/examples/filestore_default/main.go:74.16,77.3 2 0
github.com/mrchypark/daramjwee/examples/filestore_default/main.go:78.2,83.16 5 0
github.com/mrchypark/daramjwee/examples/filestore_default/main.go:83.16,86.3 2 0
github.com/mrchypark/daramjwee/examples/filestore_default/main.go:87.2,93.16 6 0
github.com/mrchypark/daramjwee/examples/filestore_default/main.go:93.16,96.3 2 0
github.com/mrchypark/daramjwee/examples/filestore_default/main.go:97.2,103.16 6 0
github.com/mrchypark/daramjwee/examples/filestore_default/main.go:103.16,106.3 2 0
github.com/mrchypark/daramjwee/examples/filestore_default/main.go:107.2,108.16 2 0
github.com/mrchypark/daramjwee/examples/filestore_default/main.go:108.16,111.3 2 0
github.com/mrchypark/daramjwee/examples/filestore_default/main.go:112.2,117.16 5 0
github.com/mrchypark/daramjwee/examples/filestore_default/main.go:117.16,120.3 2 0
github.com/mrchypark/daramjwee/examples/filestore_default/main.go:121.2,127.16 6 0
github.com/mrchypark/daramjwee/examples/filestore_default/main.go:127.16,130.3 2 0
github.com/mrchypark/daramjwee/examples/filestore_default/main.go:131.2,135.16 4 0
github.com/mrchypark/daramjwee/examples/filestore_default/main.go:135.16,138.3 2 0
github.com/mrchypark/daramjwee/examples/filestore_default/main.go:139.2,141.42 3 0
github.com/mrchypark/daramjwee/examples/file_objstore_provider/main.go:26.116,32.2 2 0
github.com/mrchypark/daramjwee/examples/file_objstore_provider/main.go:38.13,46.16 6 0
github.com/mrchypark/daramjwee/examples/file_objstore_provider/main.go:46.16,49.3 2 0
github.com/mrchypark/daramjwee/examples/file_objstore_provider/main.go:51.2,51.117 1 0
github.com/mrchypark/daramjwee/examples/file_objstore_provider/main.go:51.117,55.3 1 0
github.com/mrchypark/daramjwee/examples/file_objstore_provider/main.go:56.2,56.16 1 0
github.com/mrchypark/daramjwee/examples/file_objstore_provider/main.go:56.16,59.3 2 0
github.com/mrchypark/daramjwee/examples/file_objstore_provider/main.go:60.2,64.16 4 0
github.com/mrchypark/daramjwee/examples/file_objstore_provider/main.go:64.16,67.3 2 0
github.com/mrchypark/daramjwee/examples/file_objstore_provider/main.go:68.2,68.15 1 0
github.com/mrchypark/daramjwee/examples/file_objstore_provider/main.go:68.15,70.51 2 0
github.com/mrchypark/daramjwee/examples/file_objstore_provider/main.go:70.51,72.4 1 0
github.com/mrchypark/daramjwee/examples/file_objstore_provider/main.go:75.2,77.16 3 0
github.com/mrchypark/daramjwee/examples/file_objstore_provider/main.go:77.16,80.3 2 0
github.com/mrchypark/daramjwee/examples/file_objstore_provider/main.go:82.2,87.16 2 0
github.com/mrchypark/daramjwee/examples/file_objstore_provider/main.go:87.16,90.3 2 0
github.com/mrchypark/daramjwee/examples/file_objstore_provider/main.go:91.2,108.50 11 0
github.com/mrchypark/daramjwee/examples/file_objstore_provider/main.go:108.50,111.3 2 0
github.com/mrchypark/daramjwee/examples/file_objstore_provider/main.go:113.2,114.16 2 0
github.com/mrchypark/daramjwee/examples/file_objstore_provider/main.go:114.16,117.3 2 0
github.com/mrchypark/daramjwee/examples/file_objstore_provider/main.go:118.2,123.16 2 0
github.com/mrchypark/daramjwee/examples/file_objstore_provider/main.go:123.16,126.3 2 0
github.com/mrchypark/daramjwee/examples/file_objstore_provider/main.go:127.2,132.64 4 0
github.com/mrchypark/daramjwee/examples/file_objstore_provider/main.go:137.143,139.16 2 0
github.com/mrchypark/daramjwee/examples/file_objstore_provider/main.go:139.16,142.3 2 0
github.com/mrchypark/daramjwee/examples/file_objstore_provider/main.go:143.2,143.15 1 0
github.com/mrchypark/daramjwee/examples/file_objstore_provider/main.go:143.15,144.46 1 0
github.com/mrchypark/daramjwee/examples/file_objstore_provider/main.go:144.46,146.4 1 0
github.com/mrchypark/daramjwee/examples/file_objstore_provider/main.go:149.2,150.16 2 0
github.com/mrchypark/daramjwee/examples/file_objstore_provider/main.go:150.16,153.3 2 0
github.com/mrchypark/daramjwee/examples/file_objstore_provider/main.go:155.2,155.42 1 0
github.com/mrchypark/daramjwee/examples/file_objstore_provider/main.go:155.42,158.3 2 0
github.com/mrchypark/daramjwee/examples/file_objstore_provider/main.go:159.2,159.94 1 0
github.com/mrchypark/daramjwee/examples/file_objstore_provider/main.go:169.84,179.16 7 0
github.com/mrchypark/daramjwee/examples/file_objstore_provider/main.go:179.16,181.3 1 0
github.com/mrchypark/daramjwee/examples/file_objstore_provider/main.go:181.8,183.3 1 0
github.com/mrchypark/daramjwee/examples/file_objstore_provider/main.go:185.2,185.18 1 0
github.com/mrchypark/daramjwee/examples/advanced/main.go:31.72,33.2 1 0
github.com/mrchypark/daramjwee/examples/advanced/main.go:35.123,47.25 4 0
github.com/mrchypark/daramjwee/examples/advanced/main.go:47.25,50.3 2 0
github.com/mrchypark/daramjwee/examples/advanced/main.go:53.2,63.8 3 0
github.com/mrchypark/daramjwee/examples/advanced/main.go:72.82,74.2 1 0
github.com/mrchypark/daramjwee/examples/advanced/main.go:76.122,77.17 1 0
github.com/mrchypark/daramjwee/examples/advanced/main.go:77.17,79.3 1 0
github.com/mrchypark/daramjwee/examples/advanced/main.go:81.2,89.8 2 0
github.com/mrchypark/daramjwee/examples/advanced/main.go:98.120,99.19 1 0
github.com/mrchypark/daramjwee/examples/advanced/main.go:99.19,101.3 1 0
github.com/mrchypark/daramjwee/examples/advanced/main.go:103.2,109.8 1 0
github.com/mrchypark/daramjwee/examples/advanced/main.go:112.13,143.2 12 0
github.com/mrchypark/daramjwee/examples/advanced/main.go:146.41,153.44 2 0
github.com/mrchypark/daramjwee/examples/advanced/main.go:153.44,153.91 2 0
github.com/mrchypark/daramjwee/examples/advanced/main.go:156.2,159.41 2 0
github.com/mrchypark/daramjwee/examples/advanced/main.go:159.41,162.33 2 0
github.com/mrchypark/daramjwee/examples/advanced/main.go:162.33,166.18 3 0
github.com/mrchypark/daramjwee/examples/advanced/main.go:166.18,168.13 2 0
github.com/mrchypark/daramjwee/examples/advanced/main.go:171.4,177.18 5 0
github.com/mrchypark/daramjwee/examples/advanced/main.go:177.18,179.13 2 0
github.com/mrchypark/daramjwee/examples/advanced/main.go:183.4,185.18 3 0
github.com/mrchypark/daramjwee/examples/advanced/main.go:185.18,187.13 2 0
github.com/mrchypark/daramjwee/examples/advanced/main.go:191.4,191.59 1 0
github.com/mrchypark/daramjwee/examples/advanced/main.go:191.59,193.13 2 0
github.com/mrchypark/daramjwee/examples/advanced/main.go:196.4,198.70 2 0
github.com/mrchypark/daramjwee/examples/advanced/main.go:204.46,209.26 3 0
github.com/mrchypark/daramjwee/examples/advanced/main.go:209.26,211.3 1 0
github.com/mrchypark/daramjwee/examples/advanced/main.go:214.2,220.34 1 0
github.com/mrchypark/daramjwee/examples/advanced/main.go:220.34,224.5 3 0
github.com/mrchypark/daramjwee/examples/advanced/main.go:228.34,232.5 3 0
github.com/mrchypark/daramjwee/examples/advanced/main.go:236.34,240.5 3 0
github.com/mrchypark/daramjwee/examples/advanced/main.go:244.2,244.33 1 0
github.com/mrchypark/daramjwee/examples/advanced/main.go:244.33,250.28 4 0
github.com/mrchypark/daramjwee/examples/advanced/main.go:250.28,253.21 3 0
github.com/mrchypark/daramjwee/examples/advanced/main.go:253.21,255.5 1 0
github.com/mrchypark/daramjwee/examples/advanced/main.go:259.3,262.31 3 0
github.com/mrchypark/daramjwee/examples/advanced/main.go:262.31,265.18 3 0
github.com/mrchypark/daramjwee/examples/advanced/main.go:265.18,266.13 1 0
github.com/mrchypark/daramjwee/examples/advanced/main.go:268.4,269.18 2 0
github.com/mrchypark/daramjwee/examples/advanced/main.go:272.3,276.16 4 0
github.com/mrchypark/daramjwee/examples/advanced/main.go:281.41,295.16 4 0
github.com/mrchypark/daramjwee/examples/advanced/main.go:295.16,298.3 2 0
github.com/mrchypark/daramjwee/examples/advanced/main.go:299.2,302.26 3 0
github.com/mrchypark/daramjwee/examples/advanced/main.go:302.26,304.3 1 0
github.com/mrchypark/daramjwee/examples/advanced/main.go:306.2,308.48 2 0
github.com/mrchypark/daramjwee/examples/advanced/main.go:308.48,314.36 4 0
github.com/mrchypark/daramjwee/examples/advanced/main.go:314.36,316.26 2 0
github.com/mrchypark/daramjwee/examples/advanced/main.go:316.26,321.30 3 0
github.com/mrchypark/daramjwee/examples/advanced/main.go:321.30,324.20 3 0
github.com/mrchypark/daramjwee/examples/advanced/main.go:324.20,325.15 1 0
github.com/mrchypark/daramjwee/examples/advanced/main.go:327.6,328.20 2 0
github.com/mrchypark/daramjwee/examples/advanced/main.go:333.3,338.87 5 0
github.com/mrchypark/daramjwee/examples/advanced/main.go:343.41,357.16 7 0
github.com/mrchypark/daramjwee/examples/advanced/main.go:357.16,360.3 2 0
github.com/mrchypark/daramjwee/examples/advanced/main.go:363.2,364.27 2 0
github.com/mrchypark/daramjwee/examples/advanced/main.go:364.27,366.3 1 0
github.com/mrchypark/daramjwee/examples/advanced/main.go:368.2,371.28 3 0
github.com/mrchypark/daramjwee/examples/advanced/main.go:371.28,374.17 3 0
github.com/mrchypark/daramjwee/examples/advanced/main.go:374.17,375.12 1 0
github.com/mrchypark/daramjwee/examples/advanced/main.go:377.3,380.17 3 0
github.com/mrchypark/daramjwee/examples/advanced/main.go:380.17,383.4 2 0
github.com/mrchypark/daramjwee/examples/advanced/main.go:386.2,393.15 6 0
github.com/mrchypark/daramjwee/examples/advanced/main.go:397.47,408.26 5 0
github.com/mrchypark/daramjwee/examples/advanced/main.go:408.26,410.3 1 0
github.com/mrchypark/daramjwee/examples/advanced/main.go:412.2,412.40 1 0
github.com/mrchypark/daramjwee/examples/advanced/main.go:412.40,426.33 8 0
github.com/mrchypark/daramjwee/examples/advanced/main.go:426.33,429.18 3 0
github.com/mrchypark/daramjwee/examples/advanced/main.go:429.18,430.13 1 0
github.com/mrchypark/daramjwee/examples/advanced/main.go:434.4,435.21 2 0
github.com/mrchypark/daramjwee/examples/advanced/main.go:435.21,438.23 2 0
github.com/mrchypark/daramjwee/examples/advanced/main.go:438.23,441.6 2 0
github.com/mrchypark/daramjwee/examples/advanced/main.go:443.4,443.18 1 0
github.com/mrchypark/daramjwee/examples/advanced/main.go:446.3,452.16 5 0
github.com/mrchypark/daramjwee/examples/advanced/main.go:457.48,467.26 4 0
github.com/mrchypark/daramjwee/examples/advanced/main.go:467.26,469.3 1 0
github.com/mrchypark/daramjwee/examples/advanced/main.go:471.2,471.51 1 0
github.com/mrchypark/daramjwee/examples/advanced/main.go:471.51,490.36 9 0
github.com/mrchypark/daramjwee/examples/advanced/main.go:490.36,492.26 2 0
github.com/mrchypark/daramjwee/examples/advanced/main.go:492.26,495.39 2 0
github.com/mrchypark/daramjwee/examples/advanced/main.go:495.39,498.20 3 0
github.com/mrchypark/daramjwee/examples/advanced/main.go:498.20,499.15 1 0
github.com/mrchypark/daramjwee/examples/advanced/main.go:501.6,502.20 2 0
github.com/mrchypark/daramjwee/examples/advanced/main.go:507.3,514.16 6 0
github.com/mrchypark/daramjwee/examples/advanced/main.go:519.43,531.16 4 0
github.com/mrchypark/daramjwee/examples/advanced/main.go:531.16,534.3 2 0
github.com/mrchypark/daramjwee/examples/advanced/main.go:535.2,545.16 8 0
github.com/mrchypark/daramjwee/examples/advanced/main.go:545.16,548.3 2 0
github.com/mrchypark/daramjwee/examples/advanced/main.go:549.2,557.16 6 0
github.com/mrchypark/daramjwee/examples/advanced/main.go:557.16,560.3 2 0
github.com/mrchypark/daramjwee/examples/advanced/main.go:561.2,573.16 8 0
github.com/mrchypark/daramjwee/examples/advanced/main.go:573.16,576.3 2 0
github.com/mrchypark/daramjwee/examples/advanced/main.go:577.2,583.45 4 0
github.com/mrchypark/daramjwee/examples/advanced/main.go:587.43,592.16 4 0
github.com/mrchypark/daramjwee/examples/advanced/main.go:592.16,595.3 2 0
github.com/mrchypark/daramjwee/examples/advanced/main.go:596.2,605.16 6 0
github.com/mrchypark/daramjwee/examples/advanced/main.go:605.16,607.3 1 0
github.com/mrchypark/daramjwee/examples/advanced/main.go:607.8,609.3 1 0
github.com/mrchypark/daramjwee/examples/advanced/main.go:612.2,616.16 4 0
github.com/mrchypark/daramjwee/examples/advanced/main.go:616.16,618.3 1 0
github.com/mrchypark/daramjwee/examples/advanced/main.go:618.8,622.3 3 0
github.com/mrchypark/daramjwee/examples/advanced/main.go:625.2,627.16 3 0
github.com/mrchypark/daramjwee/examples/advanced/main.go:627.16,629.3 1 0
github.com/mrchypark/daramjwee/examples/advanced/main.go:629.8,633.3 3 0
github.com/mrchypark/daramjwee/examples/file_objstore/main.go:26.116,32.2 2 0
github.com/mrchypark/daramjwee/examples/file_objstore/main.go:38.13,46.16 6 0
github.com/mrchypark/daramjwee/examples/file_objstore/main.go:46.16,49.3 2 0
github.com/mrchypark/daramjwee/examples/file_objstore/main.go:51.2,51.118 1 0
github.com/mrchypark/daramjwee/examples/file_objstore/main.go:51.118,55.3 1 0
github.com/mrchypark/daramjwee/examples/file_objstore/main.go:56.2,56.16 1 0
github.com/mrchypark/daramjwee/examples/file_objstore/main.go:56.16,59.3 2 0
github.com/mrchypark/daramjwee/examples/file_objstore/main.go:60.2,64.16 4 0
github.com/mrchypark/daramjwee/examples/file_objstore/main.go:64.16,67.3 2 0
github.com/mrchypark/daramjwee/examples/file_objstore/main.go:68.2,68.15 1 0
github.com/mrchypark/daramjwee/examples/file_objstore/main.go:68.15,70.51 2 0
github.com/mrchypark/daramjwee/examples/file_objstore/main.go:70.51,72.4 1 0
github.com/mrchypark/daramjwee/examples/file_objstore/main.go:75.2,77.16 3 0
github.com/mrchypark/daramjwee/examples/file_objstore/main.go:77.16,80.3 2 0
github.com/mrchypark/daramjwee/examples/file_objstore/main.go:82.2,87.16 2 0
github.com/mrchypark/daramjwee/examples/file_objstore/main.go:87.16,90.3 2 0
github.com/mrchypark/daramjwee/examples/file_objstore/main.go:91.2,108.50 11 0
github.com/mrchypark/daramjwee/examples/file_objstore/main.go:108.50,111.3 2 0
github.com/mrchypark/daramjwee/examples/file_objstore/main.go:113.2,114.16 2 0
github.com/mrchypark/daramjwee/examples/file_objstore/main.go:114.16,117.3 2 0
github.com/mrchypark/daramjwee/examples/file_objstore/main.go:118.2,123.16 2 0
github.com/mrchypark/daramjwee/examples/file_objstore/main.go:123.16,126.3 2 0
github.com/mrchypark/daramjwee/examples/file_objstore/main.go:127.2,132.64 4 0
github.com/mrchypark/daramjwee/examples/file_objstore/main.go:137.143,139.16 2 0
github.com/mrchypark/daramjwee/examples/file_objstore/main.go:139.16,142.3 2 0
github.com/mrchypark/daramjwee/examples/file_objstore/main.go:143.2,143.15 1 0
github.com/mrchypark/daramjwee/examples/file_objstore/main.go:143.15,144.46 1 0
github.com/mrchypark/daramjwee/examples/file_objstore/main.go:144.46,146.4 1 0
github.com/mrchypark/daramjwee/examples/file_objstore/main.go:149.2,150.16 2 0
github.com/mrchypark/daramjwee/examples/file_objstore/main.go:150.16,153.3 2 0
github.com/mrchypark/daramjwee/examples/file_objstore/main.go:155.2,155.42 1 0
github.com/mrchypark/daramjwee/examples/file_objstore/main.go:155.42,158.3 2 0
github.com/mrchypark/daramjwee/examples/file_objstore/main.go:159.2,159.94 1 0
github.com/mrchypark/daramjwee/examples/file_objstore/main.go:169.84,179.16 7 0
github.com/mrchypark/daramjwee/examples/file_objstore/main.go:179.16,181.3 1 0
github.com/mrchypark/daramjwee/examples/file_objstore/main.go:181.8,183.3 1 0
github.com/mrchypark/daramjwee/examples/file_objstore/main.go:185.2,185.18 1 0
github.com/mrchypark/daramjwee/examples/cmd/main.go:12.13,13.22 1 0
github.com/mrchypark/daramjwee/examples/cmd/main.go:13.22,16.3 2 0
github.com/mrchypark/daramjwee/examples/cmd/main.go:18.2,18.20 1 0
github.com/mrchypark/daramjwee/examples/cmd/main.go:19.15,20.22 1 0
github.com/mrchypark/daramjwee/examples/cmd/main.go:21.19,22.26 1 0
github.com/mrchypark/daramjwee/examples/cmd/main.go:23.18,24.25 1 0
github.com/mrchypark/daramjwee/examples/cmd/main.go:25.14,26.21 1 0
github.com/mrchypark/daramjwee/examples/cmd/main.go:27.16,28.23 1 0
github.com/mrchypark/daramjwee/examples/cmd/main.go:29.13,30.19 1 0
github.com/mrchypark/daramjwee/examples/cmd/main.go:31.10,32.15 1 0
github.com/mrchypark/daramjwee/examples/cmd/main.go:36.19,60.2 23 0
github.com/mrchypark/daramjwee/examples/cmd/main.go:62.37,67.16 3 0
github.com/mrchypark/daramjwee/examples/cmd/main.go:67.16,70.3 2 0
github.com/mrchypark/daramjwee/examples/cmd/main.go:73.2,76.56 2 0
github.com/mrchypark/daramjwee/examples/cmd/main.go:76.56,79.3 2 0
github.com/mrchypark/daramjwee/examples/cmd/main.go:81.2,85.34 4 0
github.com/mrchypark/daramjwee/examples/cmd/main.go:85.34,88.3 2 0
github.com/mrchypark/daramjwee/examples/cmd/main.go:91.23,96.35 3 0
github.com/mrchypark/daramjwee/examples/cmd/main.go:96.35,97.12 1 0
github.com/mrchypark/daramjwee/examples/cmd/main.go:97.12,99.4 1 0
github.com/mrchypark/daramjwee/examples/cmd/main.go:100.3,100.22 1 0
github.com/mrchypark/daramjwee/examples/cmd/main.go:103.2,103.49 1 0
github.com/mrchypark/daramjwee/examples/basic/main.go:37.117,39.24 2 0
github.com/mrchypark/daramjwee/examples/basic/main.go:39.24,41.3 1 0
github.com/mrchypark/daramjwee/examples/basic/main.go:42.2,46.9 4 0
github.com/mrchypark/daramjwee/examples/basic/main.go:46.9,48.3 1 0
github.com/mrchypark/daramjwee/examples/basic/main.go:51.2,51.56 1 0
github.com/mrchypark/daramjwee/examples/basic/main.go:51.56,53.3 1 0
github.com/mrchypark/daramjwee/examples/basic/main.go:56.2,59.8 1 0
github.com/mrchypark/daramjwee/examples/basic/main.go:63.35,66.16 3 0
github.com/mrchypark/daramjwee/examples/basic/main.go:66.16,69.3 2 0
github.com/mrchypark/daramjwee/examples/basic/main.go:70.2,73.16 3 0
github.com/mrchypark/daramjwee/examples/basic/main.go:73.16,76.3 2 0
github.com/mrchypark/daramjwee/examples/basic/main.go:77.2,82.16 4 0
github.com/mrchypark/daramjwee/examples/basic/main.go:82.16,83.38 1 0
github.com/mrchypark/daramjwee/examples/basic/main.go:83.38,85.4 1 0
github.com/mrchypark/daramjwee/examples/basic/main.go:85.9,87.4 1 0
github.com/mrchypark/daramjwee/examples/basic/main.go:88.3,88.9 1 0
github.com/mrchypark/daramjwee/examples/basic/main.go:90.2,91.72 2 0
github.com/mrchypark/daramjwee/examples/basic/main.go:102.13,107.55 4 0
github.com/mrchypark/daramjwee/examples/basic/main.go:107.55,108.13 1 0
github.com/mrchypark/daramjwee/examples/basic/main.go:111.2,112.16 2 0
github.com/mrchypark/daramjwee/examples/basic/main.go:112.16,113.13 1 0
github.com/mrchypark/daramjwee/examples/basic/main.go:116.2,121.16 2 0
github.com/mrchypark/daramjwee/examples/basic/main.go:121.16,122.13 1 0
github.com/mrchypark/daramjwee/examples/basic/main.go:124.2,126.76 2 0
github.com/mrchypark/daramjwee/examples/basic/main.go:126.76,128.16 2 0
github.com/mrchypark/daramjwee/examples/basic/main.go:128.16,131.4 2 0
github.com/mrchypark/daramjwee/examples/basic/main.go:133.3,136.17 3 0
github.com/mrchypark/daramjwee/examples/basic/main.go:136.17,137.36 1 0
github.com/mrchypark/daramjwee/examples/basic/main.go:137.36,140.5 2 0
github.com/mrchypark/daramjwee/examples/basic/main.go:140.10,143.5 2 0
github.com/mrchypark/daramjwee/examples/basic/main.go:144.4,144.10 1 0
github.com/mrchypark/daramjwee/examples/basic/main.go:146.3,146.16 1 0
github.com/mrchypark/daramjwee/examples/basic/main.go:146.16,147.41 1 0
github.com/mrchypark/daramjwee/examples/basic/main.go:147.41,149.5 1 0
github.com/mrchypark/daramjwee/examples/basic/main.go:152.3,154.47 3 0
github.com/mrchypark/daramjwee/examples/basic/main.go:154.47,156.4 1 0
github.com/mrchypark/daramjwee/examples/basic/main.go:157.3,157.33 1 0
github.com/mrchypark/daramjwee/examples/basic/main.go:160.2,165.58 6 0
github.com/mrchypark/daramjwee/examples/basic/main.go:165.58,168.3 2 0
github.com/mrchypark/daramjwee/examples/config/main.go:20.13,57.2 14 0
github.com/mrchypark/daramjwee/examples/config/main.go:60.42,72.16 4 0
github.com/mrchypark/daramjwee/examples/config/main.go:72.16,75.3 2 0
github.com/mrchypark/daramjwee/examples/config/main.go:76.2,78.60 2 0
github.com/mrchypark/daramjwee/examples/config/main.go:82.45,103.16 6 0
github.com/mrchypark/daramjwee/examples/config/main.go:103.16,106.3 2 0
github.com/mrchypark/daramjwee/examples/config/main.go:107.2,109.83 2 0
github.com/mrchypark/daramjwee/examples/config/main.go:113.40,118.16 3 0
github.com/mrchypark/daramjwee/examples/config/main.go:118.16,121.3 2 0
github.com/mrchypark/daramjwee/examples/config/main.go:122.2,131.16 3 0
github.com/mrchypark/daramjwee/examples/config/main.go:131.16,134.3 2 0
github.com/mrchypark/daramjwee/examples/config/main.go:136.2,139.16 2 0
github.com/mrchypark/daramjwee/examples/config/main.go:139.16,142.3 2 0
github.com/mrchypark/daramjwee/examples/config/main.go:143.2,145.83 2 0
github.com/mrchypark/daramjwee/examples/config/main.go:149.43,153.16 3 0
github.com/mrchypark/daramjwee/examples/config/main.go:153.16,156.3 2 0
github.com/mrchypark/daramjwee/examples/config/main.go:157.2,172.16 5 0
github.com/mrchypark/daramjwee/examples/config/main.go:172.16,175.3 2 0
github.com/mrchypark/daramjwee/examples/config/main.go:177.2,181.16 2 0
github.com/mrchypark/daramjwee/examples/config/main.go:181.16,184.3 2 0
github.com/mrchypark/daramjwee/examples/config/main.go:185.2,187.109 2 0
github.com/mrchypark/daramjwee/examples/config/main.go:191.46,206.16 6 0
github.com/mrchypark/daramjwee/examples/config/main.go:206.16,209.3 2 0
github.com/mrchypark/daramjwee/examples/config/main.go:210.2,220.16 4 0
github.com/mrchypark/daramjwee/examples/config/main.go:220.16,223.3 2 0
github.com/mrchypark/daramjwee/examples/config/main.go:225.2,234.16 2 0
github.com/mrchypark/daramjwee/examples/config/main.go:234.16,237.3 2 0
github.com/mrchypark/daramjwee/examples/config/main.go:238.2,240.91 2 0
github.com/mrchypark/daramjwee/examples/config/main.go:244.49,254.16 4 0
github.com/mrchypark/daramjwee/examples/config/main.go:254.16,257.3 2 0
github.com/mrchypark/daramjwee/examples/config/main.go:258.2,266.16 4 0
github.com/mrchypark/daramjwee/examples/config/main.go:266.16,269.3 2 0
github.com/mrchypark/daramjwee/examples/config/main.go:270.2,271.89 2 0
github.com/mrchypark/daramjwee/examples/config/main.go:275.46,303.2 18 0
github.com/mrchypark/daramjwee/examples/config/main.go:306.47,328.2 15 0
github.com/mrchypark/daramjwee/examples/config/main.go:331.44,355.2 13 0
github.com/mrchypark/daramjwee/examples/config/main.go:358.46,401.40 4 0
github.com/mrchypark/daramjwee/examples/config/main.go:401.40,409.17 2 0
github.com/mrchypark/daramjwee/examples/config/main.go:409.17,411.12 2 0
github.com/mrchypark/daramjwee/examples/config/main.go:413.3,417.43 2 0
github.com/mrchypark/daramjwee/examples/scenarios/main.go:26.117,29.59 2 0
github.com/mrchypark/daramjwee/examples/scenarios/main.go:29.59,31.3 1 0
github.com/mrchypark/daramjwee/examples/scenarios/main.go:33.2,39.8 1 0
github.com/mrchypark/daramjwee/examples/scenarios/main.go:42.13,73.2 12 0
github.com/mrchypark/daramjwee/examples/scenarios/main.go:79.42,109.16 7 0
github.com/mrchypark/daramjwee/examples/scenarios/main.go:109.16,112.3 2 0
github.com/mrchypark/daramjwee/examples/scenarios/main.go:113.2,120.16 5 0
github.com/mrchypark/daramjwee/examples/scenarios/main.go:120.16,122.3 1 0
github.com/mrchypark/daramjwee/examples/scenarios/main.go:122.8,125.3 2 0
github.com/mrchypark/daramjwee/examples/scenarios/main.go:132.50,149.16 4 0
github.com/mrchypark/daramjwee/examples/scenarios/main.go:149.16,152.3 2 0
github.com/mrchypark/daramjwee/examples/scenarios/main.go:153.2,160.16 5 0
github.com/mrchypark/daramjwee/examples/scenarios/main.go:160.16,162.3 1 0
github.com/mrchypark/daramjwee/examples/scenarios/main.go:162.8,165.3 2 0
github.com/mrchypark/daramjwee/examples/scenarios/main.go:172.44,195.16 6 0
github.com/mrchypark/daramjwee/examples/scenarios/main.go:195.16,198.3 2 0
github.com/mrchypark/daramjwee/examples/scenarios/main.go:199.2,206.16 5 0
github.com/mrchypark/daramjwee/examples/scenarios/main.go:206.16,208.3 1 0
github.com/mrchypark/daramjwee/examples/scenarios/main.go:208.8,211.3 2 0
github.com/mrchypark/daramjwee/examples/scenarios/main.go:218.52,248.16 7 0
github.com/mrchypark/daramjwee/examples/scenarios/main.go:248.16,251.3 2 0
github.com/mrchypark/daramjwee/examples/scenarios/main.go:252.2,259.16 5 0
github.com/mrchypark/daramjwee/examples/scenarios/main.go:259.16,261.3 1 0
github.com/mrchypark/daramjwee/examples/scenarios/main.go:261.8,264.3 2 0
github.com/mrchypark/daramjwee/examples/scenarios/main.go:271.46,301.16 7 0
github.com/mrchypark/daramjwee/examples/scenarios/main.go:301.16,304.3 2 0
github.com/mrchypark/daramjwee/examples/scenarios/main.go:305.2,307.108 2 0
github.com/mrchypark/daramjwee/examples/scenarios/main.go:314.51,330.16 4 0
github.com/mrchypark/daramjwee/examples/scenarios/main.go:330.16,333.3 2 0
github.com/mrchypark/daramjwee/examples/scenarios/main.go:334.2,341.16 5 0
github.com/mrchypark/daramjwee/examples/scenarios/main.go:341.16,343.3 1 0
github.com/mrchypark/daramjwee/examples/scenarios/main.go:343.8,346.3 2 0
github.com/mrchypark/daramjwee/examples/scenarios/main.go:353.50,368.16 4 0
github.com/mrchypark/daramjwee/examples/scenarios/main.go:368.16,371.3 2 0
github.com/mrchypark/daramjwee/examples/scenarios/main.go:372.2,374.100 2 0
github.com/mrchypark/daramjwee/examples/scenarios/main.go:381.57,397.16 4 0
github.com/mrchypark/daramjwee/examples/scenarios/main.go:397.16,400.3 2 0
github.com/mrchypark/daramjwee/examples/scenarios/main.go:401.2,408.16 5 0
github.com/mrchypark/daramjwee/examples/scenarios/main.go:408.16,410.3 1 0
github.com/mrchypark/daramjwee/examples/scenarios/main.go:410.8,413.3 2 0
github.com/mrchypark/daramjwee/examples/memstore_lru/main.go:25.117,31.2 2 0
github.com/mrchypark/daramjwee/examples/memstore_lru/main.go:34.35,37.16 3 0
github.com/mrchypark/daramjwee/examples/memstore_lru/main.go:37.16,40.3 2 0
github.com/mrchypark/daramjwee/examples/memstore_lru/main.go:41.2,44.16 3 0
github.com/mrchypark/daramjwee/examples/memstore_lru/main.go:44.16,47.3 2 0
github.com/mrchypark/daramjwee/examples/memstore_lru/main.go:48.2,48.48 1 0
github.com/mrchypark/daramjwee/examples/memstore_lru/main.go:55.13,65.16 5 0
github.com/mrchypark/daramjwee/examples/memstore_lru/main.go:65.16,68.3 2 0
github.com/mrchypark/daramjwee/examples/memstore_lru/main.go:69.2,74.16 5 0
github.com/mrchypark/daramjwee/examples/memstore_lru/main.go:74.16,77.3 2 0
github.com/mrchypark/daramjwee/examples/memstore_lru/main.go:78.2,84.16 6 0
github.com/mrchypark/daramjwee/examples/memstore_lru/main.go:84.16,87.3 2 0
github.com/mrchypark/daramjwee/examples/memstore_lru/main.go:88.2,94.16 6 0
github.com/mrchypark/daramjwee/examples/memstore_lru/main.go:94.16,97.3 2 0
github.com/mrchypark/daramjwee/examples/memstore_lru/main.go:98.2,99.16 2 0
github.com/mrchypark/daramjwee/examples/memstore_lru/main.go:99.16,102.3 2 0
github.com/mrchypark/daramjwee/examples/memstore_lru/main.go:103.2,108.16 5 0
github.com/mrchypark/daramjwee/examples/memstore_lru/main.go:108.16,111.3 2 0
github.com/mrchypark/daramjwee/examples/memstore_lru/main.go:112.2,118.16 6 0
github.com/mrchypark/daramjwee/examples/memstore_lru/main.go:118.16,121.3 2 0
github.com/mrchypark/daramjwee/examples/memstore_lru/main.go:122.2,126.16 4 0
github.com/mrchypark/daramjwee/examples/memstore_lru/main.go:126.16,129.3 2 0
github.com/mrchypark/daramjwee/examples/memstore_lru/main.go:130.2,132.42 3 0
github.com/mrchypark/daramjwee/examples/http/main.go:30.46,35.2 1 0
github.com/mrchypark/daramjwee/examples/http/main.go:37.115,39.16 2 0
github.com/mrchypark/daramjwee/examples/http/main.go:39.16,41.3 1 0
github.com/mrchypark/daramjwee/examples/http/main.go:44.2,44.50 1 0
github.com/mrchypark/daramjwee/examples/http/main.go:44.50,46.3 1 0
github.com/mrchypark/daramjwee/examples/http/main.go:48.2,49.16 2 0
github.com/mrchypark/daramjwee/examples/http/main.go:49.16,51.3 1 0
github.com/mrchypark/daramjwee/examples/http/main.go:54.2,54.47 1 0
github.com/mrchypark/daramjwee/examples/http/main.go:54.47,57.3 2 0
github.com/mrchypark/daramjwee/examples/http/main.go:59.2,59.44 1 0
github.com/mrchypark/daramjwee/examples/http/main.go:59.44,62.3 2 0
github.com/mrchypark/daramjwee/examples/http/main.go:64.2,64.38 1 0
github.com/mrchypark/daramjwee/examples/http/main.go:64.38,67.3 2 0
github.com/mrchypark/daramjwee/examples/http/main.go:69.2,77.8 2 0
github.com/mrchypark/daramjwee/examples/http/main.go:86.77,88.2 1 0
github.com/mrchypark/daramjwee/examples/http/main.go:90.119,102.16 4 0
github.com/mrchypark/daramjwee/examples/http/main.go:102.16,104.3 1 0
github.com/mrchypark/daramjwee/examples/http/main.go:106.2,114.8 2 0
github.com/mrchypark/daramjwee/examples/http/main.go:122.121,125.9 2 0
github.com/mrchypark/daramjwee/examples/http/main.go:126.45,127.122 1 0
github.com/mrchypark/daramjwee/examples/http/main.go:128.46,135.29 3 0
github.com/mrchypark/daramjwee/examples/http/main.go:136.10,137.81 1 0
github.com/mrchypark/daramjwee/examples/http/main.go:140.2,148.8 2 0
github.com/mrchypark/daramjwee/examples/http/main.go:151.13,185.9 22 0
github.com/mrchypark/daramjwee/examples/http/main.go:189.40,214.16 6 0
github.com/mrchypark/daramjwee/examples/http/main.go:214.16,217.3 2 0
github.com/mrchypark/daramjwee/examples/http/main.go:219.2,219.73 1 0
github.com/mrchypark/daramjwee/examples/http/main.go:219.73,221.22 2 0
github.com/mrchypark/daramjwee/examples/http/main.go:221.22,224.4 2 0
github.com/mrchypark/daramjwee/examples/http/main.go:226.3,228.17 3 0
github.com/mrchypark/daramjwee/examples/http/main.go:228.17,231.4 2 0
github.com/mrchypark/daramjwee/examples/http/main.go:232.3,236.21 4 0
github.com/mrchypark/daramjwee/examples/http/main.go:239.2,239.58 1 0
github.com/mrchypark/daramjwee/examples/http/main.go:239.58,241.3 1 0
github.com/mrchypark/daramjwee/examples/http/main.go:245.42,261.16 4 0
github.com/mrchypark/daramjwee/examples/http/main.go:261.16,264.3 2 0
github.com/mrchypark/daramjwee/examples/http/main.go:267.2,267.77 1 0
github.com/mrchypark/daramjwee/examples/http/main.go:267.77,270.17 3 0
github.com/mrchypark/daramjwee/examples/http/main.go:270.17,273.4 2 0
github.com/mrchypark/daramjwee/examples/http/main.go:274.3,278.21 4 0
github.com/mrchypark/daramjwee/examples/http/main.go:282.2,282.78 1 0
github.com/mrchypark/daramjwee/examples/http/main.go:282.78,284.19 2 0
github.com/mrchypark/daramjwee/examples/http/main.go:284.19,287.4 2 0
github.com/mrchypark/daramjwee/examples/http/main.go:289.3,293.17 4 0
github.com/mrchypark/daramjwee/examples/http/main.go:293.17,296.4 2 0
github.com/mrchypark/daramjwee/examples/http/main.go:297.3,301.21 4 0
github.com/mrchypark/daramjwee/examples/http/main.go:304.2,304.58 1 0
github.com/mrchypark/daramjwee/examples/http/main.go:304.58,306.3 1 0
github.com/mrchypark/daramjwee/examples/http/main.go:310.42,329.16 5 0
github.com/mrchypark/daramjwee/examples/http/main.go:329.16,332.3 2 0
github.com/mrchypark/daramjwee/examples/http/main.go:334.2,334.75 1 0
github.com/mrchypark/daramjwee/examples/http/main.go:334.75,336.21 2 0
github.com/mrchypark/daramjwee/examples/http/main.go:336.21,339.4 2 0
github.com/mrchypark/daramjwee/examples/http/main.go:342.3,344.17 3 0
github.com/mrchypark/daramjwee/examples/http/main.go:344.17,347.4 2 0
github.com/mrchypark/daramjwee/examples/http/main.go:348.3,351.42 2 0
github.com/mrchypark/daramjwee/examples/http/main.go:351.42,353.4 1 0
github.com/mrchypark/daramjwee/examples/http/main.go:353.9,353.50 1 0
github.com/mrchypark/daramjwee/examples/http/main.go:353.50,355.4 1 0
github.com/mrchypark/daramjwee/examples/http/main.go:355.9,357.4 1 0
github.com/mrchypark/daramjwee/examples/http/main.go:359.3,360.21 2 0
github.com/mrchypark/daramjwee/examples/http/main.go:363.2,363.58 1 0
github.com/mrchypark/daramjwee/examples/http/main.go:363.58,365.3 1 0
github.com/mrchypark/daramjwee/examples/http/main.go:369.47,394.16 6 0
github.com/mrchypark/daramjwee/examples/http/main.go:394.16,397.3 2 0
github.com/mrchypark/daramjwee/examples/http/main.go:400.2,400.76 1 0
github.com/mrchypark/daramjwee/examples/http/main.go:400.76,402.17 2 0
github.com/mrchypark/daramjwee/examples/http/main.go:402.17,404.4 1 0
github.com/mrchypark/daramjwee/examples/http/main.go:406.3,410.17 4 0
github.com/mrchypark/daramjwee/examples/http/main.go:410.17,413.4 2 0
github.com/mrchypark/daramjwee/examples/http/main.go:414.3,418.21 4 0
github.com/mrchypark/daramjwee/examples/http/main.go:422.2,422.76 1 0
github.com/mrchypark/daramjwee/examples/http/main.go:422.76,424.22 2 0
github.com/mrchypark/daramjwee/examples/http/main.go:424.22,426.4 1 0
github.com/mrchypark/daramjwee/examples/http/main.go:429.3,436.17 4 0
github.com/mrchypark/daramjwee/examples/http/main.go:436.17,439.4 2 0
github.com/mrchypark/daramjwee/examples/http/main.go:440.3,444.21 4 0
github.com/mrchypark/daramjwee/examples/http/main.go:448.2,448.80 1 0
github.com/mrchypark/daramjwee/examples/http/main.go:448.80,458.3 3 0
github.com/mrchypark/daramjwee/examples/http/main.go:460.2,460.58 1 0
github.com/mrchypark/daramjwee/examples/http/main.go:460.58,462.3 1 0
github.com/mrchypark/daramjwee/examples/memstore_sieve/main.go:23.117,29.2 2 0
github.com/mrchypark/daramjwee/examples/memstore_sieve/main.go:32.35,35.16 3 0
github.com/mrchypark/daramjwee/examples/memstore_sieve/main.go:35.16,38.3 2 0
github.com/mrchypark/daramjwee/examples/memstore_sieve/main.go:39.2,42.16 3 0
github.com/mrchypark/daramjwee/examples/memstore_sieve/main.go:42.16,45.3 2 0
github.com/mrchypark/daramjwee/examples/memstore_sieve/main.go:46.2,46.48 1 0
github.com/mrchypark/daramjwee/examples/memstore_sieve/main.go:53.13,63.16 5 0
github.com/mrchypark/daramjwee/examples/memstore_sieve/main.go:63.16,66.3 2 0
github.com/mrchypark/daramjwee/examples/memstore_sieve/main.go:67.2,72.16 5 0
github.com/mrchypark/daramjwee/examples/memstore_sieve/main.go:72.16,75.3 2 0
github.com/mrchypark/daramjwee/examples/memstore_sieve/main.go:76.2,82.16 6 0
github.com/mrchypark/daramjwee/examples/memstore_sieve/main.go:82.16,85.3 2 0
github.com/mrchypark/daramjwee/examples/memstore_sieve/main.go:86.2,92.16 6 0
github.com/mrchypark/daramjwee/examples/memstore_sieve/main.go:92.16,95.3 2 0
github.com/mrchypark/daramjwee/examples/memstore_sieve/main.go:96.2,97.16 2 0
github.com/mrchypark/daramjwee/examples/memstore_sieve/main.go:97.16,100.3 2 0
github.com/mrchypark/daramjwee/examples/memstore_sieve/main.go:101.2,106.16 5 0
github.com/mrchypark/daramjwee/examples/memstore_sieve/main.go:106.16,109.3 2 0
github.com/mrchypark/daramjwee/examples/memstore_sieve/main.go:110.2,116.16 6 0
github.com/mrchypark/daramjwee/examples/memstore_sieve/main.go:116.16,119.3 2 0
github.com/mrchypark/daramjwee/examples/memstore_sieve/main.go:120.2,124.16 4 0
github.com/mrchypark/daramjwee/examples/memstore_sieve/main.go:124.16,127.3 2 0
github.com/mrchypark/daramjwee/examples/memstore_sieve/main.go:128.2,130.42 3 0
github.com/mrchypark/daramjwee/examples/memstore_s3fifo/main.go:23.117,29.2 2 0
github.com/mrchypark/daramjwee/examples/memstore_s3fifo/main.go:32.35,35.16 3 0
github.com/mrchypark/daramjwee/examples/memstore_s3fifo/main.go:35.16,38.3 2 0
github.com/mrchypark/daramjwee/examples/memstore_s3fifo/main.go:39.2,42.16 3 0
github.com/mrchypark/daramjwee/examples/memstore_s3fifo/main.go:42.16,45.3 2 0
github.com/mrchypark/daramjwee/examples/memstore_s3fifo/main.go:46.2,46.48 1 0
github.com/mrchypark/daramjwee/examples/memstore_s3fifo/main.go:53.13,63.16 5 0
github.com/mrchypark/daramjwee/examples/memstore_s3fifo/main.go:63.16,66.3 2 0
github.com/mrchypark/daramjwee/examples/memstore_s3fifo/main.go:67.2,72.16 5 0
github.com/mrchypark/daramjwee/examples/memstore_s3fifo/main.go:72.16,75.3 2 0
github.com/mrchypark/daramjwee/examples/memstore_s3fifo/main.go:76.2,82.16 6 0
github.com/mrchypark/daramjwee/examples/memstore_s3fifo/main.go:82.16,85.3 2 0
github.com/mrchypark/daramjwee/examples/memstore_s3fifo/main.go:86.2,92.16 6 0
github.com/mrchypark/daramjwee/examples/memstore_s3fifo/main.go:92.16,95.3 2 0
github.com/mrchypark/daramjwee/examples/memstore_s3fifo/main.go:96.2,97.16 2 0
github.com/mrchypark/daramjwee/examples/memstore_s3fifo/main.go:97.16,100.3 2 0
github.com/mrchypark/daramjwee/examples/memstore_s3fifo/main.go:101.2,106.16 5 0
github.com/mrchypark/daramjwee/examples/memstore_s3fifo/main.go:106.16,109.3 2 0
github.com/mrchypark/daramjwee/examples/memstore_s3fifo/main.go:110.2,116.16 6 0
github.com/mrchypark/daramjwee/examples/memstore_s3fifo/main.go:116.16,119.3 2 0
github.com/mrchypark/daramjwee/examples/memstore_s3fifo/main.go:120.2,124.16 4 0
github.com/mrchypark/daramjwee/examples/memstore_s3fifo/main.go:124.16,127.3 2 0
github.com/mrchypark/daramjwee/examples/memstore_s3fifo/main.go:128.2,130.42 3 0
github.com/mrchypark/daramjwee/examples/multi_tier_cache/main.go:24.117,30.2 2 0
github.com/mrchypark/daramjwee/examples/multi_tier_cache/main.go:33.35,36.16 3 0
github.com/mrchypark/daramjwee/examples/multi_tier_cache/main.go:36.16,39.3 2 0
github.com/mrchypark/daramjwee/examples/multi_tier_cache/main.go:40.2,43.16 3 0
github.com/mrchypark/daramjwee/examples/multi_tier_cache/main.go:43.16,46.3 2 0
github.com/mrchypark/daramjwee/examples/multi_tier_cache/main.go:47.2,47.48 1 0
github.com/mrchypark/daramjwee/examples/multi_tier_cache/main.go:54.13,58.16 3 0
github.com/mrchypark/daramjwee/examples/multi_tier_cache/main.go:58.16,61.3 2 0
github.com/mrchypark/daramjwee/examples/multi_tier_cache/main.go:62.2,69.16 5 0
github.com/mrchypark/daramjwee/examples/multi_tier_cache/main.go:69.16,72.3 2 0
github.com/mrchypark/daramjwee/examples/multi_tier_cache/main.go:74.2,80.16 2 0
github.com/mrchypark/daramjwee/examples/multi_tier_cache/main.go:80.16,83.3 2 0
github.com/mrchypark/daramjwee/examples/multi_tier_cache/main.go:84.2,89.16 5 0
github.com/mrchypark/daramjwee/examples/multi_tier_cache/main.go:89.16,92.3 2 0
github.com/mrchypark/daramjwee/examples/multi_tier_cache/main.go:93.2,99.16 6 0
github.com/mrchypark/daramjwee/examples/multi_tier_cache/main.go:99.16,102.3 2 0
github.com/mrchypark/daramjwee/examples/multi_tier_cache/main.go:103.2,109.16 6 0
github.com/mrchypark/daramjwee/examples/multi_tier_cache/main.go:109.16,112.3 2 0
github.com/mrchypark/daramjwee/examples/multi_tier_cache/main.go:113.2,117.16 4 0
github.com/mrchypark/daramjwee/examples/multi_tier_cache/main.go:117.16,120.3 2 0
github.com/mrchypark/daramjwee/examples/multi_tier_cache/main.go:121.2,127.16 6 0
github.com/mrchypark/daramjwee/examples/multi_tier_cache/main.go:127.16,130.3 2 0
github.com/mrchypark/daramjwee/examples/multi_tier_cache/main.go:131.2,132.16 2 0
github.com/mrchypark/daramjwee/examples/multi_tier_cache/main.go:132.16,135.3 2 0
github.com/mrchypark/daramjwee/examples/multi_tier_cache/main.go:136.2,141.16 5 0
github.com/mrchypark/daramjwee/examples/multi_tier_cache/main.go:141.16,144.3 2 0
github.com/mrchypark/daramjwee/examples/multi_tier_cache/main.go:145.2,151.16 6 0
github.com/mrchypark/daramjwee/examples/multi_tier_cache/main.go:151.16,154.3 2 0
github.com/mrchypark/daramjwee/examples/multi_tier_cache/main.go:155.2,159.16 4 0
github.com/mrchypark/daramjwee/examples/multi_tier_cache/main.go:159.16,162.3 2 0
github.com/mrchypark/daramjwee/examples/multi_tier_cache/main.go:163.2,165.42 3 0
github.com/mrchypark/daramjwee/internal/worker/all_strategy.go:22.76,30.2 3 1
github.com/mrchypark/daramjwee/internal/worker/all_strategy.go:33.31,34.12 1 1
github.com/mrchypark/daramjwee/internal/worker/all_strategy.go:34.12,35.27 1 1
github.com/mrchypark/daramjwee/internal/worker/all_strategy.go:35.27,37.19 2 0
github.com/mrchypark/daramjwee/internal/worker/all_strategy.go:37.19,42.5 4 0
github.com/mrchypark/daramjwee/internal/worker/all_strategy.go:48.44,51.2 2 0
github.com/mrchypark/daramjwee/internal/worker/all_strategy.go:55.61,58.12 3 1
github.com/mrchypark/daramjwee/internal/worker/all_strategy.go:58.12,61.3 2 1
github.com/mrchypark/daramjwee/internal/worker/all_strategy.go:63.2,63.9 1 1
github.com/mrchypark/daramjwee/internal/worker/all_strategy.go:64.16,65.13 1 1
github.com/mrchypark/daramjwee/internal/worker/all_strategy.go:66.29,68.28 2 0
github.com/mrchypark/daramjwee/internal/worker/pool_strategy.go:32.107,33.19 1 10
github.com/mrchypark/daramjwee/internal/worker/pool_strategy.go:33.19,35.3 1 0
github.com/mrchypark/daramjwee/internal/worker/pool_strategy.go:36.2,36.20 1 10
github.com/mrchypark/daramjwee/internal/worker/pool_strategy.go:36.20,38.3 1 0
github.com/mrchypark/daramjwee/internal/worker/pool_strategy.go:39.2,46.10 3 10
github.com/mrchypark/daramjwee/internal/worker/pool_strategy.go:50.32,52.34 2 10
github.com/mrchypark/daramjwee/internal/worker/pool_strategy.go:52.34,53.25 1 12
github.com/mrchypark/daramjwee/internal/worker/pool_strategy.go:53.25,58.28 4 12
github.com/mrchypark/daramjwee/internal/worker/pool_strategy.go:58.28,62.5 3 12
github.com/mrchypark/daramjwee/internal/worker/pool_strategy.go:63.4,63.51 1 10
github.com/mrchypark/daramjwee/internal/worker/pool_strategy.go:70.45,74.18 3 18
github.com/mrchypark/daramjwee/internal/worker/pool_strategy.go:74.18,77.3 2 0
github.com/mrchypark/daramjwee/internal/worker/pool_strategy.go:79.2,79.9 1 18
github.com/mrchypark/daramjwee/internal/worker/pool_strategy.go:80.21,81.14 1 12
github.com/mrchypark/daramjwee/internal/worker/pool_strategy.go:82.10,84.15 2 6
github.com/mrchypark/daramjwee/internal/worker/pool_strategy.go:91.62,92.27 1 9
github.com/mrchypark/daramjwee/internal/worker/pool_strategy.go:92.27,98.3 4 9
github.com/mrchypark/daramjwee/internal/worker/pool_strategy.go:100.2,101.12 2 9
github.com/mrchypark/daramjwee/internal/worker/pool_strategy.go:101.12,104.3 2 9
github.com/mrchypark/daramjwee/internal/worker/pool_strategy.go:106.2,106.9 1 9
github.com/mrchypark/daramjwee/internal/worker/pool_strategy.go:107.16,108.13 1 8
github.com/mrchypark/daramjwee/internal/worker/pool_strategy.go:109.29,111.28 2 1
github.com/mrchypark/daramjwee/internal/worker/worker.go:32.130,33.21 1 10
github.com/mrchypark/daramjwee/internal/worker/worker.go:33.21,35.3 1 0
github.com/mrchypark/daramjwee/internal/worker/worker.go:37.2,38.22 2 10
github.com/mrchypark/daramjwee/internal/worker/worker.go:39.13,40.48 1 1
github.com/mrchypark/daramjwee/internal/worker/worker.go:41.14,42.70 1 8
github.com/mrchypark/daramjwee/internal/worker/worker.go:43.10,45.70 2 1
github.com/mrchypark/daramjwee/internal/worker/worker.go:48.2,51.8 1 10
github.com/mrchypark/daramjwee/internal/worker/worker.go:55.40,57.2 1 15
github.com/mrchypark/daramjwee/internal/worker/worker.go:61.57,64.16 3 9
github.com/mrchypark/daramjwee/internal/worker/worker.go:64.16,67.3 2 1
github.com/mrchypark/daramjwee/internal/worker/worker.go:68.2,69.12 2 8
github.com/mrchypark/daramjwee/pkg/comp/gzip.go:17.60,18.62 1 6
github.com/mrchypark/daramjwee/pkg/comp/gzip.go:18.62,20.3 1 1
github.com/mrchypark/daramjwee/pkg/comp/gzip.go:21.2,21.43 1 5
github.com/mrchypark/daramjwee/pkg/comp/gzip.go:25.49,27.2 1 9
github.com/mrchypark/daramjwee/pkg/comp/gzip.go:30.80,32.16 2 14
github.com/mrchypark/daramjwee/pkg/comp/gzip.go:32.16,34.3 1 0
github.com/mrchypark/daramjwee/pkg/comp/gzip.go:35.2,38.16 3 14
github.com/mrchypark/daramjwee/pkg/comp/gzip.go:38.16,40.3 1 0
github.com/mrchypark/daramjwee/pkg/comp/gzip.go:42.2,42.39 1 14
github.com/mrchypark/daramjwee/pkg/comp/gzip.go:42.39,44.3 1 0
github.com/mrchypark/daramjwee/pkg/comp/gzip.go:46.2,46.21 1 14
github.com/mrchypark/daramjwee/pkg/comp/gzip.go:50.82,52.16 2 14
github.com/mrchypark/daramjwee/pkg/comp/gzip.go:52.16,54.3 1 0
github.com/mrchypark/daramjwee/pkg/comp/gzip.go:55.2,58.16 3 14
github.com/mrchypark/daramjwee/pkg/comp/gzip.go:58.16,60.3 1 1
github.com/mrchypark/daramjwee/pkg/comp/gzip.go:62.2,62.21 1 13
github.com/mrchypark/daramjwee/pkg/comp/gzip.go:66.45,68.2 1 3
github.com/mrchypark/daramjwee/pkg/comp/gzip.go:71.38,73.2 1 9
github.com/mrchypark/daramjwee/pkg/comp/lz4.go:17.58,19.29 1 13
github.com/mrchypark/daramjwee/pkg/comp/lz4.go:19.29,21.3 1 2
github.com/mrchypark/daramjwee/pkg/comp/lz4.go:22.2,22.42 1 11
github.com/mrchypark/daramjwee/pkg/comp/lz4.go:26.47,28.2 1 6
github.com/mrchypark/daramjwee/pkg/comp/lz4.go:31.79,35.17 2 9
github.com/mrchypark/daramjwee/pkg/comp/lz4.go:35.17,38.3 1 2
github.com/mrchypark/daramjwee/pkg/comp/lz4.go:38.8,38.24 1 7
github.com/mrchypark/daramjwee/pkg/comp/lz4.go:38.24,41.3 1 1
github.com/mrchypark/daramjwee/pkg/comp/lz4.go:41.8,44.3 1 6
github.com/mrchypark/daramjwee/pkg/comp/lz4.go:46.2,49.30 2 9
github.com/mrchypark/daramjwee/pkg/comp/lz4.go:49.30,50.37 1 9
github.com/mrchypark/daramjwee/pkg/comp/lz4.go:50.37,52.4 1 0
github.com/mrchypark/daramjwee/pkg/comp/lz4.go:55.2,56.16 2 9
github.com/mrchypark/daramjwee/pkg/comp/lz4.go:56.16,59.3 2 0
github.com/mrchypark/daramjwee/pkg/comp/lz4.go:61.2,61.39 1 9
github.com/mrchypark/daramjwee/pkg/comp/lz4.go:61.39,63.3 1 0
github.com/mrchypark/daramjwee/pkg/comp/lz4.go:65.2,65.21 1 9
github.com/mrchypark/daramjwee/pkg/comp/lz4.go:69.81,73.16 3 9
github.com/mrchypark/daramjwee/pkg/comp/lz4.go:73.16,75.3 1 0
github.com/mrchypark/daramjwee/pkg/comp/lz4.go:77.2,77.21 1 9
github.com/mrchypark/daramjwee/pkg/comp/lz4.go:81.44,83.2 1 7
github.com/mrchypark/daramjwee/pkg/comp/lz4.go:86.37,88.2 1 13
github.com/mrchypark/daramjwee/pkg/comp/zstd.go:17.60,19.29 1 17
github.com/mrchypark/daramjwee/pkg/comp/zstd.go:19.29,21.3 1 2
github.com/mrchypark/daramjwee/pkg/comp/zstd.go:22.2,22.43 1 15
github.com/mrchypark/daramjwee/pkg/comp/zstd.go:26.49,28.2 1 6
github.com/mrchypark/daramjwee/pkg/comp/zstd.go:31.80,37.16 3 11
github.com/mrchypark/daramjwee/pkg/comp/zstd.go:37.16,39.3 1 0
github.com/mrchypark/daramjwee/pkg/comp/zstd.go:40.2,43.16 3 11
github.com/mrchypark/daramjwee/pkg/comp/zstd.go:43.16,45.3 1 0
github.com/mrchypark/daramjwee/pkg/comp/zstd.go:47.2,47.40 1 11
github.com/mrchypark/daramjwee/pkg/comp/zstd.go:47.40,49.3 1 0
github.com/mrchypark/daramjwee/pkg/comp/zstd.go:51.2,51.21 1 11
github.com/mrchypark/daramjwee/pkg/comp/zstd.go:55.82,57.16 2 11
github.com/mrchypark/daramjwee/pkg/comp/zstd.go:57.16,59.3 1 0
github.com/mrchypark/daramjwee/pkg/comp/zstd.go:60.2,63.16 3 11
github.com/mrchypark/daramjwee/pkg/comp/zstd.go:63.16,65.3 1 0
github.com/mrchypark/daramjwee/pkg/comp/zstd.go:67.2,67.21 1 11
github.com/mrchypark/daramjwee/pkg/comp/zstd.go:71.45,73.2 1 9
github.com/mrchypark/daramjwee/pkg/comp/zstd.go:76.38,78.2 1 17
github.com/mrchypark/daramjwee/pkg/policy/lru.go:24.46,29.2 1 6
github.com/mrchypark/daramjwee/pkg/policy/lru.go:32.39,33.34 1 2596
github.com/mrchypark/daramjwee/pkg/policy/lru.go:33.34,35.3 1 2595
github.com/mrchypark/daramjwee/pkg/policy/lru.go:40.49,41.34 1 4883
github.com/mrchypark/daramjwee/pkg/policy/lru.go:41.34,46.3 3 1
github.com/mrchypark/daramjwee/pkg/policy/lru.go:49.2,50.24 2 4882
github.com/mrchypark/daramjwee/pkg/policy/lru.go:54.40,55.34 1 2539
github.com/mrchypark/daramjwee/pkg/policy/lru.go:55.34,57.3 1 2538
github.com/mrchypark/daramjwee/pkg/policy/lru.go:62.38,64.17 2 2242
github.com/mrchypark/daramjwee/pkg/policy/lru.go:64.17,66.3 1 2
github.com/mrchypark/daramjwee/pkg/policy/lru.go:68.2,69.28 2 2240
github.com/mrchypark/daramjwee/pkg/policy/lru.go:74.62,79.2 4 4778
github.com/mrchypark/daramjwee/pkg/policy/s3fifo.go:41.88,42.42 1 8
github.com/mrchypark/daramjwee/pkg/policy/s3fifo.go:42.42,44.3 1 0
github.com/mrchypark/daramjwee/pkg/policy/s3fifo.go:45.2,51.3 2 8
github.com/mrchypark/daramjwee/pkg/policy/s3fifo.go:56.52,57.34 1 4886
github.com/mrchypark/daramjwee/pkg/policy/s3fifo.go:57.34,60.19 2 2
github.com/mrchypark/daramjwee/pkg/policy/s3fifo.go:60.19,63.4 2 1
github.com/mrchypark/daramjwee/pkg/policy/s3fifo.go:63.9,66.4 2 1
github.com/mrchypark/daramjwee/pkg/policy/s3fifo.go:67.3,68.9 2 2
github.com/mrchypark/daramjwee/pkg/policy/s3fifo.go:72.2,75.21 4 4884
github.com/mrchypark/daramjwee/pkg/policy/s3fifo.go:81.42,83.9 2 2568
github.com/mrchypark/daramjwee/pkg/policy/s3fifo.go:83.9,85.3 1 0
github.com/mrchypark/daramjwee/pkg/policy/s3fifo.go:87.2,89.19 2 2568
github.com/mrchypark/daramjwee/pkg/policy/s3fifo.go:89.19,98.3 6 1306
github.com/mrchypark/daramjwee/pkg/policy/s3fifo.go:98.8,101.3 1 1262
github.com/mrchypark/daramjwee/pkg/policy/s3fifo.go:105.43,106.34 1 2575
github.com/mrchypark/daramjwee/pkg/policy/s3fifo.go:106.34,108.3 1 2574
github.com/mrchypark/daramjwee/pkg/policy/s3fifo.go:114.41,116.35 1 2202
github.com/mrchypark/daramjwee/pkg/policy/s3fifo.go:116.35,118.18 2 2199
github.com/mrchypark/daramjwee/pkg/policy/s3fifo.go:118.18,121.4 2 2199
github.com/mrchypark/daramjwee/pkg/policy/s3fifo.go:125.2,125.27 1 3
github.com/mrchypark/daramjwee/pkg/policy/s3fifo.go:125.27,128.19 2 2
github.com/mrchypark/daramjwee/pkg/policy/s3fifo.go:128.19,133.20 3 3
github.com/mrchypark/daramjwee/pkg/policy/s3fifo.go:133.20,137.5 2 1
github.com/mrchypark/daramjwee/pkg/policy/s3fifo.go:137.10,141.5 2 2
github.com/mrchypark/daramjwee/pkg/policy/s3fifo.go:143.4,143.19 1 1
github.com/mrchypark/daramjwee/pkg/policy/s3fifo.go:150.2,150.61 1 1
github.com/mrchypark/daramjwee/pkg/policy/s3fifo.go:150.61,151.29 1 1
github.com/mrchypark/daramjwee/pkg/policy/s3fifo.go:151.29,155.4 3 0
github.com/mrchypark/daramjwee/pkg/policy/s3fifo.go:158.2,158.12 1 1
github.com/mrchypark/daramjwee/pkg/policy/s3fifo.go:163.68,165.18 2 4775
github.com/mrchypark/daramjwee/pkg/policy/s3fifo.go:165.18,168.3 2 1258
github.com/mrchypark/daramjwee/pkg/policy/s3fifo.go:168.8,171.3 2 3517
github.com/mrchypark/daramjwee/pkg/policy/s3fifo.go:172.2,173.14 2 4775
github.com/mrchypark/daramjwee/pkg/policy/sieve.go:33.48,39.2 1 10
github.com/mrchypark/daramjwee/pkg/policy/sieve.go:44.51,45.34 1 5860
github.com/mrchypark/daramjwee/pkg/policy/sieve.go:45.34,52.3 5 1
github.com/mrchypark/daramjwee/pkg/policy/sieve.go:55.2,57.21 3 5859
github.com/mrchypark/daramjwee/pkg/policy/sieve.go:61.41,62.34 1 2636
github.com/mrchypark/daramjwee/pkg/policy/sieve.go:62.34,64.3 1 2635
github.com/mrchypark/daramjwee/pkg/policy/sieve.go:68.42,69.34 1 2541
github.com/mrchypark/daramjwee/pkg/policy/sieve.go:69.34,71.3 1 2540
github.com/mrchypark/daramjwee/pkg/policy/sieve.go:77.40,78.21 1 3198
github.com/mrchypark/daramjwee/pkg/policy/sieve.go:78.21,80.3 1 1
github.com/mrchypark/daramjwee/pkg/policy/sieve.go:83.2,84.23 2 3197
github.com/mrchypark/daramjwee/pkg/policy/sieve.go:84.23,87.3 1 6
github.com/mrchypark/daramjwee/pkg/policy/sieve.go:90.2,90.6 1 3197
github.com/mrchypark/daramjwee/pkg/policy/sieve.go:90.6,92.20 2 4232
github.com/mrchypark/daramjwee/pkg/policy/sieve.go:92.20,96.19 3 1035
github.com/mrchypark/daramjwee/pkg/policy/sieve.go:96.19,99.5 1 1
github.com/mrchypark/daramjwee/pkg/policy/sieve.go:99.10,101.5 1 1034
github.com/mrchypark/daramjwee/pkg/policy/sieve.go:102.9,104.9 1 3197
github.com/mrchypark/daramjwee/pkg/policy/sieve.go:109.2,110.17 2 3197
github.com/mrchypark/daramjwee/pkg/policy/sieve.go:110.17,112.3 1 1
github.com/mrchypark/daramjwee/pkg/policy/sieve.go:112.8,114.3 1 3196
github.com/mrchypark/daramjwee/pkg/policy/sieve.go:117.2,118.34 2 3197
github.com/mrchypark/daramjwee/pkg/policy/sieve.go:123.66,125.17 1 5737
github.com/mrchypark/daramjwee/pkg/policy/sieve.go:125.17,127.18 2 29
github.com/mrchypark/daramjwee/pkg/policy/sieve.go:127.18,130.4 1 1
github.com/mrchypark/daramjwee/pkg/policy/sieve.go:130.9,132.4 1 28
github.com/mrchypark/daramjwee/pkg/policy/sieve.go:135.2,138.14 4 5737
github.com/mrchypark/daramjwee/pkg/lock/mutex.go:11.32,13.2 1 0
github.com/mrchypark/daramjwee/pkg/lock/mutex.go:16.38,18.2 1 0
github.com/mrchypark/daramjwee/pkg/lock/mutex.go:21.40,23.2 1 0
github.com/mrchypark/daramjwee/pkg/lock/mutex.go:26.39,28.2 1 0
github.com/mrchypark/daramjwee/pkg/lock/mutex.go:31.41,33.2 1 0
github.com/mrchypark/daramjwee/pkg/lock/stripe.go:18.43,19.16 1 0
github.com/mrchypark/daramjwee/pkg/lock/stripe.go:19.16,21.3 1 0
github.com/mrchypark/daramjwee/pkg/lock/stripe.go:22.2,25.3 1 0
github.com/mrchypark/daramjwee/pkg/lock/stripe.go:29.50,31.2 1 0
github.com/mrchypark/daramjwee/pkg/lock/stripe.go:34.41,36.2 1 0
github.com/mrchypark/daramjwee/pkg/lock/stripe.go:39.43,41.2 1 0
github.com/mrchypark/daramjwee/pkg/lock/stripe.go:44.40,46.2 1 0
github.com/mrchypark/daramjwee/pkg/lock/stripe.go:49.42,51.2 1 0
github.com/mrchypark/daramjwee/pkg/store/adapter/objstore.go:148.84,153.2 1 1
github.com/mrchypark/daramjwee/pkg/store/adapter/objstore.go:205.114,207.16 2 4
github.com/mrchypark/daramjwee/pkg/store/adapter/objstore.go:207.16,209.3 1 1
github.com/mrchypark/daramjwee/pkg/store/adapter/objstore.go:211.2,213.16 3 3
github.com/mrchypark/daramjwee/pkg/store/adapter/objstore.go:213.16,216.3 2 0
github.com/mrchypark/daramjwee/pkg/store/adapter/objstore.go:218.2,218.21 1 3
github.com/mrchypark/daramjwee/pkg/store/adapter/objstore.go:278.128,291.12 4 7
github.com/mrchypark/daramjwee/pkg/store/adapter/objstore.go:291.12,295.3 3 7
github.com/mrchypark/daramjwee/pkg/store/adapter/objstore.go:297.2,297.20 1 7
github.com/mrchypark/daramjwee/pkg/store/adapter/objstore.go:340.73,347.20 4 1
github.com/mrchypark/daramjwee/pkg/store/adapter/objstore.go:347.20,348.57 1 1
github.com/mrchypark/daramjwee/pkg/store/adapter/objstore.go:348.57,351.4 2 0
github.com/mrchypark/daramjwee/pkg/store/adapter/objstore.go:352.3,352.13 1 1
github.com/mrchypark/daramjwee/pkg/store/adapter/objstore.go:356.2,356.20 1 1
github.com/mrchypark/daramjwee/pkg/store/adapter/objstore.go:356.20,357.57 1 1
github.com/mrchypark/daramjwee/pkg/store/adapter/objstore.go:357.57,360.4 2 0
github.com/mrchypark/daramjwee/pkg/store/adapter/objstore.go:361.3,361.13 1 1
github.com/mrchypark/daramjwee/pkg/store/adapter/objstore.go:364.2,364.17 1 1
github.com/mrchypark/daramjwee/pkg/store/adapter/objstore.go:425.94,429.16 3 9
github.com/mrchypark/daramjwee/pkg/store/adapter/objstore.go:429.16,430.37 1 3
github.com/mrchypark/daramjwee/pkg/store/adapter/objstore.go:430.37,432.4 1 3
github.com/mrchypark/daramjwee/pkg/store/adapter/objstore.go:433.3,433.85 1 0
github.com/mrchypark/daramjwee/pkg/store/adapter/objstore.go:435.2,435.15 1 6
github.com/mrchypark/daramjwee/pkg/store/adapter/objstore.go:435.15,436.35 1 6
github.com/mrchypark/daramjwee/pkg/store/adapter/objstore.go:436.35,438.4 1 0
github.com/mrchypark/daramjwee/pkg/store/adapter/objstore.go:441.2,442.16 2 6
github.com/mrchypark/daramjwee/pkg/store/adapter/objstore.go:442.16,444.3 1 0
github.com/mrchypark/daramjwee/pkg/store/adapter/objstore.go:446.2,447.61 2 6
github.com/mrchypark/daramjwee/pkg/store/adapter/objstore.go:447.61,449.3 1 0
github.com/mrchypark/daramjwee/pkg/store/adapter/objstore.go:451.2,451.23 1 6
github.com/mrchypark/daramjwee/pkg/store/adapter/objstore.go:455.57,457.2 1 11
github.com/mrchypark/daramjwee/pkg/store/adapter/objstore.go:460.57,462.2 1 15
github.com/mrchypark/daramjwee/pkg/store/adapter/objstore.go:476.70,478.2 1 5
github.com/mrchypark/daramjwee/pkg/store/adapter/objstore.go:482.49,485.37 1 7
github.com/mrchypark/daramjwee/pkg/store/adapter/objstore.go:485.37,487.3 1 0
github.com/mrchypark/daramjwee/pkg/store/adapter/objstore.go:490.2,493.24 2 7
github.com/mrchypark/daramjwee/pkg/store/adapter/objstore.go:493.24,496.3 2 2
github.com/mrchypark/daramjwee/pkg/store/adapter/objstore.go:499.2,501.16 3 5
github.com/mrchypark/daramjwee/pkg/store/adapter/objstore.go:501.16,504.3 2 0
github.com/mrchypark/daramjwee/pkg/store/adapter/objstore.go:506.2,507.16 2 5
github.com/mrchypark/daramjwee/pkg/store/adapter/objstore.go:507.16,510.3 2 0
github.com/mrchypark/daramjwee/pkg/store/adapter/objstore.go:512.2,513.12 2 5
github.com/mrchypark/daramjwee/pkg/store/filestore/storage.go:129.35,130.29 1 2
github.com/mrchypark/daramjwee/pkg/store/filestore/storage.go:130.29,132.3 1 2
github.com/mrchypark/daramjwee/pkg/store/filestore/storage.go:157.49,158.29 1 0
github.com/mrchypark/daramjwee/pkg/store/filestore/storage.go:158.29,160.3 1 0
github.com/mrchypark/daramjwee/pkg/store/filestore/storage.go:214.59,215.29 1 5
github.com/mrchypark/daramjwee/pkg/store/filestore/storage.go:215.29,219.3 3 5
github.com/mrchypark/daramjwee/pkg/store/filestore/storage.go:285.126,286.47 1 19
github.com/mrchypark/daramjwee/pkg/store/filestore/storage.go:286.47,288.3 1 0
github.com/mrchypark/daramjwee/pkg/store/filestore/storage.go:289.2,289.19 1 19
github.com/mrchypark/daramjwee/pkg/store/filestore/storage.go:289.19,291.3 1 16
github.com/mrchypark/daramjwee/pkg/store/filestore/storage.go:292.2,302.27 2 19
github.com/mrchypark/daramjwee/pkg/store/filestore/storage.go:302.27,304.3 1 7
github.com/mrchypark/daramjwee/pkg/store/filestore/storage.go:307.2,307.16 1 19
github.com/mrchypark/daramjwee/pkg/store/filestore/storage.go:307.16,308.22 1 5
github.com/mrchypark/daramjwee/pkg/store/filestore/storage.go:308.22,310.4 1 1
github.com/mrchypark/daramjwee/pkg/store/filestore/storage.go:311.3,311.30 1 4
github.com/mrchypark/daramjwee/pkg/store/filestore/storage.go:311.30,313.4 1 1
github.com/mrchypark/daramjwee/pkg/store/filestore/storage.go:315.3,315.53 1 3
github.com/mrchypark/daramjwee/pkg/store/filestore/storage.go:315.53,317.4 1 1
github.com/mrchypark/daramjwee/pkg/store/filestore/storage.go:320.2,320.16 1 16
github.com/mrchypark/daramjwee/pkg/store/filestore/storage.go:369.109,374.16 4 43
github.com/mrchypark/daramjwee/pkg/store/filestore/storage.go:374.16,376.25 2 32
github.com/mrchypark/daramjwee/pkg/store/filestore/storage.go:376.25,378.4 1 32
github.com/mrchypark/daramjwee/pkg/store/filestore/storage.go:379.3,379.23 1 0
github.com/mrchypark/daramjwee/pkg/store/filestore/storage.go:382.2,383.16 2 11
github.com/mrchypark/daramjwee/pkg/store/filestore/storage.go:383.16,387.3 3 1
github.com/mrchypark/daramjwee/pkg/store/filestore/storage.go:389.2,389.63 1 10
github.com/mrchypark/daramjwee/pkg/store/filestore/storage.go:389.63,393.3 3 0
github.com/mrchypark/daramjwee/pkg/store/filestore/storage.go:395.2,397.42 2 10
github.com/mrchypark/daramjwee/pkg/store/filestore/storage.go:397.42,397.69 1 7
github.com/mrchypark/daramjwee/pkg/store/filestore/storage.go:447.123,453.16 4 49
github.com/mrchypark/daramjwee/pkg/store/filestore/storage.go:453.16,456.3 2 0
github.com/mrchypark/daramjwee/pkg/store/filestore/storage.go:459.2,459.57 1 49
github.com/mrchypark/daramjwee/pkg/store/filestore/storage.go:459.57,464.3 4 0
github.com/mrchypark/daramjwee/pkg/store/filestore/storage.go:466.2,466.32 1 49
github.com/mrchypark/daramjwee/pkg/store/filestore/storage.go:466.32,470.16 3 49
github.com/mrchypark/daramjwee/pkg/store/filestore/storage.go:470.16,471.93 1 49
github.com/mrchypark/daramjwee/pkg/store/filestore/storage.go:471.93,473.19 2 0
github.com/mrchypark/daramjwee/pkg/store/filestore/storage.go:473.19,475.6 1 0
github.com/mrchypark/daramjwee/pkg/store/filestore/storage.go:480.3,481.48 2 49
github.com/mrchypark/daramjwee/pkg/store/filestore/storage.go:481.48,483.4 1 0
github.com/mrchypark/daramjwee/pkg/store/filestore/storage.go:486.3,488.21 3 49
github.com/mrchypark/daramjwee/pkg/store/filestore/storage.go:488.21,491.4 2 13
github.com/mrchypark/daramjwee/pkg/store/filestore/storage.go:491.9,491.36 1 36
github.com/mrchypark/daramjwee/pkg/store/filestore/storage.go:491.36,493.4 1 36
github.com/mrchypark/daramjwee/pkg/store/filestore/storage.go:493.9,495.4 1 0
github.com/mrchypark/daramjwee/pkg/store/filestore/storage.go:497.3,497.28 1 49
github.com/mrchypark/daramjwee/pkg/store/filestore/storage.go:497.28,499.62 1 2
github.com/mrchypark/daramjwee/pkg/store/filestore/storage.go:499.62,501.5 1 1
github.com/mrchypark/daramjwee/pkg/store/filestore/storage.go:502.9,504.63 1 47
github.com/mrchypark/daramjwee/pkg/store/filestore/storage.go:504.63,506.5 1 1
github.com/mrchypark/daramjwee/pkg/store/filestore/storage.go:509.3,510.17 2 47
github.com/mrchypark/daramjwee/pkg/store/filestore/storage.go:510.17,512.4 1 0
github.com/mrchypark/daramjwee/pkg/store/filestore/storage.go:513.3,534.22 8 47
github.com/mrchypark/daramjwee/pkg/store/filestore/storage.go:534.22,535.37 1 38
github.com/mrchypark/daramjwee/pkg/store/filestore/storage.go:535.37,537.30 2 1
github.com/mrchypark/daramjwee/pkg/store/filestore/storage.go:537.30,538.11 1 0
github.com/mrchypark/daramjwee/pkg/store/filestore/storage.go:541.5,542.44 2 1
github.com/mrchypark/daramjwee/pkg/store/filestore/storage.go:542.44,545.20 3 1
github.com/mrchypark/daramjwee/pkg/store/filestore/storage.go:545.20,549.15 3 0
github.com/mrchypark/daramjwee/pkg/store/filestore/storage.go:551.6,555.51 3 1
github.com/mrchypark/daramjwee/pkg/store/filestore/storage.go:555.51,559.7 3 1
github.com/mrchypark/daramjwee/pkg/store/filestore/storage.go:559.12,561.7 1 0
github.com/mrchypark/daramjwee/pkg/store/filestore/storage.go:562.6,562.115 1 1
github.com/mrchypark/daramjwee/pkg/store/filestore/storage.go:565.5,565.25 1 1
github.com/mrchypark/daramjwee/pkg/store/filestore/storage.go:565.25,568.11 1 0
github.com/mrchypark/daramjwee/pkg/store/filestore/storage.go:572.3,574.13 2 47
github.com/mrchypark/daramjwee/pkg/store/filestore/storage.go:577.2,577.52 1 49
github.com/mrchypark/daramjwee/pkg/store/filestore/storage.go:615.68,624.16 5 38
github.com/mrchypark/daramjwee/pkg/store/filestore/storage.go:624.16,641.3 7 19
github.com/mrchypark/daramjwee/pkg/store/filestore/storage.go:641.8,641.31 1 19
github.com/mrchypark/daramjwee/pkg/store/filestore/storage.go:641.31,643.3 1 19
github.com/mrchypark/daramjwee/pkg/store/filestore/storage.go:643.8,645.3 1 0
github.com/mrchypark/daramjwee/pkg/store/filestore/storage.go:647.2,648.39 2 38
github.com/mrchypark/daramjwee/pkg/store/filestore/storage.go:648.39,650.3 1 0
github.com/mrchypark/daramjwee/pkg/store/filestore/storage.go:651.2,651.12 1 38
github.com/mrchypark/daramjwee/pkg/store/filestore/storage.go:708.89,714.16 5 2
github.com/mrchypark/daramjwee/pkg/store/filestore/storage.go:714.16,715.25 1 1
github.com/mrchypark/daramjwee/pkg/store/filestore/storage.go:715.25,717.4 1 1
github.com/mrchypark/daramjwee/pkg/store/filestore/storage.go:718.3,718.18 1 0
github.com/mrchypark/daramjwee/pkg/store/filestore/storage.go:720.2,724.18 4 1
github.com/mrchypark/daramjwee/pkg/store/filestore/storage.go:729.52,730.17 1 143
github.com/mrchypark/daramjwee/pkg/store/filestore/storage.go:730.17,736.3 3 138
github.com/mrchypark/daramjwee/pkg/store/filestore/storage.go:739.2,747.35 6 5
github.com/mrchypark/daramjwee/pkg/store/filestore/storage.go:747.35,750.27 3 10
github.com/mrchypark/daramjwee/pkg/store/filestore/storage.go:750.27,753.31 1 0
github.com/mrchypark/daramjwee/pkg/store/filestore/storage.go:753.31,754.10 1 0
github.com/mrchypark/daramjwee/pkg/store/filestore/storage.go:756.4,756.24 1 0
github.com/mrchypark/daramjwee/pkg/store/filestore/storage.go:758.3,758.54 1 10
github.com/mrchypark/daramjwee/pkg/store/filestore/storage.go:760.2,762.36 2 5
github.com/mrchypark/daramjwee/pkg/store/filestore/storage.go:766.65,768.16 2 49
github.com/mrchypark/daramjwee/pkg/store/filestore/storage.go:768.16,770.3 1 0
github.com/mrchypark/daramjwee/pkg/store/filestore/storage.go:772.2,775.43 3 49
github.com/mrchypark/daramjwee/pkg/store/filestore/storage.go:775.43,777.3 1 0
github.com/mrchypark/daramjwee/pkg/store/filestore/storage.go:778.2,778.46 1 49
github.com/mrchypark/daramjwee/pkg/store/filestore/storage.go:778.46,780.3 1 0
github.com/mrchypark/daramjwee/pkg/store/filestore/storage.go:781.2,781.12 1 49
github.com/mrchypark/daramjwee/pkg/store/filestore/storage.go:787.68,789.50 2 12
github.com/mrchypark/daramjwee/pkg/store/filestore/storage.go:789.50,790.50 1 0
github.com/mrchypark/daramjwee/pkg/store/filestore/storage.go:790.50,792.4 1 0
github.com/mrchypark/daramjwee/pkg/store/filestore/storage.go:793.3,793.71 1 0
github.com/mrchypark/daramjwee/pkg/store/filestore/storage.go:796.2,798.28 2 12
github.com/mrchypark/daramjwee/pkg/store/filestore/storage.go:798.28,800.3 1 0
github.com/mrchypark/daramjwee/pkg/store/filestore/storage.go:802.2,803.53 2 12
github.com/mrchypark/daramjwee/pkg/store/filestore/storage.go:803.53,805.3 1 1
github.com/mrchypark/daramjwee/pkg/store/filestore/storage.go:807.2,808.57 2 11
github.com/mrchypark/daramjwee/pkg/store/filestore/storage.go:808.57,810.3 1 0
github.com/mrchypark/daramjwee/pkg/store/filestore/storage.go:812.2,813.31 2 11
github.com/mrchypark/daramjwee/pkg/store/filestore/storage.go:817.44,819.16 2 2
github.com/mrchypark/daramjwee/pkg/store/filestore/storage.go:819.16,821.3 1 0
github.com/mrchypark/daramjwee/pkg/store/filestore/storage.go:822.2,822.15 1 2
github.com/mrchypark/daramjwee/pkg/store/filestore/storage.go:822.15,823.41 1 2
github.com/mrchypark/daramjwee/pkg/store/filestore/storage.go:823.41,825.4 1 1
github.com/mrchypark/daramjwee/pkg/store/filestore/storage.go:828.2,829.16 2 2
github.com/mrchypark/daramjwee/pkg/store/filestore/storage.go:829.16,831.3 1 1
github.com/mrchypark/daramjwee/pkg/store/filestore/storage.go:832.2,832.15 1 1
github.com/mrchypark/daramjwee/pkg/store/filestore/storage.go:832.15,833.42 1 1
github.com/mrchypark/daramjwee/pkg/store/filestore/storage.go:833.42,835.4 1 1
github.com/mrchypark/daramjwee/pkg/store/filestore/storage.go:838.2,839.12 2 1
github.com/mrchypark/daramjwee/pkg/store/filestore/storage.go:849.71,851.2 1 10
github.com/mrchypark/daramjwee/pkg/store/filestore/storage.go:854.44,857.2 2 7
github.com/mrchypark/daramjwee/pkg/store/filestore/storage.go:866.76,868.2 1 49
github.com/mrchypark/daramjwee/pkg/store/filestore/storage.go:872.45,877.23 3 49
github.com/mrchypark/daramjwee/pkg/store/filestore/storage.go:877.23,879.3 1 2
github.com/mrchypark/daramjwee/pkg/store/filestore/storage.go:880.2,880.17 1 47
github.com/mrchypark/daramjwee/pkg/store/memstore/memory.go:15.27,19.4 1 2530
github.com/mrchypark/daramjwee/pkg/store/memstore/memory.go:22.27,24.4 1 0
github.com/mrchypark/daramjwee/pkg/store/memstore/memory.go:136.49,137.28 1 0
github.com/mrchypark/daramjwee/pkg/store/memstore/memory.go:137.28,139.3 1 0
github.com/mrchypark/daramjwee/pkg/store/memstore/memory.go:203.85,204.19 1 14
github.com/mrchypark/daramjwee/pkg/store/memstore/memory.go:204.19,206.3 1 7
github.com/mrchypark/daramjwee/pkg/store/memstore/memory.go:207.2,213.27 2 14
github.com/mrchypark/daramjwee/pkg/store/memstore/memory.go:213.27,215.3 1 0
github.com/mrchypark/daramjwee/pkg/store/memstore/memory.go:216.2,216.11 1 14
github.com/mrchypark/daramjwee/pkg/store/memstore/memory.go:258.108,263.9 4 115
github.com/mrchypark/daramjwee/pkg/store/memstore/memory.go:263.9,265.3 1 4
github.com/mrchypark/daramjwee/pkg/store/memstore/memory.go:268.2,273.36 4 111
github.com/mrchypark/daramjwee/pkg/store/memstore/memory.go:323.122,329.2 5 10121
github.com/mrchypark/daramjwee/pkg/store/memstore/memory.go:366.67,370.31 3 4
github.com/mrchypark/daramjwee/pkg/store/memstore/memory.go:370.31,377.3 4 3
github.com/mrchypark/daramjwee/pkg/store/memstore/memory.go:379.2,379.12 1 4
github.com/mrchypark/daramjwee/pkg/store/memstore/memory.go:435.88,440.9 4 5
github.com/mrchypark/daramjwee/pkg/store/memstore/memory.go:440.9,442.3 1 1
github.com/mrchypark/daramjwee/pkg/store/memstore/memory.go:445.2,447.24 2 4
github.com/mrchypark/daramjwee/pkg/store/memstore/memory.go:459.61,461.2 1 10118
github.com/mrchypark/daramjwee/pkg/store/memstore/memory.go:465.40,475.42 6 10121
github.com/mrchypark/daramjwee/pkg/store/memstore/memory.go:475.42,477.3 1 101
github.com/mrchypark/daramjwee/pkg/store/memstore/memory.go:479.2,490.23 5 10121
github.com/mrchypark/daramjwee/pkg/store/memstore/memory.go:490.23,491.40 1 10018
github.com/mrchypark/daramjwee/pkg/store/memstore/memory.go:491.40,493.29 2 9820
github.com/mrchypark/daramjwee/pkg/store/memstore/memory.go:493.29,495.10 1 0
github.com/mrchypark/daramjwee/pkg/store/memstore/memory.go:498.4,499.43 2 9820
github.com/mrchypark/daramjwee/pkg/store/memstore/memory.go:499.43,500.54 1 9821
github.com/mrchypark/daramjwee/pkg/store/memstore/memory.go:500.54,504.6 3 9819
github.com/mrchypark/daramjwee/pkg/store/memstore/memory.go:507.4,507.24 1 9820
github.com/mrchypark/daramjwee/pkg/store/memstore/memory.go:507.24,509.10 1 1
github.com/mrchypark/daramjwee/pkg/store/memstore/memory.go:515.2,521.12 6 10121
github.com/mrchypark/daramjwee/adaptive_buffer_pool.go:92.109,94.50 1 38
github.com/mrchypark/daramjwee/adaptive_buffer_pool.go:94.50,96.3 1 0
github.com/mrchypark/daramjwee/adaptive_buffer_pool.go:99.2,99.38 1 38
github.com/mrchypark/daramjwee/adaptive_buffer_pool.go:99.38,101.3 1 0
github.com/mrchypark/daramjwee/adaptive_buffer_pool.go:102.2,102.42 1 38
github.com/mrchypark/daramjwee/adaptive_buffer_pool.go:102.42,104.3 1 0
github.com/mrchypark/daramjwee/adaptive_buffer_pool.go:105.2,105.27 1 38
github.com/mrchypark/daramjwee/adaptive_buffer_pool.go:105.27,107.3 1 0
github.com/mrchypark/daramjwee/adaptive_buffer_pool.go:108.2,108.39 1 38
github.com/mrchypark/daramjwee/adaptive_buffer_pool.go:108.39,110.3 1 0
github.com/mrchypark/daramjwee/adaptive_buffer_pool.go:112.2,130.38 3 38
github.com/mrchypark/daramjwee/adaptive_buffer_pool.go:130.38,133.3 2 152
github.com/mrchypark/daramjwee/adaptive_buffer_pool.go:136.2,148.27 9 38
github.com/mrchypark/daramjwee/adaptive_buffer_pool.go:148.27,150.4 1 1089
github.com/mrchypark/daramjwee/adaptive_buffer_pool.go:154.2,175.17 4 38
github.com/mrchypark/daramjwee/adaptive_buffer_pool.go:179.80,181.28 1 7977
github.com/mrchypark/daramjwee/adaptive_buffer_pool.go:181.28,183.46 1 0
github.com/mrchypark/daramjwee/adaptive_buffer_pool.go:183.46,185.4 1 0
github.com/mrchypark/daramjwee/adaptive_buffer_pool.go:189.2,189.47 1 7977
github.com/mrchypark/daramjwee/adaptive_buffer_pool.go:189.47,190.23 1 22928
github.com/mrchypark/daramjwee/adaptive_buffer_pool.go:190.23,192.4 1 5219
github.com/mrchypark/daramjwee/adaptive_buffer_pool.go:196.2,196.23 1 2758
github.com/mrchypark/daramjwee/adaptive_buffer_pool.go:200.66,201.20 1 15954
github.com/mrchypark/daramjwee/adaptive_buffer_pool.go:201.20,203.3 1 2
github.com/mrchypark/daramjwee/adaptive_buffer_pool.go:203.8,203.51 1 15952
github.com/mrchypark/daramjwee/adaptive_buffer_pool.go:203.51,205.3 1 2002
github.com/mrchypark/daramjwee/adaptive_buffer_pool.go:205.8,205.55 1 13950
github.com/mrchypark/daramjwee/adaptive_buffer_pool.go:205.55,207.3 1 8434
github.com/mrchypark/daramjwee/adaptive_buffer_pool.go:208.2,208.21 1 5516
github.com/mrchypark/daramjwee/adaptive_buffer_pool.go:212.57,214.15 2 7977
github.com/mrchypark/daramjwee/adaptive_buffer_pool.go:214.15,217.3 2 7977
github.com/mrchypark/daramjwee/adaptive_buffer_pool.go:219.2,225.25 4 7977
github.com/mrchypark/daramjwee/adaptive_buffer_pool.go:225.25,228.3 2 0
github.com/mrchypark/daramjwee/adaptive_buffer_pool.go:230.2,240.18 4 7977
github.com/mrchypark/daramjwee/adaptive_buffer_pool.go:241.22,242.31 1 1002
github.com/mrchypark/daramjwee/adaptive_buffer_pool.go:243.23,245.24 1 4217
github.com/mrchypark/daramjwee/adaptive_buffer_pool.go:246.22,248.28 2 2758
github.com/mrchypark/daramjwee/adaptive_buffer_pool.go:249.10,251.28 2 0
github.com/mrchypark/daramjwee/adaptive_buffer_pool.go:256.65,257.20 1 1002
github.com/mrchypark/daramjwee/adaptive_buffer_pool.go:257.20,260.3 2 1
github.com/mrchypark/daramjwee/adaptive_buffer_pool.go:260.8,260.51 1 1001
github.com/mrchypark/daramjwee/adaptive_buffer_pool.go:260.51,263.3 2 1001
github.com/mrchypark/daramjwee/adaptive_buffer_pool.go:266.2,267.27 2 0
github.com/mrchypark/daramjwee/adaptive_buffer_pool.go:271.54,275.2 3 4266
github.com/mrchypark/daramjwee/adaptive_buffer_pool.go:278.52,282.39 3 7977
github.com/mrchypark/daramjwee/adaptive_buffer_pool.go:282.39,284.3 1 0
github.com/mrchypark/daramjwee/adaptive_buffer_pool.go:286.2,289.37 2 7977
github.com/mrchypark/daramjwee/adaptive_buffer_pool.go:289.37,292.3 1 4217
github.com/mrchypark/daramjwee/adaptive_buffer_pool.go:292.8,292.30 1 3760
github.com/mrchypark/daramjwee/adaptive_buffer_pool.go:292.30,294.3 1 1
github.com/mrchypark/daramjwee/adaptive_buffer_pool.go:294.8,294.54 1 3759
github.com/mrchypark/daramjwee/adaptive_buffer_pool.go:294.54,296.3 1 1
github.com/mrchypark/daramjwee/adaptive_buffer_pool.go:301.57,305.2 2 4266
github.com/mrchypark/daramjwee/adaptive_buffer_pool.go:308.72,309.20 1 7977
github.com/mrchypark/daramjwee/adaptive_buffer_pool.go:309.20,311.3 1 1
github.com/mrchypark/daramjwee/adaptive_buffer_pool.go:311.8,311.51 1 7976
github.com/mrchypark/daramjwee/adaptive_buffer_pool.go:311.51,313.3 1 1001
github.com/mrchypark/daramjwee/adaptive_buffer_pool.go:313.8,313.55 1 6975
github.com/mrchypark/daramjwee/adaptive_buffer_pool.go:313.55,315.3 1 4217
github.com/mrchypark/daramjwee/adaptive_buffer_pool.go:315.8,317.3 1 2758
github.com/mrchypark/daramjwee/adaptive_buffer_pool.go:321.87,322.18 1 7977
github.com/mrchypark/daramjwee/adaptive_buffer_pool.go:323.22,324.52 1 1002
github.com/mrchypark/daramjwee/adaptive_buffer_pool.go:325.23,326.53 1 4217
github.com/mrchypark/daramjwee/adaptive_buffer_pool.go:327.22,328.52 1 2758
github.com/mrchypark/daramjwee/adaptive_buffer_pool.go:333.81,339.22 4 7977
github.com/mrchypark/daramjwee/adaptive_buffer_pool.go:339.22,341.3 1 6321
github.com/mrchypark/daramjwee/adaptive_buffer_pool.go:342.2,346.19 3 7977
github.com/mrchypark/daramjwee/adaptive_buffer_pool.go:346.19,348.26 2 7977
github.com/mrchypark/daramjwee/adaptive_buffer_pool.go:348.26,350.4 1 708181
github.com/mrchypark/daramjwee/adaptive_buffer_pool.go:351.3,352.65 2 7977
github.com/mrchypark/daramjwee/adaptive_buffer_pool.go:357.60,360.2 2 7977
github.com/mrchypark/daramjwee/adaptive_buffer_pool.go:363.92,364.25 1 49
github.com/mrchypark/daramjwee/adaptive_buffer_pool.go:364.25,366.3 1 0
github.com/mrchypark/daramjwee/adaptive_buffer_pool.go:370.2,372.18 2 49
github.com/mrchypark/daramjwee/adaptive_buffer_pool.go:373.23,374.41 1 49
github.com/mrchypark/daramjwee/adaptive_buffer_pool.go:375.22,376.40 1 0
github.com/mrchypark/daramjwee/adaptive_buffer_pool.go:377.10,378.27 1 0
github.com/mrchypark/daramjwee/adaptive_buffer_pool.go:383.99,388.2 3 49
github.com/mrchypark/daramjwee/adaptive_buffer_pool.go:391.98,396.2 3 0
github.com/mrchypark/daramjwee/adaptive_buffer_pool.go:399.82,400.25 1 9
github.com/mrchypark/daramjwee/adaptive_buffer_pool.go:400.25,402.3 1 0
github.com/mrchypark/daramjwee/adaptive_buffer_pool.go:404.2,408.3 1 9
github.com/mrchypark/daramjwee/adaptive_buffer_pool.go:419.67,421.11 2 215
github.com/mrchypark/daramjwee/adaptive_buffer_pool.go:421.11,423.55 1 206
github.com/mrchypark/daramjwee/adaptive_buffer_pool.go:423.55,425.4 1 0
github.com/mrchypark/daramjwee/adaptive_buffer_pool.go:427.2,427.15 1 215
github.com/mrchypark/daramjwee/adaptive_buffer_pool.go:445.108,454.2 1 0
github.com/mrchypark/daramjwee/adaptive_buffer_pool.go:457.68,459.11 2 0
github.com/mrchypark/daramjwee/adaptive_buffer_pool.go:459.11,464.62 3 0
github.com/mrchypark/daramjwee/adaptive_buffer_pool.go:464.62,466.4 1 0
github.com/mrchypark/daramjwee/adaptive_buffer_pool.go:468.2,468.15 1 0
github.com/mrchypark/daramjwee/adaptive_buffer_pool.go:472.109,474.45 1 0
github.com/mrchypark/daramjwee/adaptive_buffer_pool.go:474.45,475.10 1 0
github.com/mrchypark/daramjwee/adaptive_buffer_pool.go:476.41,477.17 1 0
github.com/mrchypark/daramjwee/adaptive_buffer_pool.go:477.17,477.41 1 0
github.com/mrchypark/daramjwee/adaptive_buffer_pool.go:478.11,484.28 2 0
github.com/mrchypark/daramjwee/adaptive_buffer_pool.go:489.2,493.39 3 0
github.com/mrchypark/daramjwee/adaptive_buffer_pool.go:493.39,496.3 2 0
github.com/mrchypark/daramjwee/adaptive_buffer_pool.go:496.8,498.3 1 0
github.com/mrchypark/daramjwee/adaptive_buffer_pool.go:501.2,518.20 7 0
github.com/mrchypark/daramjwee/adaptive_buffer_pool.go:522.76,524.20 1 0
github.com/mrchypark/daramjwee/adaptive_buffer_pool.go:524.20,526.3 1 0
github.com/mrchypark/daramjwee/adaptive_buffer_pool.go:529.2,529.44 1 0
github.com/mrchypark/daramjwee/adaptive_buffer_pool.go:529.44,531.3 1 0
github.com/mrchypark/daramjwee/adaptive_buffer_pool.go:534.2,534.48 1 0
github.com/mrchypark/daramjwee/adaptive_buffer_pool.go:534.48,536.3 1 0
github.com/mrchypark/daramjwee/adaptive_buffer_pool.go:539.2,539.33 1 0
github.com/mrchypark/daramjwee/adaptive_buffer_pool.go:543.63,549.65 3 10
github.com/mrchypark/daramjwee/adaptive_buffer_pool.go:549.65,551.3 1 40
github.com/mrchypark/daramjwee/adaptive_buffer_pool.go:553.2,575.3 1 10
github.com/mrchypark/daramjwee/adaptive_buffer_pool.go:579.72,585.19 3 10
github.com/mrchypark/daramjwee/adaptive_buffer_pool.go:585.19,587.3 1 0
github.com/mrchypark/daramjwee/adaptive_buffer_pool.go:590.2,591.19 2 10
github.com/mrchypark/daramjwee/adaptive_buffer_pool.go:591.19,593.3 1 1
github.com/mrchypark/daramjwee/adaptive_buffer_pool.go:594.2,594.16 1 10
github.com/mrchypark/daramjwee/adaptive_buffer_pool.go:598.44,602.60 2 29
github.com/mrchypark/daramjwee/adaptive_buffer_pool.go:602.60,604.3 1 29
github.com/mrchypark/daramjwee/adaptive_buffer_pool.go:605.2,605.61 1 29
github.com/mrchypark/daramjwee/adaptive_buffer_pool.go:605.61,607.3 1 29
github.com/mrchypark/daramjwee/adaptive_buffer_pool.go:609.2,609.77 1 29
github.com/mrchypark/daramjwee/adaptive_buffer_pool.go:613.58,615.42 1 38
github.com/mrchypark/daramjwee/adaptive_buffer_pool.go:615.42,617.3 1 0
github.com/mrchypark/daramjwee/adaptive_buffer_pool.go:620.2,620.92 1 38
github.com/mrchypark/daramjwee/adaptive_buffer_pool.go:620.92,622.3 1 0
github.com/mrchypark/daramjwee/adaptive_buffer_pool.go:624.2,624.107 1 38
github.com/mrchypark/daramjwee/adaptive_buffer_pool.go:624.107,626.3 1 0
github.com/mrchypark/daramjwee/adaptive_buffer_pool.go:628.2,628.51 1 38
github.com/mrchypark/daramjwee/adaptive_buffer_pool.go:628.51,630.3 1 0
github.com/mrchypark/daramjwee/adaptive_buffer_pool.go:632.2,632.75 1 38
github.com/mrchypark/daramjwee/adaptive_buffer_pool.go:632.75,634.3 1 0
github.com/mrchypark/daramjwee/adaptive_buffer_pool.go:636.2,636.12 1 38
github.com/mrchypark/daramjwee/buffer_pool.go:39.100,40.35 1 258
github.com/mrchypark/daramjwee/buffer_pool.go:40.35,42.3 1 1
github.com/mrchypark/daramjwee/buffer_pool.go:43.2,43.31 1 258
github.com/mrchypark/daramjwee/buffer_pool.go:43.31,45.3 1 1
github.com/mrchypark/daramjwee/buffer_pool.go:46.2,46.31 1 258
github.com/mrchypark/daramjwee/buffer_pool.go:46.31,48.3 1 1
github.com/mrchypark/daramjwee/buffer_pool.go:50.2,58.56 2 258
github.com/mrchypark/daramjwee/buffer_pool.go:58.56,60.3 1 9
github.com/mrchypark/daramjwee/buffer_pool.go:63.2,73.35 2 258
github.com/mrchypark/daramjwee/buffer_pool.go:73.35,74.67 1 1806
github.com/mrchypark/daramjwee/buffer_pool.go:74.67,76.4 1 1085
github.com/mrchypark/daramjwee/buffer_pool.go:79.2,79.11 1 258
github.com/mrchypark/daramjwee/buffer_pool.go:83.51,87.24 3 472422
github.com/mrchypark/daramjwee/buffer_pool.go:87.24,90.3 2 6
github.com/mrchypark/daramjwee/buffer_pool.go:93.2,104.49 7 472416
github.com/mrchypark/daramjwee/buffer_pool.go:104.49,107.3 2 409877
github.com/mrchypark/daramjwee/buffer_pool.go:107.8,109.3 1 62539
github.com/mrchypark/daramjwee/buffer_pool.go:112.2,112.19 1 472416
github.com/mrchypark/daramjwee/buffer_pool.go:116.46,120.38 3 416558
github.com/mrchypark/daramjwee/buffer_pool.go:120.38,122.3 1 7
github.com/mrchypark/daramjwee/buffer_pool.go:124.2,127.76 2 416551
github.com/mrchypark/daramjwee/buffer_pool.go:127.76,129.3 1 3924
github.com/mrchypark/daramjwee/buffer_pool.go:132.2,137.13 5 412627
github.com/mrchypark/daramjwee/buffer_pool.go:137.13,140.3 1 0
github.com/mrchypark/daramjwee/buffer_pool.go:143.2,147.16 3 412627
github.com/mrchypark/daramjwee/buffer_pool.go:147.16,149.3 1 412627
github.com/mrchypark/daramjwee/buffer_pool.go:154.59,168.41 2 472416
github.com/mrchypark/daramjwee/buffer_pool.go:168.41,169.107 1 1450617
github.com/mrchypark/daramjwee/buffer_pool.go:169.107,171.4 1 413739
github.com/mrchypark/daramjwee/buffer_pool.go:175.2,175.41 1 58677
[...]
github.com/mrchypark/daramjwee/daramjwee.go:7947.2,7947.56 1 0
github.com/mrchypark/daramjwee/daramjwee.go:7951.67,7955.2 3 0
github.com/mrchypark/daramjwee/daramjwee.go:7958.54,7962.12 3 0
github.com/mrchypark/daramjwee/daramjwee.go:7962.12,7968.7 3 0
github.com/mrchypark/daramjwee/daramjwee.go:7968.7,7969.11 1 0
github.com/mrchypark/daramjwee/daramjwee.go:7970.36,7971.11 1 0
github.com/mrchypark/daramjwee/daramjwee.go:7972.34,7973.30 1 0
github.com/mrchypark/daramjwee/daramjwee.go:7980.58,7990.61 5 0
github.com/mrchypark/daramjwee/daramjwee.go:7990.61,7992.3 1 0
github.com/mrchypark/daramjwee/daramjwee.go:7995.2,8002.58 5 0
github.com/mrchypark/daramjwee/daramjwee.go:8002.58,8004.3 1 0
github.com/mrchypark/daramjwee/daramjwee.go:8007.2,8007.33 1 0
github.com/mrchypark/daramjwee/daramjwee.go:8007.33,8009.3 1 0
github.com/mrchypark/daramjwee/daramjwee.go:8012.2,8012.45 1 0
github.com/mrchypark/daramjwee/daramjwee.go:8012.45,8016.60 2 0
github.com/mrchypark/daramjwee/daramjwee.go:8016.60,8024.4 1 0
github.com/mrchypark/daramjwee/daramjwee.go:8027.3,8027.40 1 0
github.com/mrchypark/daramjwee/daramjwee.go:8027.40,8029.4 1 0
github.com/mrchypark/daramjwee/daramjwee.go:8032.3,8032.91 1 0
github.com/mrchypark/daramjwee/daramjwee.go:8032.91,8034.4 1 0
github.com/mrchypark/daramjwee/daramjwee.go:8038.2,8038.25 1 0
github.com/mrchypark/daramjwee/daramjwee.go:8042.79,8062.17 9 0
github.com/mrchypark/daramjwee/daramjwee.go:8062.17,8064.3 1 0
github.com/mrchypark/daramjwee/daramjwee.go:8066.2,8074.3 1 0
github.com/mrchypark/daramjwee/daramjwee.go:8078.101,8079.9 1 0
github.com/mrchypark/daramjwee/daramjwee.go:8080.28,8081.32 1 0
github.com/mrchypark/daramjwee/daramjwee.go:8082.49,8083.28 1 0
github.com/mrchypark/daramjwee/daramjwee.go:8084.51,8085.30 1 0
github.com/mrchypark/daramjwee/daramjwee.go:8086.48,8087.27 1 0
github.com/mrchypark/daramjwee/daramjwee.go:8088.10,8089.28 1 0
github.com/mrchypark/daramjwee/daramjwee.go:8094.91,8097.31 2 0
github.com/mrchypark/daramjwee/daramjwee.go:8098.50,8103.24 2 0
github.com/mrchypark/daramjwee/daramjwee.go:8103.24,8109.4 1 0
github.com/mrchypark/daramjwee/daramjwee.go:8111.3,8111.54 1 0
github.com/mrchypark/daramjwee/daramjwee.go:8111.54,8113.4 1 0
github.com/mrchypark/daramjwee/daramjwee.go:8118.88,8119.23 1 0
github.com/mrchypark/daramjwee/daramjwee.go:8119.23,8127.3 1 0
github.com/mrchypark/daramjwee/daramjwee.go:8131.56,8132.38 1 0
github.com/mrchypark/daramjwee/daramjwee.go:8132.38,8134.3 1 0
github.com/mrchypark/daramjwee/daramjwee.go:8136.2,8140.46 3 0
github.com/mrchypark/daramjwee/daramjwee.go:8140.46,8141.38 1 0
github.com/mrchypark/daramjwee/daramjwee.go:8141.38,8143.9 2 0
github.com/mrchypark/daramjwee/daramjwee.go:8148.2,8148.19 1 0
github.com/mrchypark/daramjwee/daramjwee.go:8148.19,8150.3 1 0
github.com/mrchypark/daramjwee/daramjwee.go:8154.66,8157.2 2 0
github.com/mrchypark/daramjwee/daramjwee.go:8160.66,8163.2 2 0
github.com/mrchypark/daramjwee/daramjwee.go:8166.75,8169.18 2 0
github.com/mrchypark/daramjwee/daramjwee.go:8170.26,8171.13 1 0
github.com/mrchypark/daramjwee/daramjwee.go:8172.25,8173.13 1 0
github.com/mrchypark/daramjwee/daramjwee.go:8174.28,8175.13 1 0
github.com/mrchypark/daramjwee/daramjwee.go:8176.26,8177.13 1 0
github.com/mrchypark/daramjwee/daramjwee.go:8178.30,8179.13 1 0
github.com/mrchypark/daramjwee/daramjwee.go:8180.10,8181.13 1 0
github.com/mrchypark/daramjwee/daramjwee.go:8186.44,8187.33 1 0
github.com/mrchypark/daramjwee/daramjwee.go:8187.33,8189.3 1 0
github.com/mrchypark/daramjwee/daramjwee.go:8191.2,8191.33 1 0
github.com/mrchypark/daramjwee/daramjwee.go:8191.33,8193.3 1 0
github.com/mrchypark/daramjwee/daramjwee.go:8195.2,8195.23 1 0
github.com/mrchypark/daramjwee/daramjwee.go:8195.23,8197.3 1 0
github.com/mrchypark/daramjwee/daramjwee.go:8201.111,8202.34 1 37
github.com/mrchypark/daramjwee/daramjwee.go:8202.34,8204.3 1 0
github.com/mrchypark/daramjwee/daramjwee.go:8205.2,8205.26 1 37
github.com/mrchypark/daramjwee/daramjwee.go:8205.26,8207.3 1 0
github.com/mrchypark/daramjwee/daramjwee.go:8208.2,8208.32 1 37
github.com/mrchypark/daramjwee/daramjwee.go:8208.32,8210.3 1 1
github.com/mrchypark/daramjwee/daramjwee.go:8211.2,8211.30 1 37
github.com/mrchypark/daramjwee/daramjwee.go:8211.30,8213.3 1 6
github.com/mrchypark/daramjwee/daramjwee.go:8214.2,8214.36 1 37
github.com/mrchypark/daramjwee/daramjwee.go:8214.36,8216.3 1 9
github.com/mrchypark/daramjwee/daramjwee.go:8218.2,8233.26 3 37
github.com/mrchypark/daramjwee/daramjwee.go:8233.26,8235.3 1 34
github.com/mrchypark/daramjwee/daramjwee.go:8238.2,8238.33 1 37
github.com/mrchypark/daramjwee/daramjwee.go:8238.33,8240.73 2 28
github.com/mrchypark/daramjwee/daramjwee.go:8240.73,8242.36 2 112
github.com/mrchypark/daramjwee/daramjwee.go:8242.36,8244.5 1 28
github.com/mrchypark/daramjwee/daramjwee.go:8245.4,8245.72 1 112
github.com/mrchypark/daramjwee/daramjwee.go:8250.2,8250.26 1 37
github.com/mrchypark/daramjwee/daramjwee.go:8250.26,8258.3 2 34
github.com/mrchypark/daramjwee/daramjwee.go:8260.2,8260.17 1 37
github.com/mrchypark/daramjwee/daramjwee.go:8264.134,8283.41 7 726
github.com/mrchypark/daramjwee/daramjwee.go:8283.41,8285.3 1 642
github.com/mrchypark/daramjwee/daramjwee.go:8288.2,8288.30 1 84
github.com/mrchypark/daramjwee/daramjwee.go:8288.30,8290.3 1 83
github.com/mrchypark/daramjwee/daramjwee.go:8293.2,8294.36 2 1
github.com/mrchypark/daramjwee/daramjwee.go:8298.88,8299.9 1 726
github.com/mrchypark/daramjwee/daramjwee.go:8300.35,8309.7 7 642
github.com/mrchypark/daramjwee/daramjwee.go:8309.7,8311.95 2 642
github.com/mrchypark/daramjwee/daramjwee.go:8311.95,8312.10 1 642
github.com/mrchypark/daramjwee/daramjwee.go:8316.3,8316.14 1 642
github.com/mrchypark/daramjwee/daramjwee.go:8317.10,8318.15 1 84
github.com/mrchypark/daramjwee/daramjwee.go:8323.104,8328.37 3 83
github.com/mrchypark/daramjwee/daramjwee.go:8328.37,8330.3 1 80
github.com/mrchypark/daramjwee/daramjwee.go:8330.8,8332.3 1 3
github.com/mrchypark/daramjwee/daramjwee.go:8335.2,8335.9 1 83
github.com/mrchypark/daramjwee/daramjwee.go:8336.30,8341.7 3 17
github.com/mrchypark/daramjwee/daramjwee.go:8341.7,8343.105 2 17
github.com/mrchypark/daramjwee/daramjwee.go:8343.105,8344.10 1 17
github.com/mrchypark/daramjwee/daramjwee.go:8347.3,8347.60 1 17
github.com/mrchypark/daramjwee/daramjwee.go:8349.45,8351.27 2 9
github.com/mrchypark/daramjwee/daramjwee.go:8352.32,8353.36 1 57
github.com/mrchypark/daramjwee/daramjwee.go:8357.2,8357.9 1 17
github.com/mrchypark/daramjwee/daramjwee.go:8358.38,8362.23 3 0
github.com/mrchypark/daramjwee/daramjwee.go:8362.23,8364.4 1 0
github.com/mrchypark/daramjwee/daramjwee.go:8365.3,8365.29 1 0
github.com/mrchypark/daramjwee/daramjwee.go:8367.47,8369.32 2 12
github.com/mrchypark/daramjwee/daramjwee.go:8371.32,8372.36 1 5
github.com/mrchypark/daramjwee/daramjwee.go:8377.104,8387.23 2 642
github.com/mrchypark/daramjwee/daramjwee.go:8387.23,8395.3 1 642
github.com/mrchypark/daramjwee/daramjwee.go:8397.2,8397.19 1 642
github.com/mrchypark/daramjwee/daramjwee.go:8401.79,8402.18 1 643
github.com/mrchypark/daramjwee/daramjwee.go:8402.18,8404.3 1 0
github.com/mrchypark/daramjwee/daramjwee.go:8406.2,8406.9 1 643
github.com/mrchypark/daramjwee/daramjwee.go:8407.23,8410.24 2 642
github.com/mrchypark/daramjwee/daramjwee.go:8410.24,8416.4 1 642
github.com/mrchypark/daramjwee/daramjwee.go:8418.3,8418.13 1 642
github.com/mrchypark/daramjwee/daramjwee.go:8419.10,8420.25 1 1
github.com/mrchypark/daramjwee/daramjwee.go:8425.88,8428.36 2 0
github.com/mrchypark/daramjwee/daramjwee.go:8428.36,8430.3 1 0
github.com/mrchypark/daramjwee/daramjwee.go:8430.8,8432.3 1 0
github.com/mrchypark/daramjwee/daramjwee.go:8435.2,8435.37 1 0
github.com/mrchypark/daramjwee/daramjwee.go:8435.37,8437.3 1 0
github.com/mrchypark/daramjwee/daramjwee.go:8437.8,8439.3 1 0
github.com/mrchypark/daramjwee/daramjwee.go:8442.2,8442.38 1 0
github.com/mrchypark/daramjwee/daramjwee.go:8442.38,8444.3 1 0
github.com/mrchypark/daramjwee/daramjwee.go:8445.2,8445.40 1 0
github.com/mrchypark/daramjwee/daramjwee.go:8445.40,8447.3 1 0
github.com/mrchypark/daramjwee/daramjwee.go:8448.2,8448.20 1 0
github.com/mrchypark/daramjwee/daramjwee.go:8452.63,8454.31 1 0
github.com/mrchypark/daramjwee/daramjwee.go:8454.31,8456.13 2 0
github.com/mrchypark/daramjwee/daramjwee.go:8456.13,8459.4 2 0
github.com/mrchypark/daramjwee/daramjwee.go:8463.2,8464.12 2 0
github.com/mrchypark/daramjwee/daramjwee.go:8464.12,8467.3 2 0
github.com/mrchypark/daramjwee/daramjwee.go:8471.55,8475.6 3 0
github.com/mrchypark/daramjwee/daramjwee.go:8475.6,8476.10 1 0
github.com/mrchypark/daramjwee/daramjwee.go:8477.25,8478.10 1 0
github.com/mrchypark/daramjwee/daramjwee.go:8479.19,8480.27 1 0
github.com/mrchypark/daramjwee/daramjwee.go:8486.55,8497.43 6 0
github.com/mrchypark/daramjwee/daramjwee.go:8497.43,8505.3 1 0
github.com/mrchypark/daramjwee/daramjwee.go:8509.60,8516.72 5 0
github.com/mrchypark/daramjwee/daramjwee.go:8516.72,8519.3 2 0
github.com/mrchypark/daramjwee/daramjwee.go:8521.2,8521.24 1 0
github.com/mrchypark/daramjwee/daramjwee.go:8521.24,8524.3 2 0
github.com/mrchypark/daramjwee/daramjwee.go:8527.2,8530.72 3 0
github.com/mrchypark/daramjwee/daramjwee.go:8530.72,8534.19 3 0
github.com/mrchypark/daramjwee/daramjwee.go:8534.19,8537.4 2 0
github.com/mrchypark/daramjwee/daramjwee.go:8540.2,8543.22 3 0
github.com/mrchypark/daramjwee/daramjwee.go:8543.22,8546.3 2 0
github.com/mrchypark/daramjwee/daramjwee.go:8546.8,8548.3 1 0
github.com/mrchypark/daramjwee/daramjwee.go:8552.66,8563.72 6 6
github.com/mrchypark/daramjwee/daramjwee.go:8563.72,8566.3 2 24
github.com/mrchypark/daramjwee/daramjwee.go:8568.2,8568.14 1 6
github.com/mrchypark/daramjwee/daramjwee.go:8572.49,8577.29 3 10
github.com/mrchypark/daramjwee/daramjwee.go:8577.29,8579.3 1 7
github.com/mrchypark/daramjwee/daramjwee.go:8581.2,8581.31 1 10
github.com/mrchypark/daramjwee/daramjwee.go:8581.31,8582.44 1 4
github.com/mrchypark/daramjwee/daramjwee.go:8582.44,8584.4 1 16
github.com/mrchypark/daramjwee/daramjwee.go:8587.2,8587.23 1 10
github.com/mrchypark/daramjwee/daramjwee.go:8587.23,8589.3 1 10
github.com/mrchypark/daramjwee/daramjwee.go:8591.2,8591.12 1 10
github.com/mrchypark/daramjwee/daramjwee.go:8595.120,8607.2 2 34
github.com/mrchypark/daramjwee/daramjwee.go:8610.35,8614.6 3 0
github.com/mrchypark/daramjwee/daramjwee.go:8614.6,8615.10 1 0
github.com/mrchypark/daramjwee/daramjwee.go:8616.24,8617.10 1 0
github.com/mrchypark/daramjwee/daramjwee.go:8618.19,8619.22 1 0
github.com/mrchypark/daramjwee/daramjwee.go:8625.43,8626.44 1 0
github.com/mrchypark/daramjwee/daramjwee.go:8626.44,8628.3 1 0
github.com/mrchypark/daramjwee/daramjwee.go:8628.8,8630.3 1 0
github.com/mrchypark/daramjwee/daramjwee.go:8634.51,8638.38 2 0
github.com/mrchypark/daramjwee/daramjwee.go:8638.38,8640.19 2 0
github.com/mrchypark/daramjwee/daramjwee.go:8640.19,8641.12 1 0
github.com/mrchypark/daramjwee/daramjwee.go:8645.3,8645.43 1 0
github.com/mrchypark/daramjwee/daramjwee.go:8645.43,8646.12 1 0
github.com/mrchypark/daramjwee/daramjwee.go:8650.3,8650.10 1 0
github.com/mrchypark/daramjwee/daramjwee.go:8651.27,8654.10 3 0
github.com/mrchypark/daramjwee/daramjwee.go:8655.11,8655.11 0 0
github.com/mrchypark/daramjwee/daramjwee.go:8662.50,8663.9 1 0
github.com/mrchypark/daramjwee/daramjwee.go:8664.44,8665.29 1 0
github.com/mrchypark/daramjwee/daramjwee.go:8666.10,8666.10 0 0
github.com/mrchypark/daramjwee/daramjwee.go:8672.67,8676.9 2 0
github.com/mrchypark/daramjwee/daramjwee.go:8677.32,8685.9 2 0
github.com/mrchypark/daramjwee/daramjwee.go:8686.10,8686.10 0 0
github.com/mrchypark/daramjwee/daramjwee.go:8690.2,8690.48 1 0
github.com/mrchypark/daramjwee/daramjwee.go:8690.48,8700.3 2 0
github.com/mrchypark/daramjwee/daramjwee.go:8700.8,8710.3 2 0
github.com/mrchypark/daramjwee/daramjwee.go:8714.92,8715.9 1 0
github.com/mrchypark/daramjwee/daramjwee.go:8716.36,8716.36 0 0
github.com/mrchypark/daramjwee/daramjwee.go:8718.37,8720.23 1 0
github.com/mrchypark/daramjwee/daramjwee.go:8720.23,8726.4 1 0
github.com/mrchypark/daramjwee/daramjwee.go:8731.84,8732.39 1 0
github.com/mrchypark/daramjwee/daramjwee.go:8732.39,8734.3 1 0
github.com/mrchypark/daramjwee/daramjwee.go:8737.2,8737.40 1 0
github.com/mrchypark/daramjwee/daramjwee.go:8737.40,8739.44 2 0
github.com/mrchypark/daramjwee/daramjwee.go:8739.44,8741.4 1 0
github.com/mrchypark/daramjwee/daramjwee.go:8744.2,8744.14 1 0
github.com/mrchypark/daramjwee/daramjwee.go:8748.78,8754.44 4 0
github.com/mrchypark/daramjwee/daramjwee.go:8754.44,8756.3 1 0
github.com/mrchypark/daramjwee/daramjwee.go:8758.2,8758.39 1 0
github.com/mrchypark/daramjwee/daramjwee.go:8758.39,8759.38 1 0
github.com/mrchypark/daramjwee/daramjwee.go:8759.38,8761.4 1 0
github.com/mrchypark/daramjwee/daramjwee.go:8766.34,8768.2 1 0
github.com/mrchypark/daramjwee/daramjwee.go:8771.44,8772.11 1 5
github.com/mrchypark/daramjwee/daramjwee.go:8773.19,8774.15 1 1
github.com/mrchypark/daramjwee/daramjwee.go:8775.22,8776.18 1 1
github.com/mrchypark/daramjwee/daramjwee.go:8777.20,8778.16 1 1
github.com/mrchypark/daramjwee/daramjwee.go:8779.24,8780.20 1 1
github.com/mrchypark/daramjwee/daramjwee.go:8781.10,8782.19 1 1
github.com/mrchypark/daramjwee/daramjwee.go:8787.42,8789.2 1 449
github.com/mrchypark/daramjwee/daramjwee.go:8792.43,8794.2 1 1
github.com/mrchypark/daramjwee/daramjwee.go:8806.64,8811.59 3 0
github.com/mrchypark/daramjwee/daramjwee.go:8811.59,8814.3 1 0
github.com/mrchypark/daramjwee/nullstore.go:14.27,16.2 1 1
github.com/mrchypark/daramjwee/nullstore.go:19.99,21.2 1 0
github.com/mrchypark/daramjwee/nullstore.go:24.113,26.2 1 1
github.com/mrchypark/daramjwee/nullstore.go:29.68,31.2 1 0
github.com/mrchypark/daramjwee/nullstore.go:34.79,36.2 1 0
github.com/mrchypark/daramjwee/nullstore.go:42.64,44.2 1 1
github.com/mrchypark/daramjwee/nullstore.go:47.43,49.2 1 1
github.com/mrchypark/daramjwee/options.go:98.38,100.2 1 29
github.com/mrchypark/daramjwee/options.go:406.39,407.33 1 104
github.com/mrchypark/daramjwee/options.go:407.33,408.19 1 104
github.com/mrchypark/daramjwee/options.go:408.19,410.4 1 2
github.com/mrchypark/daramjwee/options.go:411.3,411.24 1 102
github.com/mrchypark/daramjwee/options.go:411.24,413.4 1 2
github.com/mrchypark/daramjwee/options.go:414.3,415.13 2 100
github.com/mrchypark/daramjwee/options.go:474.40,475.33 1 46
github.com/mrchypark/daramjwee/options.go:475.33,476.24 1 46
github.com/mrchypark/daramjwee/options.go:476.24,478.4 1 2
github.com/mrchypark/daramjwee/options.go:479.3,480.13 2 44
github.com/mrchypark/daramjwee/options.go:539.41,540.33 1 28
github.com/mrchypark/daramjwee/options.go:540.33,541.23 1 28
github.com/mrchypark/daramjwee/options.go:541.23,543.4 1 3
github.com/mrchypark/daramjwee/options.go:545.3,545.32 1 25
github.com/mrchypark/daramjwee/options.go:545.32,546.20 1 48
github.com/mrchypark/daramjwee/options.go:546.20,548.5 1 3
github.com/mrchypark/daramjwee/options.go:551.3,551.50 1 22
github.com/mrchypark/daramjwee/options.go:551.50,553.4 1 3
github.com/mrchypark/daramjwee/options.go:555.3,556.13 2 19
github.com/mrchypark/daramjwee/options.go:625.100,626.33 1 39
github.com/mrchypark/daramjwee/options.go:626.33,627.25 1 39
github.com/mrchypark/daramjwee/options.go:627.25,629.4 1 1
github.com/mrchypark/daramjwee/options.go:630.3,630.20 1 38
github.com/mrchypark/daramjwee/options.go:630.20,632.4 1 2
github.com/mrchypark/daramjwee/options.go:633.3,633.22 1 36
github.com/mrchypark/daramjwee/options.go:633.22,635.4 1 1
github.com/mrchypark/daramjwee/options.go:636.3,640.13 5 35
github.com/mrchypark/daramjwee/options.go:696.55,697.33 1 40
github.com/mrchypark/daramjwee/options.go:697.33,698.19 1 40
github.com/mrchypark/daramjwee/options.go:698.19,700.4 1 2
github.com/mrchypark/daramjwee/options.go:701.3,702.13 2 38
github.com/mrchypark/daramjwee/options.go:759.56,760.33 1 37
github.com/mrchypark/daramjwee/options.go:760.33,761.19 1 37
github.com/mrchypark/daramjwee/options.go:761.19,763.4 1 2
github.com/mrchypark/daramjwee/options.go:764.3,765.13 2 35
github.com/mrchypark/daramjwee/options.go:822.47,823.33 1 8
github.com/mrchypark/daramjwee/options.go:823.33,824.19 1 8
github.com/mrchypark/daramjwee/options.go:824.19,826.4 1 1
github.com/mrchypark/daramjwee/options.go:827.3,828.13 2 7
github.com/mrchypark/daramjwee/options.go:890.55,891.33 1 6
github.com/mrchypark/daramjwee/options.go:891.33,892.19 1 6
github.com/mrchypark/daramjwee/options.go:892.19,894.4 1 1
github.com/mrchypark/daramjwee/options.go:895.3,896.13 2 5
github.com/mrchypark/daramjwee/options.go:958.59,959.33 1 22
github.com/mrchypark/daramjwee/options.go:959.33,960.23 1 22
github.com/mrchypark/daramjwee/options.go:960.23,962.4 1 2
github.com/mrchypark/daramjwee/options.go:963.3,967.42 4 20
github.com/mrchypark/daramjwee/options.go:967.42,969.4 1 0
github.com/mrchypark/daramjwee/options.go:970.3,971.13 2 20
github.com/mrchypark/daramjwee/options.go:1063.61,1064.33 1 7
github.com/mrchypark/daramjwee/options.go:1064.33,1065.36 1 7
github.com/mrchypark/daramjwee/options.go:1065.36,1067.4 1 1
github.com/mrchypark/daramjwee/options.go:1068.3,1068.32 1 6
github.com/mrchypark/daramjwee/options.go:1068.32,1070.4 1 1
github.com/mrchypark/daramjwee/options.go:1071.3,1071.32 1 5
github.com/mrchypark/daramjwee/options.go:1071.32,1073.4 1 1
github.com/mrchypark/daramjwee/options.go:1074.3,1074.54 1 4
github.com/mrchypark/daramjwee/options.go:1074.54,1076.4 1 1
github.com/mrchypark/daramjwee/options.go:1077.3,1077.54 1 3
github.com/mrchypark/daramjwee/options.go:1077.54,1079.4 1 1
github.com/mrchypark/daramjwee/options.go:1080.3,1081.13 2 2
github.com/mrchypark/daramjwee/options.go:1134.115,1135.33 1 13
github.com/mrchypark/daramjwee/options.go:1135.33,1136.26 1 13
github.com/mrchypark/daramjwee/options.go:1136.26,1138.4 1 1
github.com/mrchypark/daramjwee/options.go:1139.3,1139.43 1 12
github.com/mrchypark/daramjwee/options.go:1139.43,1141.4 1 1
github.com/mrchypark/daramjwee/options.go:1142.3,1142.21 1 11
github.com/mrchypark/daramjwee/options.go:1142.21,1144.4 1 1
github.com/mrchypark/daramjwee/options.go:1145.3,1145.33 1 10
github.com/mrchypark/daramjwee/options.go:1145.33,1147.4 1 1
github.com/mrchypark/daramjwee/options.go:1150.3,1150.30 1 9
github.com/mrchypark/daramjwee/options.go:1150.30,1152.45 2 0
github.com/mrchypark/daramjwee/options.go:1152.45,1154.5 1 0
github.com/mrchypark/daramjwee/options.go:1155.4,1155.41 1 0
github.com/mrchypark/daramjwee/options.go:1155.41,1157.5 1 0
github.com/mrchypark/daramjwee/options.go:1158.4,1158.41 1 0
github.com/mrchypark/daramjwee/options.go:1158.41,1160.5 1 0
github.com/mrchypark/daramjwee/options.go:1164.3,1164.53 1 9
github.com/mrchypark/daramjwee/options.go:1164.53,1166.4 1 0
github.com/mrchypark/daramjwee/options.go:1168.3,1175.13 7 9
github.com/mrchypark/daramjwee/options.go:1225.61,1226.33 1 0
github.com/mrchypark/daramjwee/options.go:1226.33,1228.51 1 0
github.com/mrchypark/daramjwee/options.go:1228.51,1230.4 1 0
github.com/mrchypark/daramjwee/options.go:1232.3,1233.13 2 0
github.com/mrchypark/daramjwee/options.go:1283.80,1284.33 1 1
github.com/mrchypark/daramjwee/options.go:1284.33,1289.3 4 1
github.com/mrchypark/daramjwee/options.go:1317.37,1319.72 1 97
github.com/mrchypark/daramjwee/options.go:1319.72,1321.3 1 1
github.com/mrchypark/daramjwee/options.go:1324.2,1324.23 1 96
github.com/mrchypark/daramjwee/options.go:1324.23,1325.26 1 83
github.com/mrchypark/daramjwee/options.go:1325.26,1327.4 1 5
github.com/mrchypark/daramjwee/options.go:1330.3,1330.27 1 78
github.com/mrchypark/daramjwee/options.go:1330.27,1332.4 1 42
github.com/mrchypark/daramjwee/options.go:1332.9,1334.4 1 36
github.com/mrchypark/daramjwee/options.go:1337.3,1338.22 2 78
github.com/mrchypark/daramjwee/options.go:1342.2,1342.26 1 91
github.com/mrchypark/daramjwee/options.go:1342.26,1344.3 1 0
github.com/mrchypark/daramjwee/options.go:1347.2,1347.35 1 91
github.com/mrchypark/daramjwee/options.go:1347.35,1348.19 1 152
github.com/mrchypark/daramjwee/options.go:1348.19,1350.4 1 0
github.com/mrchypark/daramjwee/options.go:1353.2,1353.12 1 91
