mode: atomic
github.com/mrchypark/daramjwee/examples/file_objstore_provider/main.go:26.116,32.2 2 0
github.com/mrchypark/daramjwee/examples/file_objstore_provider/main.go:38.13,46.16 6 0
github.com/mrchypark/daramjwee/examples/file_objstore_provider/main.go:46.16,49.3 2 0
github.com/mrchypark/daramjwee/examples/file_objstore_provider/main.go:51.2,51.117 1 0
github.com/mrchypark/daramjwee/examples/file_objstore_provider/main.go:51.117,55.3 1 0
github.com/mrchypark/daramjwee/examples/file_objstore_provider/main.go:56.2,56.16 1 0
github.com/mrchypark/daramjwee/examples/file_objstore_provider/main.go:56.16,59.3 2 0
github.com/mrchypark/daramjwee/examples/file_objstore_provider/main.go:60.2,64.16 4 0
github.com/mrchypark/daramjwee/examples/file_objstore_provider/main.go:64.16,67.3 2 0
github.com/mrchypark/daramjwee/examples/file_objstore_provider/main.go:68.2,68.15 1 0
github.com/mrchypark/daramjwee/examples/file_objstore_provider/main.go:68.15,70.51 2 0
github.com/mrchypark/daramjwee/examples/file_objstore_provider/main.go:70.51,72.4 1 0
github.com/mrchypark/daramjwee/examples/file_objstore_provider/main.go:75.2,77.16 3 0
github.com/mrchypark/daramjwee/examples/file_objstore_provider/main.go:77.16,80.3 2 0
github.com/mrchypark/daramjwee/examples/file_objstore_provider/main.go:82.2,87.16 2 0
github.com/mrchypark/daramjwee/examples/file_objstore_provider/main.go:87.16,90.3 2 0
github.com/mrchypark/daramjwee/examples/file_objstore_provider/main.go:91.2,108.50 11 0
github.com/mrchypark/daramjwee/examples/file_objstore_provider/main.go:108.50,111.3 2 0
github.com/mrchypark/daramjwee/examples/file_objstore_provider/main.go:113.2,114.16 2 0
github.com/mrchypark/daramjwee/examples/file_objstore_provider/main.go:114.16,117.3 2 0
github.com/mrchypark/daramjwee/examples/file_objstore_provider/main.go:118.2,123.16 2 0
github.com/mrchypark/daramjwee/examples/file_objstore_provider/main.go:123.16,126.3 2 0
github.com/mrchypark/daramjwee/examples/file_objstore_provider/main.go:127.2,132.64 4 0
github.com/mrchypark/daramjwee/examples/file_objstore_provider/main.go:137.143,139.16 2 0
github.com/mrchypark/daramjwee/examples/file_objstore_provider/main.go:139.16,142.3 2 0
github.com/mrchypark/daramjwee/examples/file_objstore_provider/main.go:143.2,143.15 1 0
github.com/mrchypark/daramjwee/examples/file_objstore_provider/main.go:143.15,144.46 1 0
github.com/mrchypark/daramjwee/examples/file_objstore_provider/main.go:144.46,146.4 1 0
github.com/mrchypark/daramjwee/examples/file_objstore_provider/main.go:149.2,150.16 2 0
github.com/mrchypark/daramjwee/examples/file_objstore_provider/main.go:150.16,153.3 2 0
github.com/mrchypark/daramjwee/examples/file_objstore_provider/main.go:155.2,155.42 1 0
github.com/mrchypark/daramjwee/examples/file_objstore_provider/main.go:155.42,158.3 2 0
github.com/mrchypark/daramjwee/examples/file_objstore_provider/main.go:159.2,159.94 1 0
github.com/mrchypark/daramjwee/examples/file_objstore_provider/main.go:169.84,179.16 7 0
github.com/mrchypark/daramjwee/examples/file_objstore_provider/main.go:179.16,181.3 1 0
github.com/mrchypark/daramjwee/examples/file_objstore_provider/main.go:181.8,183.3 1 0
github.com/mrchypark/daramjwee/examples/file_objstore_provider/main.go:185.2,185.18 1 0
github.com/mrchypark/daramjwee/examples/file_objstore/main.go:26.116,32.2 2 0
github.com/mrchypark/daramjwee/examples/file_objstore/main.go:38.13,46.16 6 0
github.com/mrchypark/daramjwee/examples/file_objstore/main.go:46.16,49.3 2 0
github.com/mrchypark/daramjwee/examples/file_objstore/main.go:51.2,51.118 1 0
github.com/mrchypark/daramjwee/examples/file_objstore/main.go:51.118,55.3 1 0
github.com/mrchypark/daramjwee/examples/file_objstore/main.go:56.2,56.16 1 0
github.com/mrchypark/daramjwee/examples/file_objstore/main.go:56.16,59.3 2 0
github.com/mrchypark/daramjwee/examples/file_objstore/main.go:60.2,64.16 4 0
github.com/mrchypark/daramjwee/examples/file_objstore/main.go:64.16,67.3 2 0
github.com/mrchypark/daramjwee/examples/file_objstore/main.go:68.2,68.15 1 0
github.com/mrchypark/daramjwee/examples/file_objstore/main.go:68.15,70.51 2 0
github.com/mrchypark/daramjwee/examples/file_objstore/main.go:70.51,72.4 1 0
github.com/mrchypark/daramjwee/examples/file_objstore/main.go:75.2,77.16 3 0
github.com/mrchypark/daramjwee/examples/file_objstore/main.go:77.16,80.3 2 0
github.com/mrchypark/daramjwee/examples/file_objstore/main.go:82.2,87.16 2 0
github.com/mrchypark/daramjwee/examples/file_objstore/main.go:87.16,90.3 2 0
github.com/mrchypark/daramjwee/examples/file_objstore/main.go:91.2,108.50 11 0
github.com/mrchypark/daramjwee/examples/file_objstore/main.go:108.50,111.3 2 0
github.com/mrchypark/daramjwee/examples/file_objstore/main.go:113.2,114.16 2 0
github.com/mrchypark/daramjwee/examples/file_objstore/main.go:114.16,117.3 2 0
github.com/mrchypark/daramjwee/examples/file_objstore/main.go:118.2,123.16 2 0
github.com/mrchypark/daramjwee/examples/file_objstore/main.go:123.16,126.3 2 0
github.com/mrchypark/daramjwee/examples/file_objstore/main.go:127.2,132.64 4 0
github.com/mrchypark/daramjwee/examples/file_objstore/main.go:137.143,139.16 2 0
github.com/mrchypark/daramjwee/examples/file_objstore/main.go:139.16,142.3 2 0
github.com/mrchypark/daramjwee/examples/file_objstore/main.go:143.2,143.15 1 0
github.com/mrchypark/daramjwee/examples/file_objstore/main.go:143.15,144.46 1 0
github.com/mrchypark/daramjwee/examples/file_objstore/main.go:144.46,146.4 1 0
github.com/mrchypark/daramjwee/examples/file_objstore/main.go:149.2,150.16 2 0
github.com/mrchypark/daramjwee/examples/file_objstore/main.go:150.16,153.3 2 0
github.com/mrchypark/daramjwee/examples/file_objstore/main.go:155.2,155.42 1 0
github.com/mrchypark/daramjwee/examples/file_objstore/main.go:155.42,158.3 2 0
github.com/mrchypark/daramjwee/examples/file_objstore/main.go:159.2,159.94 1 0
github.com/mrchypark/daramjwee/examples/file_objstore/main.go:169.84,179.16 7 0
github.com/mrchypark/daramjwee/examples/file_objstore/main.go:179.16,181.3 1 0
github.com/mrchypark/daramjwee/examples/file_objstore/main.go:181.8,183.3 1 0
github.com/mrchypark/daramjwee/examples/file_objstore/main.go:185.2,185.18 1 0
github.com/mrchypark/daramjwee/examples/advanced/main.go:31.72,33.2 1 0
github.com/mrchypark/daramjwee/examples/advanced/main.go:35.123,47.25 4 0
github.com/mrchypark/daramjwee/examples/advanced/main.go:47.25,50.3 2 0
github.com/mrchypark/daramjwee/examples/advanced/main.go:53.2,63.8 3 0
github.com/mrchypark/daramjwee/examples/advanced/main.go:72.82,74.2 1 0
github.com/mrchypark/daramjwee/examples/advanced/main.go:76.122,77.17 1 0
github.com/mrchypark/daramjwee/examples/advanced/main.go:77.17,79.3 1 0
github.com/mrchypark/daramjwee/examples/advanced/main.go:81.2,89.8 2 0
github.com/mrchypark/daramjwee/examples/advanced/main.go:98.120,99.19 1 0
github.com/mrchypark/daramjwee/examples/advanced/main.go:99.19,101.3 1 0
github.com/mrchypark/daramjwee/examples/advanced/main.go:103.2,109.8 1 0
github.com/mrchypark/daramjwee/examples/advanced/main.go:112.13,143.2 12 0
github.com/mrchypark/daramjwee/examples/advanced/main.go:146.41,153.44 2 0
github.com/mrchypark/daramjwee/examples/advanced/main.go:153.44,153.91 2 0
github.com/mrchypark/daramjwee/examples/advanced/main.go:156.2,159.41 2 0
github.com/mrchypark/daramjwee/examples/advanced/main.go:159.41,162.33 2 0
github.com/mrchypark/daramjwee/examples/advanced/main.go:162.33,166.18 3 0
github.com/mrchypark/daramjwee/examples/advanced/main.go:166.18,168.13 2 0
github.com/mrchypark/daramjwee/examples/advanced/main.go:171.4,177.18 5 0
github.com/mrchypark/daramjwee/examples/advanced/main.go:177.18,179.13 2 0
github.com/mrchypark/daramjwee/examples/advanced/main.go:183.4,185.18 3 0
github.com/mrchypark/daramjwee/examples/advanced/main.go:185.18,187.13 2 0
github.com/mrchypark/daramjwee/examples/advanced/main.go:191.4,191.59 1 0
github.com/mrchypark/daramjwee/examples/advanced/main.go:191.59,193.13 2 0
github.com/mrchypark/daramjwee/examples/advanced/main.go:196.4,198.70 2 0
github.com/mrchypark/daramjwee/examples/advanced/main.go:204.46,209.26 3 0
github.com/mrchypark/daramjwee/examples/advanced/main.go:209.26,211.3 1 0
github.com/mrchypark/daramjwee/examples/advanced/main.go:214.2,220.34 1 0
github.com/mrchypark/daramjwee/examples/advanced/main.go:220.34,224.5 3 0
github.com/mrchypark/daramjwee/examples/advanced/main.go:228.34,232.5 3 0
github.com/mrchypark/daramjwee/examples/advanced/main.go:236.34,240.5 3 0
github.com/mrchypark/daramjwee/examples/advanced/main.go:244.2,244.33 1 0
github.com/mrchypark/daramjwee/examples/advanced/main.go:244.33,250.28 4 0
github.com/mrchypark/daramjwee/examples/advanced/main.go:250.28,253.21 3 0
github.com/mrchypark/daramjwee/examples/advanced/main.go:253.21,255.5 1 0
github.com/mrchypark/daramjwee/examples/advanced/main.go:259.3,262.31 3 0
github.com/mrchypark/daramjwee/examples/advanced/main.go:262.31,265.18 3 0
github.com/mrchypark/daramjwee/examples/advanced/main.go:265.18,266.13 1 0
github.com/mrchypark/daramjwee/examples/advanced/main.go:268.4,269.18 2 0
github.com/mrchypark/daramjwee/examples/advanced/main.go:272.3,276.16 4 0
github.com/mrchypark/daramjwee/examples/advanced/main.go:281.41,295.16 4 0
github.com/mrchypark/daramjwee/examples/advanced/main.go:295.16,298.3 2 0
github.com/mrchypark/daramjwee/examples/advanced/main.go:299.2,302.26 3 0
github.com/mrchypark/daramjwee/examples/advanced/main.go:302.26,304.3 1 0
github.com/mrchypark/daramjwee/examples/advanced/main.go:306.2,308.48 2 0
github.com/mrchypark/daramjwee/examples/advanced/main.go:308.48,314.36 4 0
github.com/mrchypark/daramjwee/examples/advanced/main.go:314.36,316.26 2 0
github.com/mrchypark/daramjwee/examples/advanced/main.go:316.26,321.30 3 0
github.com/mrchypark/daramjwee/examples/advanced/main.go:321.30,324.20 3 0
github.com/mrchypark/daramjwee/examples/advanced/main.go:324.20,325.15 1 0
github.com/mrchypark/daramjwee/examples/advanced/main.go:327.6,328.20 2 0
github.com/mrchypark/daramjwee/examples/advanced/main.go:333.3,338.87 5 0
github.com/mrchypark/daramjwee/examples/advanced/main.go:343.41,357.16 7 0
github.com/mrchypark/daramjwee/examples/advanced/main.go:357.16,360.3 2 0
github.com/mrchypark/daramjwee/examples/advanced/main.go:363.2,364.27 2 0
github.com/mrchypark/daramjwee/examples/advanced/main.go:364.27,366.3 1 0
github.com/mrchypark/daramjwee/examples/advanced/main.go:368.2,371.28 3 0
github.com/mrchypark/daramjwee/examples/advanced/main.go:371.28,374.17 3 0
github.com/mrchypark/daramjwee/examples/advanced/main.go:374.17,375.12 1 0
github.com/mrchypark/daramjwee/examples/advanced/main.go:377.3,380.17 3 0
github.com/mrchypark/daramjwee/examples/advanced/main.go:380.17,383.4 2 0
github.com/mrchypark/daramjwee/examples/advanced/main.go:386.2,393.15 6 0
github.com/mrchypark/daramjwee/examples/advanced/main.go:397.47,408.26 5 0
github.com/mrchypark/daramjwee/examples/advanced/main.go:408.26,410.3 1 0
github.com/mrchypark/daramjwee/examples/advanced/main.go:412.2,412.40 1 0
github.com/mrchypark/daramjwee/examples/advanced/main.go:412.40,426.33 8 0
github.com/mrchypark/daramjwee/examples/advanced/main.go:426.33,429.18 3 0
github.com/mrchypark/daramjwee/examples/advanced/main.go:429.18,430.13 1 0
github.com/mrchypark/daramjwee/examples/advanced/main.go:434.4,435.21 2 0
github.com/mrchypark/daramjwee/examples/advanced/main.go:435.21,438.23 2 0
github.com/mrchypark/daramjwee/examples/advanced/main.go:438.23,441.6 2 0
github.com/mrchypark/daramjwee/examples/advanced/main.go:443.4,443.18 1 0
github.com/mrchypark/daramjwee/examples/advanced/main.go:446.3,452.16 5 0
github.com/mrchypark/daramjwee/examples/advanced/main.go:457.48,467.26 4 0
github.com/mrchypark/daramjwee/examples/advanced/main.go:467.26,469.3 1 0
github.com/mrchypark/daramjwee/examples/advanced/main.go:471.2,471.51 1 0
github.com/mrchypark/daramjwee/examples/advanced/main.go:471.51,490.36 9 0
github.com/mrchypark/daramjwee/examples/advanced/main.go:490.36,492.26 2 0
github.com/mrchypark/daramjwee/examples/advanced/main.go:492.26,495.39 2 0
github.com/mrchypark/daramjwee/examples/advanced/main.go:495.39,498.20 3 0
github.com/mrchypark/daramjwee/examples/advanced/main.go:498.20,499.15 1 0
github.com/mrchypark/daramjwee/examples/advanced/main.go:501.6,502.20 2 0
github.com/mrchypark/daramjwee/examples/advanced/main.go:507.3,514.16 6 0
github.com/mrchypark/daramjwee/examples/advanced/main.go:519.43,531.16 4 0
github.com/mrchypark/daramjwee/examples/advanced/main.go:531.16,534.3 2 0
github.com/mrchypark/daramjwee/examples/advanced/main.go:535.2,545.16 8 0
github.com/mrchypark/daramjwee/examples/advanced/main.go:545.16,548.3 2 0
github.com/mrchypark/daramjwee/examples/advanced/main.go:549.2,557.16 6 0
github.com/mrchypark/daramjwee/examples/advanced/main.go:557.16,560.3 2 0
github.com/mrchypark/daramjwee/examples/advanced/main.go:561.2,573.16 8 0
github.com/mrchypark/daramjwee/examples/advanced/main.go:573.16,576.3 2 0
github.com/mrchypark/daramjwee/examples/advanced/main.go:577.2,583.45 4 0
github.com/mrchypark/daramjwee/examples/advanced/main.go:587.43,592.16 4 0
github.com/mrchypark/daramjwee/examples/advanced/main.go:592.16,595.3 2 0
github.com/mrchypark/daramjwee/examples/advanced/main.go:596.2,605.16 6 0
github.com/mrchypark/daramjwee/examples/advanced/main.go:605.16,607.3 1 0
github.com/mrchypark/daramjwee/examples/advanced/main.go:607.8,609.3 1 0
github.com/mrchypark/daramjwee/examples/advanced/main.go:612.2,616.16 4 0
github.com/mrchypark/daramjwee/examples/advanced/main.go:616.16,618.3 1 0
github.com/mrchypark/daramjwee/examples/advanced/main.go:618.8,622.3 3 0
github.com/mrchypark/daramjwee/examples/advanced/main.go:625.2,627.16 3 0
github.com/mrchypark/daramjwee/examples/advanced/main.go:627.16,629.3 1 0
github.com/mrchypark/daramjwee/examples/advanced/main.go:629.8,633.3 3 0
github.com/mrchypark/daramjwee/examples/basic/main.go:37.117,39.24 2 0
github.com/mrchypark/daramjwee/examples/basic/main.go:39.24,41.3 1 0
github.com/mrchypark/daramjwee/examples/basic/main.go:42.2,46.9 4 0
github.com/mrchypark/daramjwee/examples/basic/main.go:46.9,48.3 1 0
github.com/mrchypark/daramjwee/examples/basic/main.go:51.2,51.56 1 0
github.com/mrchypark/daramjwee/examples/basic/main.go:51.56,53.3 1 0
github.com/mrchypark/daramjwee/examples/basic/main.go:56.2,59.8 1 0
github.com/mrchypark/daramjwee/examples/basic/main.go:63.35,66.16 3 0
github.com/mrchypark/daramjwee/examples/basic/main.go:66.16,69.3 2 0
github.com/mrchypark/daramjwee/examples/basic/main.go:70.2,73.16 3 0
github.com/mrchypark/daramjwee/examples/basic/main.go:73.16,76.3 2 0
github.com/mrchypark/daramjwee/examples/basic/main.go:77.2,82.16 4 0
github.com/mrchypark/daramjwee/examples/basic/main.go:82.16,83.38 1 0
github.com/mrchypark/daramjwee/examples/basic/main.go:83.38,85.4 1 0
github.com/mrchypark/daramjwee/examples/basic/main.go:85.9,87.4 1 0
github.com/mrchypark/daramjwee/examples/basic/main.go:88.3,88.9 1 0
github.com/mrchypark/daramjwee/examples/basic/main.go:90.2,91.72 2 0
github.com/mrchypark/daramjwee/examples/basic/main.go:102.13,107.55 4 0
github.com/mrchypark/daramjwee/examples/basic/main.go:107.55,108.13 1 0
github.com/mrchypark/daramjwee/examples/basic/main.go:111.2,112.16 2 0
github.com/mrchypark/daramjwee/examples/basic/main.go:112.16,113.13 1 0
github.com/mrchypark/daramjwee/examples/basic/main.go:116.2,121.16 2 0
github.com/mrchypark/daramjwee/examples/basic/main.go:121.16,122.13 1 0
github.com/mrchypark/daramjwee/examples/basic/main.go:124.2,126.76 2 0
github.com/mrchypark/daramjwee/examples/basic/main.go:126.76,128.16 2 0
github.com/mrchypark/daramjwee/examples/basic/main.go:128.16,131.4 2 0
github.com/mrchypark/daramjwee/examples/basic/main.go:133.3,136.17 3 0
github.com/mrchypark/daramjwee/examples/basic/main.go:136.17,137.36 1 0
github.com/mrchypark/daramjwee/examples/basic/main.go:137.36,140.5 2 0
github.com/mrchypark/daramjwee/examples/basic/main.go:140.10,143.5 2 0
github.com/mrchypark/daramjwee/examples/basic/main.go:144.4,144.10 1 0
github.com/mrchypark/daramjwee/examples/basic/main.go:146.3,146.16 1 0
github.com/mrchypark/daramjwee/examples/basic/main.go:146.16,147.41 1 0
github.com/mrchypark/daramjwee/examples/basic/main.go:147.41,149.5 1 0
github.com/mrchypark/daramjwee/examples/basic/main.go:152.3,154.47 3 0
github.com/mrchypark/daramjwee/examples/basic/main.go:154.47,156.4 1 0
github.com/mrchypark/daramjwee/examples/basic/main.go:157.3,157.33 1 0
github.com/mrchypark/daramjwee/examples/basic/main.go:160.2,165.58 6 0
github.com/mrchypark/daramjwee/examples/basic/main.go:165.58,168.3 2 0
github.com/mrchypark/daramjwee/examples/config/main.go:20.13,57.2 14 0
github.com/mrchypark/daramjwee/examples/config/main.go:60.42,72.16 4 0
github.com/mrchypark/daramjwee/examples/config/main.go:72.16,75.3 2 0
github.com/mrchypark/daramjwee/examples/config/main.go:76.2,78.60 2 0
github.com/mrchypark/daramjwee/examples/config/main.go:82.45,103.16 6 0
github.com/mrchypark/daramjwee/examples/config/main.go:103.16,106.3 2 0
github.com/mrchypark/daramjwee/examples/config/main.go:107.2,109.83 2 0
github.com/mrchypark/daramjwee/examples/config/main.go:113.40,118.16 3 0
github.com/mrchypark/daramjwee/examples/config/main.go:118.16,121.3 2 0
github.com/mrchypark/daramjwee/examples/config/main.go:122.2,131.16 3 0
github.com/mrchypark/daramjwee/examples/config/main.go:131.16,134.3 2 0
github.com/mrchypark/daramjwee/examples/config/main.go:136.2,139.16 2 0
github.com/mrchypark/daramjwee/examples/config/main.go:139.16,142.3 2 0
github.com/mrchypark/daramjwee/examples/config/main.go:143.2,145.83 2 0
github.com/mrchypark/daramjwee/examples/config/main.go:149.43,153.16 3 0
github.com/mrchypark/daramjwee/examples/config/main.go:153.16,156.3 2 0
github.com/mrchypark/daramjwee/examples/config/main.go:157.2,172.16 5 0
github.com/mrchypark/daramjwee/examples/config/main.go:172.16,175.3 2 0
github.com/mrchypark/daramjwee/examples/config/main.go:177.2,181.16 2 0
github.com/mrchypark/daramjwee/examples/config/main.go:181.16,184.3 2 0
github.com/mrchypark/daramjwee/examples/config/main.go:185.2,187.109 2 0
github.com/mrchypark/daramjwee/examples/config/main.go:191.46,206.16 6 0
github.com/mrchypark/daramjwee/examples/config/main.go:206.16,209.3 2 0
github.com/mrchypark/daramjwee/examples/config/main.go:210.2,220.16 4 0
github.com/mrchypark/daramjwee/examples/config/main.go:220.16,223.3 2 0
github.com/mrchypark/daramjwee/examples/config/main.go:225.2,234.16 2 0
github.com/mrchypark/daramjwee/examples/config/main.go:234.16,237.3 2 0
github.com/mrchypark/daramjwee/examples/config/main.go:238.2,240.91 2 0
github.com/mrchypark/daramjwee/examples/config/main.go:244.49,254.16 4 0
github.com/mrchypark/daramjwee/examples/config/main.go:254.16,257.3 2 0
github.com/mrchypark/daramjwee/examples/config/main.go:258.2,266.16 4 0
github.com/mrchypark/daramjwee/examples/config/main.go:266.16,269.3 2 0
github.com/mrchypark/daramjwee/examples/config/main.go:270.2,271.89 2 0
github.com/mrchypark/daramjwee/examples/config/main.go:275.46,303.2 18 0
github.com/mrchypark/daramjwee/examples/config/main.go:306.47,328.2 15 0
github.com/mrchypark/daramjwee/examples/config/main.go:331.44,355.2 13 0
github.com/mrchypark/daramjwee/examples/config/main.go:358.46,401.40 4 0
github.com/mrchypark/daramjwee/examples/config/main.go:401.40,409.17 2 0
github.com/mrchypark/daramjwee/examples/config/main.go:409.17,411.12 2 0
github.com/mrchypark/daramjwee/examples/config/main.go:413.3,417.43 2 0
github.com/mrchypark/daramjwee/examples/cmd/main.go:12.13,13.22 1 0
github.com/mrchypark/daramjwee/examples/cmd/main.go:13.22,16.3 2 0
github.com/mrchypark/daramjwee/examples/cmd/main.go:18.2,18.20 1 0
github.com/mrchypark/daramjwee/examples/cmd/main.go:19.15,20.22 1 0
github.com/mrchypark/daramjwee/examples/cmd/main.go:21.19,22.26 1 0
github.com/mrchypark/daramjwee/examples/cmd/main.go:23.18,24.25 1 0
github.com/mrchypark/daramjwee/examples/cmd/main.go:25.14,26.21 1 0
github.com/mrchypark/daramjwee/examples/cmd/main.go:27.16,28.23 1 0
github.com/mrchypark/daramjwee/examples/cmd/main.go:29.13,30.19 1 0
github.com/mrchypark/daramjwee/examples/cmd/main.go:31.10,32.15 1 0
github.com/mrchypark/daramjwee/examples/cmd/main.go:36.19,60.2 23 0
github.com/mrchypark/daramjwee/examples/cmd/main.go:62.37,67.16 3 0
github.com/mrchypark/daramjwee/examples/cmd/main.go:67.16,70.3 2 0
github.com/mrchypark/daramjwee/examples/cmd/main.go:73.2,76.56 2 0
github.com/mrchypark/daramjwee/examples/cmd/main.go:76.56,79.3 2 0
github.com/mrchypark/daramjwee/examples/cmd/main.go:81.2,85.34 4 0
github.com/mrchypark/daramjwee/examples/cmd/main.go:85.34,88.3 2 0
github.com/mrchypark/daramjwee/examples/cmd/main.go:91.23,96.35 3 0
github.com/mrchypark/daramjwee/examples/cmd/main.go:96.35,97.12 1 0
github.com/mrchypark/daramjwee/examples/cmd/main.go:97.12,99.4 1 0
github.com/mrchypark/daramjwee/examples/cmd/main.go:100.3,100.22 1 0
github.com/mrchypark/daramjwee/examples/cmd/main.go:103.2,103.49 1 0
github.com/mrchypark/daramjwee/examples/filestore_default/main.go:22.117,28.2 2 0
github.com/mrchypark/daramjwee/examples/filestore_default/main.go:31.35,34.16 3 0
github.com/mrchypark/daramjwee/examples/filestore_default/main.go:34.16,37.3 2 0
github.com/mrchypark/daramjwee/examples/filestore_default/main.go:38.2,41.16 3 0
github.com/mrchypark/daramjwee/examples/filestore_default/main.go:41.16,44.3 2 0
github.com/mrchypark/daramjwee/examples/filestore_default/main.go:45.2,45.48 1 0
github.com/mrchypark/daramjwee/examples/filestore_default/main.go:52.13,56.16 3 0
github.com/mrchypark/daramjwee/examples/filestore_default/main.go:56.16,59.3 2 0
github.com/mrchypark/daramjwee/examples/filestore_default/main.go:60.2,64.16 4 0
github.com/mrchypark/daramjwee/examples/filestore_default/main.go:64.16,67.3 2 0
github.com/mrchypark/daramjwee/examples/filestore_default/main.go:69.2,74.16 2 0
github.com/mrchypark/daramjwee/examples/filestore_default/main.go:74.16,77.3 2 0
github.com/mrchypark/daramjwee/examples/filestore_default/main.go:78.2,83.16 5 0
github.com/mrchypark/daramjwee/examples/filestore_default/main.go:83.16,86.3 2 0
github.com/mrchypark/daramjwee/examples/filestore_default/main.go:87.2,93.16 6 0
github.com/mrchypark/daramjwee/examples/filestore_default/main.go:93.16,96.3 2 0
github.com/mrchypark/daramjwee/examples/filestore_default/main.go:97.2,103.16 6 0
github.com/mrchypark/daramjwee/examples/filestore_default/main.go:103.16,106.3 2 0
github.com/mrchypark/daramjwee/examples/filestore_default/main.go:107.2,108.16 2 0
github.com/mrchypark/daramjwee/examples/filestore_default/main.go:108.16,111.3 2 0
github.com/mrchypark/daramjwee/examples/filestore_default/main.go:112.2,117.16 5 0
github.com/mrchypark/daramjwee/examples/filestore_default/main.go:117.16,120.3 2 0
github.com/mrchypark/daramjwee/examples/filestore_default/main.go:121.2,127.16 6 0
github.com/mrchypark/daramjwee/examples/filestore_default/main.go:127.16,130.3 2 0
github.com/mrchypark/daramjwee/examples/filestore_default/main.go:131.2,135.16 4 0
github.com/mrchypark/daramjwee/examples/filestore_default/main.go:135.16,138.3 2 0
github.com/mrchypark/daramjwee/examples/filestore_default/main.go:139.2,141.42 3 0
github.com/mrchypark/daramjwee/examples/memstore_lru/main.go:25.117,31.2 2 0
github.com/mrchypark/daramjwee/examples/memstore_lru/main.go:34.35,37.16 3 0
github.com/mrchypark/daramjwee/examples/memstore_lru/main.go:37.16,40.3 2 0
github.com/mrchypark/daramjwee/examples/memstore_lru/main.go:41.2,44.16 3 0
github.com/mrchypark/daramjwee/examples/memstore_lru/main.go:44.16,47.3 2 0
github.com/mrchypark/daramjwee/examples/memstore_lru/main.go:48.2,48.48 1 0
github.com/mrchypark/daramjwee/examples/memstore_lru/main.go:55.13,65.16 5 0
github.com/mrchypark/daramjwee/examples/memstore_lru/main.go:65.16,68.3 2 0
github.com/mrchypark/daramjwee/examples/memstore_lru/main.go:69.2,74.16 5 0
github.com/mrchypark/daramjwee/examples/memstore_lru/main.go:74.16,77.3 2 0
github.com/mrchypark/daramjwee/examples/memstore_lru/main.go:78.2,84.16 6 0
github.com/mrchypark/daramjwee/examples/memstore_lru/main.go:84.16,87.3 2 0
github.com/mrchypark/daramjwee/examples/memstore_lru/main.go:88.2,94.16 6 0
github.com/mrchypark/daramjwee/examples/memstore_lru/main.go:94.16,97.3 2 0
github.com/mrchypark/daramjwee/examples/memstore_lru/main.go:98.2,99.16 2 0
github.com/mrchypark/daramjwee/examples/memstore_lru/main.go:99.16,102.3 2 0
github.com/mrchypark/daramjwee/examples/memstore_lru/main.go:103.2,108.16 5 0
github.com/mrchypark/daramjwee/examples/memstore_lru/main.go:108.16,111.3 2 0
github.com/mrchypark/daramjwee/examples/memstore_lru/main.go:112.2,118.16 6 0
github.com/mrchypark/daramjwee/examples/memstore_lru/main.go:118.16,121.3 2 0
github.com/mrchypark/daramjwee/examples/memstore_lru/main.go:122.2,126.16 4 0
github.com/mrchypark/daramjwee/examples/memstore_lru/main.go:126.16,129.3 2 0
github.com/mrchypark/daramjwee/examples/memstore_lru/main.go:130.2,132.42 3 0
github.com/mrchypark/daramjwee/examples/http/main.go:30.46,35.2 1 0
github.com/mrchypark/daramjwee/examples/http/main.go:37.115,39.16 2 0
github.com/mrchypark/daramjwee/examples/http/main.go:39.16,41.3 1 0
github.com/mrchypark/daramjwee/examples/http/main.go:44.2,44.50 1 0
github.com/mrchypark/daramjwee/examples/http/main.go:44.50,46.3 1 0
github.com/mrchypark/daramjwee/examples/http/main.go:48.2,49.16 2 0
github.com/mrchypark/daramjwee/examples/http/main.go:49.16,51.3 1 0
github.com/mrchypark/daramjwee/examples/http/main.go:54.2,54.47 1 0
github.com/mrchypark/daramjwee/examples/http/main.go:54.47,57.3 2 0
github.com/mrchypark/daramjwee/examples/http/main.go:59.2,59.44 1 0
github.com/mrchypark/daramjwee/examples/http/main.go:59.44,62.3 2 0
github.com/mrchypark/daramjwee/examples/http/main.go:64.2,64.38 1 0
github.com/mrchypark/daramjwee/examples/http/main.go:64.38,67.3 2 0
github.com/mrchypark/daramjwee/examples/http/main.go:69.2,77.8 2 0
github.com/mrchypark/daramjwee/examples/http/main.go:86.77,88.2 1 0
github.com/mrchypark/daramjwee/examples/http/main.go:90.119,102.16 4 0
github.com/mrchypark/daramjwee/examples/http/main.go:102.16,104.3 1 0
github.com/mrchypark/daramjwee/examples/http/main.go:106.2,114.8 2 0
github.com/mrchypark/daramjwee/examples/http/main.go:122.121,125.9 2 0
github.com/mrchypark/daramjwee/examples/http/main.go:126.45,127.122 1 0
github.com/mrchypark/daramjwee/examples/http/main.go:128.46,135.29 3 0
github.com/mrchypark/daramjwee/examples/http/main.go:136.10,137.81 1 0
github.com/mrchypark/daramjwee/examples/http/main.go:140.2,148.8 2 0
github.com/mrchypark/daramjwee/examples/http/main.go:151.13,185.9 22 0
github.com/mrchypark/daramjwee/examples/http/main.go:189.40,214.16 6 0
github.com/mrchypark/daramjwee/examples/http/main.go:214.16,217.3 2 0
github.com/mrchypark/daramjwee/examples/http/main.go:219.2,219.73 1 0
github.com/mrchypark/daramjwee/examples/http/main.go:219.73,221.22 2 0
github.com/mrchypark/daramjwee/examples/http/main.go:221.22,224.4 2 0
github.com/mrchypark/daramjwee/examples/http/main.go:226.3,228.17 3 0
github.com/mrchypark/daramjwee/examples/http/main.go:228.17,231.4 2 0
github.com/mrchypark/daramjwee/examples/http/main.go:232.3,236.21 4 0
github.com/mrchypark/daramjwee/examples/http/main.go:239.2,239.58 1 0
github.com/mrchypark/daramjwee/examples/http/main.go:239.58,241.3 1 0
github.com/mrchypark/daramjwee/examples/http/main.go:245.42,261.16 4 0
github.com/mrchypark/daramjwee/examples/http/main.go:261.16,264.3 2 0
github.com/mrchypark/daramjwee/examples/http/main.go:267.2,267.77 1 0
github.com/mrchypark/daramjwee/examples/http/main.go:267.77,270.17 3 0
github.com/mrchypark/daramjwee/examples/http/main.go:270.17,273.4 2 0
github.com/mrchypark/daramjwee/examples/http/main.go:274.3,278.21 4 0
github.com/mrchypark/daramjwee/examples/http/main.go:282.2,282.78 1 0
github.com/mrchypark/daramjwee/examples/http/main.go:282.78,284.19 2 0
github.com/mrchypark/daramjwee/examples/http/main.go:284.19,287.4 2 0
github.com/mrchypark/daramjwee/examples/http/main.go:289.3,293.17 4 0
github.com/mrchypark/daramjwee/examples/http/main.go:293.17,296.4 2 0
github.com/mrchypark/daramjwee/examples/http/main.go:297.3,301.21 4 0
github.com/mrchypark/daramjwee/examples/http/main.go:304.2,304.58 1 0
github.com/mrchypark/daramjwee/examples/http/main.go:304.58,306.3 1 0
github.com/mrchypark/daramjwee/examples/http/main.go:310.42,329.16 5 0
github.com/mrchypark/daramjwee/examples/http/main.go:329.16,332.3 2 0
github.com/mrchypark/daramjwee/examples/http/main.go:334.2,334.75 1 0
github.com/mrchypark/daramjwee/examples/http/main.go:334.75,336.21 2 0
github.com/mrchypark/daramjwee/examples/http/main.go:336.21,339.4 2 0
github.com/mrchypark/daramjwee/examples/http/main.go:342.3,344.17 3 0
github.com/mrchypark/daramjwee/examples/http/main.go:344.17,347.4 2 0
github.com/mrchypark/daramjwee/examples/http/main.go:348.3,351.42 2 0
github.com/mrchypark/daramjwee/examples/http/main.go:351.42,353.4 1 0
github.com/mrchypark/daramjwee/examples/http/main.go:353.9,353.50 1 0
github.com/mrchypark/daramjwee/examples/http/main.go:353.50,355.4 1 0
github.com/mrchypark/daramjwee/examples/http/main.go:355.9,357.4 1 0
github.com/mrchypark/daramjwee/examples/http/main.go:359.3,360.21 2 0
github.com/mrchypark/daramjwee/examples/http/main.go:363.2,363.58 1 0
github.com/mrchypark/daramjwee/examples/http/main.go:363.58,365.3 1 0
github.com/mrchypark/daramjwee/examples/http/main.go:369.47,394.16 6 0
github.com/mrchypark/daramjwee/examples/http/main.go:394.16,397.3 2 0
github.com/mrchypark/daramjwee/examples/http/main.go:400.2,400.76 1 0
github.com/mrchypark/daramjwee/examples/http/main.go:400.76,402.17 2 0
github.com/mrchypark/daramjwee/examples/http/main.go:402.17,404.4 1 0
github.com/mrchypark/daramjwee/examples/http/main.go:406.3,410.17 4 0
github.com/mrchypark/daramjwee/examples/http/main.go:410.17,413.4 2 0
github.com/mrchypark/daramjwee/examples/http/main.go:414.3,418.21 4 0
github.com/mrchypark/daramjwee/examples/http/main.go:422.2,422.76 1 0
github.com/mrchypark/daramjwee/examples/http/main.go:422.76,424.22 2 0
github.com/mrchypark/daramjwee/examples/http/main.go:424.22,426.4 1 0
github.com/mrchypark/daramjwee/examples/http/main.go:429.3,436.17 4 0
github.com/mrchypark/daramjwee/examples/http/main.go:436.17,439.4 2 0
github.com/mrchypark/daramjwee/examples/http/main.go:440.3,444.21 4 0
github.com/mrchypark/daramjwee/examples/http/main.go:448.2,448.80 1 0
github.com/mrchypark/daramjwee/examples/http/main.go:448.80,458.3 3 0
github.com/mrchypark/daramjwee/examples/http/main.go:460.2,460.58 1 0
github.com/mrchypark/daramjwee/examples/http/main.go:460.58,462.3 1 0
github.com/mrchypark/daramjwee/examples/memstore_s3fifo/main.go:23.117,29.2 2 0
github.com/mrchypark/daramjwee/examples/memstore_s3fifo/main.go:32.35,35.16 3 0
github.com/mrchypark/daramjwee/examples/memstore_s3fifo/main.go:35.16,38.3 2 0
github.com/mrchypark/daramjwee/examples/memstore_s3fifo/main.go:39.2,42.16 3 0
github.com/mrchypark/daramjwee/examples/memstore_s3fifo/main.go:42.16,45.3 2 0
github.com/mrchypark/daramjwee/examples/memstore_s3fifo/main.go:46.2,46.48 1 0
github.com/mrchypark/daramjwee/examples/memstore_s3fifo/main.go:53.13,63.16 5 0
github.com/mrchypark/daramjwee/examples/memstore_s3fifo/main.go:63.16,66.3 2 0
github.com/mrchypark/daramjwee/examples/memstore_s3fifo/main.go:67.2,72.16 5 0
github.com/mrchypark/daramjwee/examples/memstore_s3fifo/main.go:72.16,75.3 2 0
github.com/mrchypark/daramjwee/examples/memstore_s3fifo/main.go:76.2,82.16 6 0
github.com/mrchypark/daramjwee/examples/memstore_s3fifo/main.go:82.16,85.3 2 0
github.com/mrchypark/daramjwee/examples/memstore_s3fifo/main.go:86.2,92.16 6 0
github.com/mrchypark/daramjwee/examples/memstore_s3fifo/main.go:92.16,95.3 2 0
github.com/mrchypark/daramjwee/examples/memstore_s3fifo/main.go:96.2,97.16 2 0
github.com/mrchypark/daramjwee/examples/memstore_s3fifo/main.go:97.16,100.3 2 0
github.com/mrchypark/daramjwee/examples/memstore_s3fifo/main.go:101.2,106.16 5 0
github.com/mrchypark/daramjwee/examples/memstore_s3fifo/main.go:106.16,109.3 2 0
github.com/mrchypark/daramjwee/examples/memstore_s3fifo/main.go:110.2,116.16 6 0
github.com/mrchypark/daramjwee/examples/memstore_s3fifo/main.go:116.16,119.3 2 0
github.com/mrchypark/daramjwee/examples/memstore_s3fifo/main.go:120.2,124.16 4 0
github.com/mrchypark/daramjwee/examples/memstore_s3fifo/main.go:124.16,127.3 2 0
github.com/mrchypark/daramjwee/examples/memstore_s3fifo/main.go:128.2,130.42 3 0
github.com/mrchypark/daramjwee/examples/memstore_sieve/main.go:23.117,29.2 2 0
github.com/mrchypark/daramjwee/examples/memstore_sieve/main.go:32.35,35.16 3 0
github.com/mrchypark/daramjwee/examples/memstore_sieve/main.go:35.16,38.3 2 0
github.com/mrchypark/daramjwee/examples/memstore_sieve/main.go:39.2,42.16 3 0
github.com/mrchypark/daramjwee/examples/memstore_sieve/main.go:42.16,45.3 2 0
github.com/mrchypark/daramjwee/examples/memstore_sieve/main.go:46.2,46.48 1 0
github.com/mrchypark/daramjwee/examples/memstore_sieve/main.go:53.13,63.16 5 0
github.com/mrchypark/daramjwee/examples/memstore_sieve/main.go:63.16,66.3 2 0
github.com/mrchypark/daramjwee/examples/memstore_sieve/main.go:67.2,72.16 5 0
github.com/mrchypark/daramjwee/examples/memstore_sieve/main.go:72.16,75.3 2 0
github.com/mrchypark/daramjwee/examples/memstore_sieve/main.go:76.2,82.16 6 0
github.com/mrchypark/daramjwee/examples/memstore_sieve/main.go:82.16,85.3 2 0
github.com/mrchypark/daramjwee/examples/memstore_sieve/main.go:86.2,92.16 6 0
github.com/mrchypark/daramjwee/examples/memstore_sieve/main.go:92.16,95.3 2 0
github.com/mrchypark/daramjwee/examples/memstore_sieve/main.go:96.2,97.16 2 0
github.com/mrchypark/daramjwee/examples/memstore_sieve/main.go:97.16,100.3 2 0
github.com/mrchypark/daramjwee/examples/memstore_sieve/main.go:101.2,106.16 5 0
github.com/mrchypark/daramjwee/examples/memstore_sieve/main.go:106.16,109.3 2 0
github.com/mrchypark/daramjwee/examples/memstore_sieve/main.go:110.2,116.16 6 0
github.com/mrchypark/daramjwee/examples/memstore_sieve/main.go:116.16,119.3 2 0
github.com/mrchypark/daramjwee/examples/memstore_sieve/main.go:120.2,124.16 4 0
github.com/mrchypark/daramjwee/examples/memstore_sieve/main.go:124.16,127.3 2 0
github.com/mrchypark/daramjwee/examples/memstore_sieve/main.go:128.2,130.42 3 0
github.com/mrchypark/daramjwee/examples/multi_tier_cache/main.go:24.117,30.2 2 0
github.com/mrchypark/daramjwee/examples/multi_tier_cache/main.go:33.35,36.16 3 0
github.com/mrchypark/daramjwee/examples/multi_tier_cache/main.go:36.16,39.3 2 0
github.com/mrchypark/daramjwee/examples/multi_tier_cache/main.go:40.2,43.16 3 0
github.com/mrchypark/daramjwee/examples/multi_tier_cache/main.go:43.16,46.3 2 0
github.com/mrchypark/daramjwee/examples/multi_tier_cache/main.go:47.2,47.48 1 0
github.com/mrchypark/daramjwee/examples/multi_tier_cache/main.go:54.13,58.16 3 0
github.com/mrchypark/daramjwee/examples/multi_tier_cache/main.go:58.16,61.3 2 0
github.com/mrchypark/daramjwee/examples/multi_tier_cache/main.go:62.2,69.16 5 0
github.com/mrchypark/daramjwee/examples/multi_tier_cache/main.go:69.16,72.3 2 0
github.com/mrchypark/daramjwee/examples/multi_tier_cache/main.go:74.2,80.16 2 0
github.com/mrchypark/daramjwee/examples/multi_tier_cache/main.go:80.16,83.3 2 0
github.com/mrchypark/daramjwee/examples/multi_tier_cache/main.go:84.2,89.16 5 0
github.com/mrchypark/daramjwee/examples/multi_tier_cache/main.go:89.16,92.3 2 0
github.com/mrchypark/daramjwee/examples/multi_tier_cache/main.go:93.2,99.16 6 0
github.com/mrchypark/daramjwee/examples/multi_tier_cache/main.go:99.16,102.3 2 0
github.com/mrchypark/daramjwee/examples/multi_tier_cache/main.go:103.2,109.16 6 0
github.com/mrchypark/daramjwee/examples/multi_tier_cache/main.go:109.16,112.3 2 0
github.com/mrchypark/daramjwee/examples/multi_tier_cache/main.go:113.2,117.16 4 0
github.com/mrchypark/daramjwee/examples/multi_tier_cache/main.go:117.16,120.3 2 0
github.com/mrchypark/daramjwee/examples/multi_tier_cache/main.go:121.2,127.16 6 0
github.com/mrchypark/daramjwee/examples/multi_tier_cache/main.go:127.16,130.3 2 0
github.com/mrchypark/daramjwee/examples/multi_tier_cache/main.go:131.2,132.16 2 0
github.com/mrchypark/daramjwee/examples/multi_tier_cache/main.go:132.16,135.3 2 0
github.com/mrchypark/daramjwee/examples/multi_tier_cache/main.go:136.2,141.16 5 0
github.com/mrchypark/daramjwee/examples/multi_tier_cache/main.go:141.16,144.3 2 0
github.com/mrchypark/daramjwee/examples/multi_tier_cache/main.go:145.2,151.16 6 0
github.com/mrchypark/daramjwee/examples/multi_tier_cache/main.go:151.16,154.3 2 0
github.com/mrchypark/daramjwee/examples/multi_tier_cache/main.go:155.2,159.16 4 0
github.com/mrchypark/daramjwee/examples/multi_tier_cache/main.go:159.16,162.3 2 0
github.com/mrchypark/daramjwee/examples/multi_tier_cache/main.go:163.2,165.42 3 0
github.com/mrchypark/daramjwee/examples/scenarios/main.go:26.117,29.59 2 0
github.com/mrchypark/daramjwee/examples/scenarios/main.go:29.59,31.3 1 0
github.com/mrchypark/daramjwee/examples/scenarios/main.go:33.2,39.8 1 0
github.com/mrchypark/daramjwee/examples/scenarios/main.go:42.13,73.2 12 0
github.com/mrchypark/daramjwee/examples/scenarios/main.go:79.42,109.16 7 0
github.com/mrchypark/daramjwee/examples/scenarios/main.go:109.16,112.3 2 0
github.com/mrchypark/daramjwee/examples/scenarios/main.go:113.2,120.16 5 0
github.com/mrchypark/daramjwee/examples/scenarios/main.go:120.16,122.3 1 0
github.com/mrchypark/daramjwee/examples/scenarios/main.go:122.8,125.3 2 0
github.com/mrchypark/daramjwee/examples/scenarios/main.go:132.50,149.16 4 0
github.com/mrchypark/daramjwee/examples/scenarios/main.go:149.16,152.3 2 0
github.com/mrchypark/daramjwee/examples/scenarios/main.go:153.2,160.16 5 0
github.com/mrchypark/daramjwee/examples/scenarios/main.go:160.16,162.3 1 0
github.com/mrchypark/daramjwee/examples/scenarios/main.go:162.8,165.3 2 0
github.com/mrchypark/daramjwee/examples/scenarios/main.go:172.44,195.16 6 0
github.com/mrchypark/daramjwee/examples/scenarios/main.go:195.16,198.3 2 0
github.com/mrchypark/daramjwee/examples/scenarios/main.go:199.2,206.16 5 0
github.com/mrchypark/daramjwee/examples/scenarios/main.go:206.16,208.3 1 0
github.com/mrchypark/daramjwee/examples/scenarios/main.go:208.8,211.3 2 0
github.com/mrchypark/daramjwee/examples/scenarios/main.go:218.52,248.16 7 0
github.com/mrchypark/daramjwee/examples/scenarios/main.go:248.16,251.3 2 0
github.com/mrchypark/daramjwee/examples/scenarios/main.go:252.2,259.16 5 0
github.com/mrchypark/daramjwee/examples/scenarios/main.go:259.16,261.3 1 0
github.com/mrchypark/daramjwee/examples/scenarios/main.go:261.8,264.3 2 0
github.com/mrchypark/daramjwee/examples/scenarios/main.go:271.46,301.16 7 0
github.com/mrchypark/daramjwee/examples/scenarios/main.go:301.16,304.3 2 0
github.com/mrchypark/daramjwee/examples/scenarios/main.go:305.2,307.108 2 0
github.com/mrchypark/daramjwee/examples/scenarios/main.go:314.51,330.16 4 0
github.com/mrchypark/daramjwee/examples/scenarios/main.go:330.16,333.3 2 0
github.com/mrchypark/daramjwee/examples/scenarios/main.go:334.2,341.16 5 0
github.com/mrchypark/daramjwee/examples/scenarios/main.go:341.16,343.3 1 0
github.com/mrchypark/daramjwee/examples/scenarios/main.go:343.8,346.3 2 0
github.com/mrchypark/daramjwee/examples/scenarios/main.go:353.50,368.16 4 0
github.com/mrchypark/daramjwee/examples/scenarios/main.go:368.16,371.3 2 0
github.com/mrchypark/daramjwee/examples/scenarios/main.go:372.2,374.100 2 0
github.com/mrchypark/daramjwee/examples/scenarios/main.go:381.57,397.16 4 0
github.com/mrchypark/daramjwee/examples/scenarios/main.go:397.16,400.3 2 0
github.com/mrchypark/daramjwee/examples/scenarios/main.go:401.2,408.16 5 0
github.com/mrchypark/daramjwee/examples/scenarios/main.go:408.16,410.3 1 0
github.com/mrchypark/daramjwee/examples/scenarios/main.go:410.8,413.3 2 0
github.com/mrchypark/daramjwee/internal/worker/all_strategy.go:22.76,30.2 3 1
github.com/mrchypark/daramjwee/internal/worker/all_strategy.go:33.31,34.12 1 1
github.com/mrchypark/daramjwee/internal/worker/all_strategy.go:34.12,35.27 1 1
github.com/mrchypark/daramjwee/internal/worker/all_strategy.go:35.27,37.19 2 0
github.com/mrchypark/daramjwee/internal/worker/all_strategy.go:37.19,42.5 4 0
github.com/mrchypark/daramjwee/internal/worker/all_strategy.go:48.44,51.2 2 0
github.com/mrchypark/daramjwee/internal/worker/all_strategy.go:55.61,58.12 3 1
github.com/mrchypark/daramjwee/internal/worker/all_strategy.go:58.12,61.3 2 1
github.com/mrchypark/daramjwee/internal/worker/all_strategy.go:63.2,63.9 1 1
github.com/mrchypark/daramjwee/internal/worker/all_strategy.go:64.16,65.13 1 1
github.com/mrchypark/daramjwee/internal/worker/all_strategy.go:66.29,68.28 2 0
github.com/mrchypark/daramjwee/internal/worker/pool_strategy.go:32.107,33.19 1 10
github.com/mrchypark/daramjwee/internal/worker/pool_strategy.go:33.19,35.3 1 0
github.com/mrchypark/daramjwee/internal/worker/pool_strategy.go:36.2,36.20 1 10
github.com/mrchypark/daramjwee/internal/worker/pool_strategy.go:36.20,38.3 1 0
github.com/mrchypark/daramjwee/internal/worker/pool_strategy.go:39.2,46.10 3 10
github.com/mrchypark/daramjwee/internal/worker/pool_strategy.go:50.32,52.34 2 10
github.com/mrchypark/daramjwee/internal/worker/pool_strategy.go:52.34,53.25 1 12
github.com/mrchypark/daramjwee/internal/worker/pool_strategy.go:53.25,58.28 4 12
github.com/mrchypark/daramjwee/internal/worker/pool_strategy.go:58.28,62.5 3 12
github.com/mrchypark/daramjwee/internal/worker/pool_strategy.go:63.4,63.51 1 10
github.com/mrchypark/daramjwee/internal/worker/pool_strategy.go:70.45,74.18 3 18
github.com/mrchypark/daramjwee/internal/worker/pool_strategy.go:74.18,77.3 2 0
github.com/mrchypark/daramjwee/internal/worker/pool_strategy.go:79.2,79.9 1 18
github.com/mrchypark/daramjwee/internal/worker/pool_strategy.go:80.21,81.14 1 12
github.com/mrchypark/daramjwee/internal/worker/pool_strategy.go:82.10,84.15 2 6
github.com/mrchypark/daramjwee/internal/worker/pool_strategy.go:91.62,92.27 1 9
github.com/mrchypark/daramjwee/internal/worker/pool_strategy.go:92.27,98.3 4 9
github.com/mrchypark/daramjwee/internal/worker/pool_strategy.go:100.2,101.12 2 9
github.com/mrchypark/daramjwee/internal/worker/pool_strategy.go:101.12,104.3 2 9
github.com/mrchypark/daramjwee/internal/worker/pool_strategy.go:106.2,106.9 1 9
github.com/mrchypark/daramjwee/internal/worker/pool_strategy.go:107.16,108.13 1 8
github.com/mrchypark/daramjwee/internal/worker/pool_strategy.go:109.29,111.28 2 1
github.com/mrchypark/daramjwee/internal/worker/worker.go:32.130,33.21 1 10
github.com/mrchypark/daramjwee/internal/worker/worker.go:33.21,35.3 1 0
github.com/mrchypark/daramjwee/internal/worker/worker.go:37.2,38.22 2 10
github.com/mrchypark/daramjwee/internal/worker/worker.go:39.13,40.48 1 1
github.com/mrchypark/daramjwee/internal/worker/worker.go:41.14,42.70 1 8
github.com/mrchypark/daramjwee/internal/worker/worker.go:43.10,45.70 2 1
github.com/mrchypark/daramjwee/internal/worker/worker.go:48.2,51.8 1 10
github.com/mrchypark/daramjwee/internal/worker/worker.go:55.40,57.2 1 15
github.com/mrchypark/daramjwee/internal/worker/worker.go:61.57,64.16 3 9
github.com/mrchypark/daramjwee/internal/worker/worker.go:64.16,67.3 2 1
github.com/mrchypark/daramjwee/internal/worker/worker.go:68.2,69.12 2 8
github.com/mrchypark/daramjwee/pkg/lock/mutex.go:11.32,13.2 1 0
github.com/mrchypark/daramjwee/pkg/lock/mutex.go:16.38,18.2 1 0
github.com/mrchypark/daramjwee/pkg/lock/mutex.go:21.40,23.2 1 0
github.com/mrchypark/daramjwee/pkg/lock/mutex.go:26.39,28.2 1 0
github.com/mrchypark/daramjwee/pkg/lock/mutex.go:31.41,33.2 1 0
github.com/mrchypark/daramjwee/pkg/lock/stripe.go:18.43,19.16 1 0
github.com/mrchypark/daramjwee/pkg/lock/stripe.go:19.16,21.3 1 0
github.com/mrchypark/daramjwee/pkg/lock/stripe.go:22.2,25.3 1 0
github.com/mrchypark/daramjwee/pkg/lock/stripe.go:29.50,31.2 1 0
github.com/mrchypark/daramjwee/pkg/lock/stripe.go:34.41,36.2 1 0
github.com/mrchypark/daramjwee/pkg/lock/stripe.go:39.43,41.2 1 0
github.com/mrchypark/daramjwee/pkg/lock/stripe.go:44.40,46.2 1 0
github.com/mrchypark/daramjwee/pkg/lock/stripe.go:49.42,51.2 1 0
github.com/mrchypark/daramjwee/pkg/comp/gzip.go:17.60,18.62 1 6
github.com/mrchypark/daramjwee/pkg/comp/gzip.go:18.62,20.3 1 1
github.com/mrchypark/daramjwee/pkg/comp/gzip.go:21.2,21.43 1 5
github.com/mrchypark/daramjwee/pkg/comp/gzip.go:25.49,27.2 1 9
github.com/mrchypark/daramjwee/pkg/comp/gzip.go:30.80,32.16 2 14
github.com/mrchypark/daramjwee/pkg/comp/gzip.go:32.16,34.3 1 0
github.com/mrchypark/daramjwee/pkg/comp/gzip.go:35.2,38.16 3 14
github.com/mrchypark/daramjwee/pkg/comp/gzip.go:38.16,40.3 1 0
github.com/mrchypark/daramjwee/pkg/comp/gzip.go:42.2,42.39 1 14
github.com/mrchypark/daramjwee/pkg/comp/gzip.go:42.39,44.3 1 0
github.com/mrchypark/daramjwee/pkg/comp/gzip.go:46.2,46.21 1 14
github.com/mrchypark/daramjwee/pkg/comp/gzip.go:50.82,52.16 2 14
github.com/mrchypark/daramjwee/pkg/comp/gzip.go:52.16,54.3 1 0
github.com/mrchypark/daramjwee/pkg/comp/gzip.go:55.2,58.16 3 14
github.com/mrchypark/daramjwee/pkg/comp/gzip.go:58.16,60.3 1 1
github.com/mrchypark/daramjwee/pkg/comp/gzip.go:62.2,62.21 1 13
github.com/mrchypark/daramjwee/pkg/comp/gzip.go:66.45,68.2 1 3
github.com/mrchypark/daramjwee/pkg/comp/gzip.go:71.38,73.2 1 9
github.com/mrchypark/daramjwee/pkg/comp/lz4.go:17.58,19.29 1 13
github.com/mrchypark/daramjwee/pkg/comp/lz4.go:19.29,21.3 1 2
github.com/mrchypark/daramjwee/pkg/comp/lz4.go:22.2,22.42 1 11
github.com/mrchypark/daramjwee/pkg/comp/lz4.go:26.47,28.2 1 6
github.com/mrchypark/daramjwee/pkg/comp/lz4.go:31.79,35.17 2 9
github.com/mrchypark/daramjwee/pkg/comp/lz4.go:35.17,38.3 1 2
github.com/mrchypark/daramjwee/pkg/comp/lz4.go:38.8,38.24 1 7
github.com/mrchypark/daramjwee/pkg/comp/lz4.go:38.24,41.3 1 1
github.com/mrchypark/daramjwee/pkg/comp/lz4.go:41.8,44.3 1 6
github.com/mrchypark/daramjwee/pkg/comp/lz4.go:46.2,49.30 2 9
github.com/mrchypark/daramjwee/pkg/comp/lz4.go:49.30,50.37 1 9
github.com/mrchypark/daramjwee/pkg/comp/lz4.go:50.37,52.4 1 0
github.com/mrchypark/daramjwee/pkg/comp/lz4.go:55.2,56.16 2 9
github.com/mrchypark/daramjwee/pkg/comp/lz4.go:56.16,59.3 2 0
github.com/mrchypark/daramjwee/pkg/comp/lz4.go:61.2,61.39 1 9
github.com/mrchypark/daramjwee/pkg/comp/lz4.go:61.39,63.3 1 0
github.com/mrchypark/daramjwee/pkg/comp/lz4.go:65.2,65.21 1 9
github.com/mrchypark/daramjwee/pkg/comp/lz4.go:69.81,73.16 3 9
github.com/mrchypark/daramjwee/pkg/comp/lz4.go:73.16,75.3 1 0
github.com/mrchypark/daramjwee/pkg/comp/lz4.go:77.2,77.21 1 9
github.com/mrchypark/daramjwee/pkg/comp/lz4.go:81.44,83.2 1 7
github.com/mrchypark/daramjwee/pkg/comp/lz4.go:86.37,88.2 1 13
github.com/mrchypark/daramjwee/pkg/comp/zstd.go:17.60,19.29 1 17
github.com/mrchypark/daramjwee/pkg/comp/zstd.go:19.29,21.3 1 2
github.com/mrchypark/daramjwee/pkg/comp/zstd.go:22.2,22.43 1 15
github.com/mrchypark/daramjwee/pkg/comp/zstd.go:26.49,28.2 1 6
github.com/mrchypark/daramjwee/pkg/comp/zstd.go:31.80,37.16 3 11
github.com/mrchypark/daramjwee/pkg/comp/zstd.go:37.16,39.3 1 0
github.com/mrchypark/daramjwee/pkg/comp/zstd.go:40.2,43.16 3 11
github.com/mrchypark/daramjwee/pkg/comp/zstd.go:43.16,45.3 1 0
github.com/mrchypark/daramjwee/pkg/comp/zstd.go:47.2,47.40 1 11
github.com/mrchypark/daramjwee/pkg/comp/zstd.go:47.40,49.3 1 0
github.com/mrchypark/daramjwee/pkg/comp/zstd.go:51.2,51.21 1 11
github.com/mrchypark/daramjwee/pkg/comp/zstd.go:55.82,57.16 2 11
github.com/mrchypark/daramjwee/pkg/comp/zstd.go:57.16,59.3 1 0
github.com/mrchypark/daramjwee/pkg/comp/zstd.go:60.2,63.16 3 11
github.com/mrchypark/daramjwee/pkg/comp/zstd.go:63.16,65.3 1 0
github.com/mrchypark/daramjwee/pkg/comp/zstd.go:67.2,67.21 1 11
github.com/mrchypark/daramjwee/pkg/comp/zstd.go:71.45,73.2 1 9
github.com/mrchypark/daramjwee/pkg/comp/zstd.go:76.38,78.2 1 17
github.com/mrchypark/daramjwee/pkg/policy/lru.go:24.46,29.2 1 6
github.com/mrchypark/daramjwee/pkg/policy/lru.go:32.39,33.34 1 2569
github.com/mrchypark/daramjwee/pkg/policy/lru.go:33.34,35.3 1 2568
github.com/mrchypark/daramjwee/pkg/policy/lru.go:40.49,41.34 1 4872
github.com/mrchypark/daramjwee/pkg/policy/lru.go:41.34,46.3 3 1
github.com/mrchypark/daramjwee/pkg/policy/lru.go:49.2,50.24 2 4871
github.com/mrchypark/daramjwee/pkg/policy/lru.go:54.40,55.34 1 2577
github.com/mrchypark/daramjwee/pkg/policy/lru.go:55.34,57.3 1 2576
github.com/mrchypark/daramjwee/pkg/policy/lru.go:62.38,64.17 2 2193
github.com/mrchypark/daramjwee/pkg/policy/lru.go:64.17,66.3 1 2
github.com/mrchypark/daramjwee/pkg/policy/lru.go:68.2,69.28 2 2191
github.com/mrchypark/daramjwee/pkg/policy/lru.go:74.62,79.2 4 4767
github.com/mrchypark/daramjwee/pkg/policy/s3fifo.go:41.88,42.42 1 8
github.com/mrchypark/daramjwee/pkg/policy/s3fifo.go:42.42,44.3 1 0
github.com/mrchypark/daramjwee/pkg/policy/s3fifo.go:45.2,51.3 2 8
github.com/mrchypark/daramjwee/pkg/policy/s3fifo.go:56.52,57.34 1 4865
github.com/mrchypark/daramjwee/pkg/policy/s3fifo.go:57.34,60.19 2 2
github.com/mrchypark/daramjwee/pkg/policy/s3fifo.go:60.19,63.4 2 1
github.com/mrchypark/daramjwee/pkg/policy/s3fifo.go:63.9,66.4 2 1
github.com/mrchypark/daramjwee/pkg/policy/s3fifo.go:67.3,68.9 2 2
github.com/mrchypark/daramjwee/pkg/policy/s3fifo.go:72.2,75.21 4 4863
github.com/mrchypark/daramjwee/pkg/policy/s3fifo.go:81.42,83.9 2 2611
github.com/mrchypark/daramjwee/pkg/policy/s3fifo.go:83.9,85.3 1 0
github.com/mrchypark/daramjwee/pkg/policy/s3fifo.go:87.2,89.19 2 2611
github.com/mrchypark/daramjwee/pkg/policy/s3fifo.go:89.19,98.3 6 1303
github.com/mrchypark/daramjwee/pkg/policy/s3fifo.go:98.8,101.3 1 1308
github.com/mrchypark/daramjwee/pkg/policy/s3fifo.go:105.43,106.34 1 2553
github.com/mrchypark/daramjwee/pkg/policy/s3fifo.go:106.34,108.3 1 2552
github.com/mrchypark/daramjwee/pkg/policy/s3fifo.go:114.41,116.35 1 2203
github.com/mrchypark/daramjwee/pkg/policy/s3fifo.go:116.35,118.18 2 2200
github.com/mrchypark/daramjwee/pkg/policy/s3fifo.go:118.18,121.4 2 2200
github.com/mrchypark/daramjwee/pkg/policy/s3fifo.go:125.2,125.27 1 3
github.com/mrchypark/daramjwee/pkg/policy/s3fifo.go:125.27,128.19 2 2
github.com/mrchypark/daramjwee/pkg/policy/s3fifo.go:128.19,133.20 3 3
github.com/mrchypark/daramjwee/pkg/policy/s3fifo.go:133.20,137.5 2 1
github.com/mrchypark/daramjwee/pkg/policy/s3fifo.go:137.10,141.5 2 2
github.com/mrchypark/daramjwee/pkg/policy/s3fifo.go:143.4,143.19 1 1
github.com/mrchypark/daramjwee/pkg/policy/s3fifo.go:150.2,150.61 1 1
github.com/mrchypark/daramjwee/pkg/policy/s3fifo.go:150.61,151.29 1 1
github.com/mrchypark/daramjwee/pkg/policy/s3fifo.go:151.29,155.4 3 0
github.com/mrchypark/daramjwee/pkg/policy/s3fifo.go:158.2,158.12 1 1
github.com/mrchypark/daramjwee/pkg/policy/s3fifo.go:163.68,165.18 2 4754
github.com/mrchypark/daramjwee/pkg/policy/s3fifo.go:165.18,168.3 2 1244
github.com/mrchypark/daramjwee/pkg/policy/s3fifo.go:168.8,171.3 2 3510
github.com/mrchypark/daramjwee/pkg/policy/s3fifo.go:172.2,173.14 2 4754
github.com/mrchypark/daramjwee/pkg/policy/sieve.go:33.48,39.2 1 10
github.com/mrchypark/daramjwee/pkg/policy/sieve.go:44.51,45.34 1 5879
github.com/mrchypark/daramjwee/pkg/policy/sieve.go:45.34,52.3 5 1
github.com/mrchypark/daramjwee/pkg/policy/sieve.go:55.2,57.21 3 5878
github.com/mrchypark/daramjwee/pkg/policy/sieve.go:61.41,62.34 1 2625
github.com/mrchypark/daramjwee/pkg/policy/sieve.go:62.34,64.3 1 2624
github.com/mrchypark/daramjwee/pkg/policy/sieve.go:68.42,69.34 1 2533
github.com/mrchypark/daramjwee/pkg/policy/sieve.go:69.34,71.3 1 2532
github.com/mrchypark/daramjwee/pkg/policy/sieve.go:77.40,78.21 1 3224
github.com/mrchypark/daramjwee/pkg/policy/sieve.go:78.21,80.3 1 1
github.com/mrchypark/daramjwee/pkg/policy/sieve.go:83.2,84.23 2 3223
github.com/mrchypark/daramjwee/pkg/policy/sieve.go:84.23,87.3 1 6
github.com/mrchypark/daramjwee/pkg/policy/sieve.go:90.2,90.6 1 3223
github.com/mrchypark/daramjwee/pkg/policy/sieve.go:90.6,92.20 2 4234
github.com/mrchypark/daramjwee/pkg/policy/sieve.go:92.20,96.19 3 1011
github.com/mrchypark/daramjwee/pkg/policy/sieve.go:96.19,99.5 1 1
github.com/mrchypark/daramjwee/pkg/policy/sieve.go:99.10,101.5 1 1010
github.com/mrchypark/daramjwee/pkg/policy/sieve.go:102.9,104.9 1 3223
github.com/mrchypark/daramjwee/pkg/policy/sieve.go:109.2,110.17 2 3223
github.com/mrchypark/daramjwee/pkg/policy/sieve.go:110.17,112.3 1 1
github.com/mrchypark/daramjwee/pkg/policy/sieve.go:112.8,114.3 1 3222
github.com/mrchypark/daramjwee/pkg/policy/sieve.go:117.2,118.34 2 3223
github.com/mrchypark/daramjwee/pkg/policy/sieve.go:123.66,125.17 1 5755
github.com/mrchypark/daramjwee/pkg/policy/sieve.go:125.17,127.18 2 27
github.com/mrchypark/daramjwee/pkg/policy/sieve.go:127.18,130.4 1 1
github.com/mrchypark/daramjwee/pkg/policy/sieve.go:130.9,132.4 1 26
github.com/mrchypark/daramjwee/pkg/policy/sieve.go:135.2,138.14 4 5755
github.com/mrchypark/daramjwee/pkg/store/adapter/objstore.go:148.84,153.2 1 1
github.com/mrchypark/daramjwee/pkg/store/adapter/objstore.go:205.114,207.16 2 4
github.com/mrchypark/daramjwee/pkg/store/adapter/objstore.go:207.16,209.3 1 1
github.com/mrchypark/daramjwee/pkg/store/adapter/objstore.go:211.2,213.16 3 3
github.com/mrchypark/daramjwee/pkg/store/adapter/objstore.go:213.16,216.3 2 0
github.com/mrchypark/daramjwee/pkg/store/adapter/objstore.go:218.2,218.21 1 3
github.com/mrchypark/daramjwee/pkg/store/adapter/objstore.go:278.128,291.12 4 7
github.com/mrchypark/daramjwee/pkg/store/adapter/objstore.go:291.12,295.3 3 7
github.com/mrchypark/daramjwee/pkg/store/adapter/objstore.go:297.2,297.20 1 7
github.com/mrchypark/daramjwee/pkg/store/adapter/objstore.go:340.73,347.20 4 1
github.com/mrchypark/daramjwee/pkg/store/adapter/objstore.go:347.20,348.57 1 1
github.com/mrchypark/daramjwee/pkg/store/adapter/objstore.go:348.57,351.4 2 0
github.com/mrchypark/daramjwee/pkg/store/adapter/objstore.go:352.3,352.13 1 1
github.com/mrchypark/daramjwee/pkg/store/adapter/objstore.go:356.2,356.20 1 1
github.com/mrchypark/daramjwee/pkg/store/adapter/objstore.go:356.20,357.57 1 1
github.com/mrchypark/daramjwee/pkg/store/adapter/objstore.go:357.57,360.4 2 0
github.com/mrchypark/daramjwee/pkg/store/adapter/objstore.go:361.3,361.13 1 1
github.com/mrchypark/daramjwee/pkg/store/adapter/objstore.go:364.2,364.17 1 1
github.com/mrchypark/daramjwee/pkg/store/adapter/objstore.go:425.94,429.16 3 9
github.com/mrchypark/daramjwee/pkg/store/adapter/objstore.go:429.16,430.37 1 3
github.com/mrchypark/daramjwee/pkg/store/adapter/objstore.go:430.37,432.4 1 3
github.com/mrchypark/daramjwee/pkg/store/adapter/objstore.go:433.3,433.85 1 0
github.com/mrchypark/daramjwee/pkg/store/adapter/objstore.go:435.2,435.15 1 6
github.com/mrchypark/daramjwee/pkg/store/adapter/objstore.go:435.15,436.35 1 6
github.com/mrchypark/daramjwee/pkg/store/adapter/objstore.go:436.35,438.4 1 0
github.com/mrchypark/daramjwee/pkg/store/adapter/objstore.go:441.2,442.16 2 6
github.com/mrchypark/daramjwee/pkg/store/adapter/objstore.go:442.16,444.3 1 0
github.com/mrchypark/daramjwee/pkg/store/adapter/objstore.go:446.2,447.61 2 6
github.com/mrchypark/daramjwee/pkg/store/adapter/objstore.go:447.61,449.3 1 0
github.com/mrchypark/daramjwee/pkg/store/adapter/objstore.go:451.2,451.23 1 6
github.com/mrchypark/daramjwee/pkg/store/adapter/objstore.go:455.57,457.2 1 11
github.com/mrchypark/daramjwee/pkg/store/adapter/objstore.go:460.57,462.2 1 15
github.com/mrchypark/daramjwee/pkg/store/adapter/objstore.go:476.70,478.2 1 5
github.com/mrchypark/daramjwee/pkg/store/adapter/objstore.go:482.49,485.37 1 7
github.com/mrchypark/daramjwee/pkg/store/adapter/objstore.go:485.37,487.3 1 0
github.com/mrchypark/daramjwee/pkg/store/adapter/objstore.go:490.2,493.24 2 7
github.com/mrchypark/daramjwee/pkg/store/adapter/objstore.go:493.24,496.3 2 2
github.com/mrchypark/daramjwee/pkg/store/adapter/objstore.go:499.2,501.16 3 5
github.com/mrchypark/daramjwee/pkg/store/adapter/objstore.go:501.16,504.3 2 0
github.com/mrchypark/daramjwee/pkg/store/adapter/objstore.go:506.2,507.16 2 5
github.com/mrchypark/daramjwee/pkg/store/adapter/objstore.go:507.16,510.3 2 0
github.com/mrchypark/daramjwee/pkg/store/adapter/objstore.go:512.2,513.12 2 5
github.com/mrchypark/daramjwee/pkg/store/filestore/storage.go:129.35,130.29 1 2
github.com/mrchypark/daramjwee/pkg/store/filestore/storage.go:130.29,132.3 1 2
github.com/mrchypark/daramjwee/pkg/store/filestore/storage.go:157.49,158.29 1 0
github.com/mrchypark/daramjwee/pkg/store/filestore/storage.go:158.29,160.3 1 0
github.com/mrchypark/daramjwee/pkg/store/filestore/storage.go:214.59,215.29 1 5
github.com/mrchypark/daramjwee/pkg/store/filestore/storage.go:215.29,219.3 3 5
github.com/mrchypark/daramjwee/pkg/store/filestore/storage.go:285.126,286.47 1 19
github.com/mrchypark/daramjwee/pkg/store/filestore/storage.go:286.47,288.3 1 0
github.com/mrchypark/daramjwee/pkg/store/filestore/storage.go:289.2,289.19 1 19
github.com/mrchypark/daramjwee/pkg/store/filestore/storage.go:289.19,291.3 1 16
github.com/mrchypark/daramjwee/pkg/store/filestore/storage.go:292.2,302.27 2 19
github.com/mrchypark/daramjwee/pkg/store/filestore/storage.go:302.27,304.3 1 7
github.com/mrchypark/daramjwee/pkg/store/filestore/storage.go:307.2,307.16 1 19
github.com/mrchypark/daramjwee/pkg/store/filestore/storage.go:307.16,308.22 1 5
github.com/mrchypark/daramjwee/pkg/store/filestore/storage.go:308.22,310.4 1 1
github.com/mrchypark/daramjwee/pkg/store/filestore/storage.go:311.3,311.30 1 4
github.com/mrchypark/daramjwee/pkg/store/filestore/storage.go:311.30,313.4 1 1
github.com/mrchypark/daramjwee/pkg/store/filestore/storage.go:315.3,315.53 1 3
github.com/mrchypark/daramjwee/pkg/store/filestore/storage.go:315.53,317.4 1 1
github.com/mrchypark/daramjwee/pkg/store/filestore/storage.go:320.2,320.16 1 16
github.com/mrchypark/daramjwee/pkg/store/filestore/storage.go:369.109,374.16 4 43
github.com/mrchypark/daramjwee/pkg/store/filestore/storage.go:374.16,376.25 2 32
github.com/mrchypark/daramjwee/pkg/store/filestore/storage.go:376.25,378.4 1 32
github.com/mrchypark/daramjwee/pkg/store/filestore/storage.go:379.3,379.23 1 0
github.com/mrchypark/daramjwee/pkg/store/filestore/storage.go:382.2,383.16 2 11
github.com/mrchypark/daramjwee/pkg/store/filestore/storage.go:383.16,387.3 3 1
github.com/mrchypark/daramjwee/pkg/store/filestore/storage.go:389.2,389.63 1 10
github.com/mrchypark/daramjwee/pkg/store/filestore/storage.go:389.63,393.3 3 0
github.com/mrchypark/daramjwee/pkg/store/filestore/storage.go:395.2,397.42 2 10
github.com/mrchypark/daramjwee/pkg/store/filestore/storage.go:397.42,397.69 1 7
github.com/mrchypark/daramjwee/pkg/store/filestore/storage.go:447.123,453.16 4 49
github.com/mrchypark/daramjwee/pkg/store/filestore/storage.go:453.16,456.3 2 0
github.com/mrchypark/daramjwee/pkg/store/filestore/storage.go:459.2,459.57 1 49
github.com/mrchypark/daramjwee/pkg/store/filestore/storage.go:459.57,464.3 4 0
github.com/mrchypark/daramjwee/pkg/store/filestore/storage.go:466.2,466.32 1 49
github.com/mrchypark/daramjwee/pkg/store/filestore/storage.go:466.32,470.16 3 49
github.com/mrchypark/daramjwee/pkg/store/filestore/storage.go:470.16,471.93 1 49
github.com/mrchypark/daramjwee/pkg/store/filestore/storage.go:471.93,473.19 2 0
github.com/mrchypark/daramjwee/pkg/store/filestore/storage.go:473.19,475.6 1 0
github.com/mrchypark/daramjwee/pkg/store/filestore/storage.go:480.3,481.48 2 49
github.com/mrchypark/daramjwee/pkg/store/filestore/storage.go:481.48,483.4 1 0
github.com/mrchypark/daramjwee/pkg/store/filestore/storage.go:486.3,488.21 3 49
github.com/mrchypark/daramjwee/pkg/store/filestore/storage.go:488.21,491.4 2 14
github.com/mrchypark/daramjwee/pkg/store/filestore/storage.go:491.9,491.36 1 35
github.com/mrchypark/daramjwee/pkg/store/filestore/storage.go:491.36,493.4 1 35
github.com/mrchypark/daramjwee/pkg/store/filestore/storage.go:493.9,495.4 1 0
github.com/mrchypark/daramjwee/pkg/store/filestore/storage.go:497.3,497.28 1 49
github.com/mrchypark/daramjwee/pkg/store/filestore/storage.go:497.28,499.62 1 2
github.com/mrchypark/daramjwee/pkg/store/filestore/storage.go:499.62,501.5 1 1
github.com/mrchypark/daramjwee/pkg/store/filestore/storage.go:502.9,504.63 1 47
github.com/mrchypark/daramjwee/pkg/store/filestore/storage.go:504.63,506.5 1 1
github.com/mrchypark/daramjwee/pkg/store/filestore/storage.go:509.3,510.17 2 47
github.com/mrchypark/daramjwee/pkg/store/filestore/storage.go:510.17,512.4 1 0
github.com/mrchypark/daramjwee/pkg/store/filestore/storage.go:513.3,534.22 8 47
github.com/mrchypark/daramjwee/pkg/store/filestore/storage.go:534.22,535.37 1 38
github.com/mrchypark/daramjwee/pkg/store/filestore/storage.go:535.37,537.30 2 1
github.com/mrchypark/daramjwee/pkg/store/filestore/storage.go:537.30,538.11 1 0
github.com/mrchypark/daramjwee/pkg/store/filestore/storage.go:541.5,542.44 2 1
github.com/mrchypark/daramjwee/pkg/store/filestore/storage.go:542.44,545.20 3 1
github.com/mrchypark/daramjwee/pkg/store/filestore/storage.go:545.20,549.15 3 0
github.com/mrchypark/daramjwee/pkg/store/filestore/storage.go:551.6,555.51 3 1
github.com/mrchypark/daramjwee/pkg/store/filestore/storage.go:555.51,559.7 3 1
github.com/mrchypark/daramjwee/pkg/store/filestore/storage.go:559.12,561.7 1 0
github.com/mrchypark/daramjwee/pkg/store/filestore/storage.go:562.6,562.115 1 1
github.com/mrchypark/daramjwee/pkg/store/filestore/storage.go:565.5,565.25 1 1
github.com/mrchypark/daramjwee/pkg/store/filestore/storage.go:565.25,568.11 1 0
github.com/mrchypark/daramjwee/pkg/store/filestore/storage.go:572.3,574.13 2 47
github.com/mrchypark/daramjwee/pkg/store/filestore/storage.go:577.2,577.52 1 49
github.com/mrchypark/daramjwee/pkg/store/filestore/storage.go:615.68,624.16 5 38
github.com/mrchypark/daramjwee/pkg/store/filestore/storage.go:624.16,641.3 7 19
github.com/mrchypark/daramjwee/pkg/store/filestore/storage.go:641.8,641.31 1 19
github.com/mrchypark/daramjwee/pkg/store/filestore/storage.go:641.31,643.3 1 19
github.com/mrchypark/daramjwee/pkg/store/filestore/storage.go:643.8,645.3 1 0
github.com/mrchypark/daramjwee/pkg/store/filestore/storage.go:647.2,648.39 2 38
github.com/mrchypark/daramjwee/pkg/store/filestore/storage.go:648.39,650.3 1 0
github.com/mrchypark/daramjwee/pkg/store/filestore/storage.go:651.2,651.12 1 38
github.com/mrchypark/daramjwee/pkg/store/filestore/storage.go:708.89,714.16 5 2
github.com/mrchypark/daramjwee/pkg/store/filestore/storage.go:714.16,715.25 1 1
github.com/mrchypark/daramjwee/pkg/store/filestore/storage.go:715.25,717.4 1 1
github.com/mrchypark/daramjwee/pkg/store/filestore/storage.go:718.3,718.18 1 0
github.com/mrchypark/daramjwee/pkg/store/filestore/storage.go:720.2,724.18 4 1
github.com/mrchypark/daramjwee/pkg/store/filestore/storage.go:729.52,730.17 1 143
github.com/mrchypark/daramjwee/pkg/store/filestore/storage.go:730.17,736.3 3 138
github.com/mrchypark/daramjwee/pkg/store/filestore/storage.go:739.2,747.35 6 5
github.com/mrchypark/daramjwee/pkg/store/filestore/storage.go:747.35,750.27 3 10
github.com/mrchypark/daramjwee/pkg/store/filestore/storage.go:750.27,753.31 1 0
github.com/mrchypark/daramjwee/pkg/store/filestore/storage.go:753.31,754.10 1 0
github.com/mrchypark/daramjwee/pkg/store/filestore/storage.go:756.4,756.24 1 0
github.com/mrchypark/daramjwee/pkg/store/filestore/storage.go:758.3,758.54 1 10
github.com/mrchypark/daramjwee/pkg/store/filestore/storage.go:760.2,762.36 2 5
github.com/mrchypark/daramjwee/pkg/store/filestore/storage.go:766.65,768.16 2 49
github.com/mrchypark/daramjwee/pkg/store/filestore/storage.go:768.16,770.3 1 0
github.com/mrchypark/daramjwee/pkg/store/filestore/storage.go:772.2,775.43 3 49
github.com/mrchypark/daramjwee/pkg/store/filestore/storage.go:775.43,777.3 1 0
github.com/mrchypark/daramjwee/pkg/store/filestore/storage.go:778.2,778.46 1 49
github.com/mrchypark/daramjwee/pkg/store/filestore/storage.go:778.46,780.3 1 0
github.com/mrchypark/daramjwee/pkg/store/filestore/storage.go:781.2,781.12 1 49
github.com/mrchypark/daramjwee/pkg/store/filestore/storage.go:787.68,789.50 2 12
github.com/mrchypark/daramjwee/pkg/store/filestore/storage.go:789.50,790.50 1 0
github.com/mrchypark/daramjwee/pkg/store/filestore/storage.go:790.50,792.4 1 0
github.com/mrchypark/daramjwee/pkg/store/filestore/storage.go:793.3,793.71 1 0
github.com/mrchypark/daramjwee/pkg/store/filestore/storage.go:796.2,798.28 2 12
github.com/mrchypark/daramjwee/pkg/store/filestore/storage.go:798.28,800.3 1 0
github.com/mrchypark/daramjwee/pkg/store/filestore/storage.go:802.2,803.53 2 12
github.com/mrchypark/daramjwee/pkg/store/filestore/storage.go:803.53,805.3 1 1
github.com/mrchypark/daramjwee/pkg/store/filestore/storage.go:807.2,808.57 2 11
github.com/mrchypark/daramjwee/pkg/store/filestore/storage.go:808.57,810.3 1 0
github.com/mrchypark/daramjwee/pkg/store/filestore/storage.go:812.2,813.31 2 11
github.com/mrchypark/daramjwee/pkg/store/filestore/storage.go:817.44,819.16 2 2
github.com/mrchypark/daramjwee/pkg/store/filestore/storage.go:819.16,821.3 1 0
github.com/mrchypark/daramjwee/pkg/store/filestore/storage.go:822.2,822.15 1 2
github.com/mrchypark/daramjwee/pkg/store/filestore/storage.go:822.15,823.41 1 2
github.com/mrchypark/daramjwee/pkg/store/filestore/storage.go:823.41,825.4 1 1
github.com/mrchypark/daramjwee/pkg/store/filestore/storage.go:828.2,829.16 2 2
github.com/mrchypark/daramjwee/pkg/store/filestore/storage.go:829.16,831.3 1 1
github.com/mrchypark/daramjwee/pkg/store/filestore/storage.go:832.2,832.15 1 1
github.com/mrchypark/daramjwee/pkg/store/filestore/storage.go:832.15,833.42 1 1
github.com/mrchypark/daramjwee/pkg/store/filestore/storage.go:833.42,835.4 1 1
github.com/mrchypark/daramjwee/pkg/store/filestore/storage.go:838.2,839.12 2 1
github.com/mrchypark/daramjwee/pkg/store/filestore/storage.go:849.71,851.2 1 10
github.com/mrchypark/daramjwee/pkg/store/filestore/storage.go:854.44,857.2 2 7
github.com/mrchypark/daramjwee/pkg/store/filestore/storage.go:866.76,868.2 1 49
github.com/mrchypark/daramjwee/pkg/store/filestore/storage.go:872.45,877.23 3 49
github.com/mrchypark/daramjwee/pkg/store/filestore/storage.go:877.23,879.3 1 2
github.com/mrchypark/daramjwee/pkg/store/filestore/storage.go:880.2,880.17 1 47
github.com/mrchypark/daramjwee/pkg/store/memstore/memory.go:15.27,19.4 1 2493
github.com/mrchypark/daramjwee/pkg/store/memstore/memory.go:22.27,24.4 1 0
github.com/mrchypark/daramjwee/pkg/store/memstore/memory.go:136.49,137.28 1 0
github.com/mrchypark/daramjwee/pkg/store/memstore/memory.go:137.28,139.3 1 0
github.com/mrchypark/daramjwee/pkg/store/memstore/memory.go:203.85,204.19 1 14
github.com/mrchypark/daramjwee/pkg/store/memstore/memory.go:204.19,206.3 1 7
github.com/mrchypark/daramjwee/pkg/store/memstore/memory.go:207.2,213.27 2 14
github.com/mrchypark/daramjwee/pkg/store/memstore/memory.go:213.27,215.3 1 0
github.com/mrchypark/daramjwee/pkg/store/memstore/memory.go:216.2,216.11 1 14
github.com/mrchypark/daramjwee/pkg/store/memstore/memory.go:258.108,263.9 4 115
github.com/mrchypark/daramjwee/pkg/store/memstore/memory.go:263.9,265.3 1 4
github.com/mrchypark/daramjwee/pkg/store/memstore/memory.go:268.2,273.36 4 111
github.com/mrchypark/daramjwee/pkg/store/memstore/memory.go:323.122,329.2 5 10121
github.com/mrchypark/daramjwee/pkg/store/memstore/memory.go:366.67,370.31 3 4
github.com/mrchypark/daramjwee/pkg/store/memstore/memory.go:370.31,377.3 4 3
github.com/mrchypark/daramjwee/pkg/store/memstore/memory.go:379.2,379.12 1 4
github.com/mrchypark/daramjwee/pkg/store/memstore/memory.go:435.88,440.9 4 5
github.com/mrchypark/daramjwee/pkg/store/memstore/memory.go:440.9,442.3 1 1
github.com/mrchypark/daramjwee/pkg/store/memstore/memory.go:445.2,447.24 2 4
github.com/mrchypark/daramjwee/pkg/store/memstore/memory.go:459.61,461.2 1 10118
github.com/mrchypark/daramjwee/pkg/store/memstore/memory.go:465.40,475.42 6 10121
github.com/mrchypark/daramjwee/pkg/store/memstore/memory.go:475.42,477.3 1 101
github.com/mrchypark/daramjwee/pkg/store/memstore/memory.go:479.2,490.23 5 10121
github.com/mrchypark/daramjwee/pkg/store/memstore/memory.go:490.23,491.40 1 10018
github.com/mrchypark/daramjwee/pkg/store/memstore/memory.go:491.40,493.29 2 9819
github.com/mrchypark/daramjwee/pkg/store/memstore/memory.go:493.29,495.10 1 0
github.com/mrchypark/daramjwee/pkg/store/memstore/memory.go:498.4,499.43 2 9819
github.com/mrchypark/daramjwee/pkg/store/memstore/memory.go:499.43,500.54 1 9820
github.com/mrchypark/daramjwee/pkg/store/memstore/memory.go:500.54,504.6 3 9818
github.com/mrchypark/daramjwee/pkg/store/memstore/memory.go:507.4,507.24 1 9819
github.com/mrchypark/daramjwee/pkg/store/memstore/memory.go:507.24,509.10 1 1
github.com/mrchypark/daramjwee/pkg/store/memstore/memory.go:515.2,521.12 6 10121
github.com/mrchypark/daramjwee/adaptive_buffer_pool.go:92.109,94.50 1 38
github.com/mrchypark/daramjwee/adaptive_buffer_pool.go:94.50,96.3 1 0
github.com/mrchypark/daramjwee/adaptive_buffer_pool.go:99.2,99.38 1 38
github.com/mrchypark/daramjwee/adaptive_buffer_pool.go:99.38,101.3 1 0
github.com/mrchypark/daramjwee/adaptive_buffer_pool.go:102.2,102.42 1 38
github.com/mrchypark/daramjwee/adaptive_buffer_pool.go:102.42,104.3 1 0
github.com/mrchypark/daramjwee/adaptive_buffer_pool.go:105.2,105.27 1 38
github.com/mrchypark/daramjwee/adaptive_buffer_pool.go:105.27,107.3 1 0
github.com/mrchypark/daramjwee/adaptive_buffer_pool.go:108.2,108.39 1 38
github.com/mrchypark/daramjwee/adaptive_buffer_pool.go:108.39,110.3 1 0
github.com/mrchypark/daramjwee/adaptive_buffer_pool.go:112.2,130.38 3 38
github.com/mrchypark/daramjwee/adaptive_buffer_pool.go:130.38,133.3 2 152
github.com/mrchypark/daramjwee/adaptive_buffer_pool.go:136.2,148.27 9 38
github.com/mrchypark/daramjwee/adaptive_buffer_pool.go:148.27,150.4 1 1088
github.com/mrchypark/daramjwee/adaptive_buffer_pool.go:154.2,175.17 4 38
github.com/mrchypark/daramjwee/adaptive_buffer_pool.go:179.80,181.28 1 7977
github.com/mrchypark/daramjwee/adaptive_buffer_pool.go:181.28,183.46 1 0
github.com/mrchypark/daramjwee/adaptive_buffer_pool.go:183.46,185.4 1 0
github.com/mrchypark/daramjwee/adaptive_buffer_pool.go:189.2,189.47 1 7977
github.com/mrchypark/daramjwee/adaptive_buffer_pool.go:189.47,190.23 1 22928
github.com/mrchypark/daramjwee/adaptive_buffer_pool.go:190.23,192.4 1 5219
github.com/mrchypark/daramjwee/adaptive_buffer_pool.go:196.2,196.23 1 2758
github.com/mrchypark/daramjwee/adaptive_buffer_pool.go:200.66,201.20 1 15954
github.com/mrchypark/daramjwee/adaptive_buffer_pool.go:201.20,203.3 1 2
github.com/mrchypark/daramjwee/adaptive_buffer_pool.go:203.8,203.51 1 15952
github.com/mrchypark/daramjwee/adaptive_buffer_pool.go:203.51,205.3 1 2002
github.com/mrchypark/daramjwee/adaptive_buffer_pool.go:205.8,205.55 1 13950
github.com/mrchypark/daramjwee/adaptive_buffer_pool.go:205.55,207.3 1 8434
github.com/mrchypark/daramjwee/adaptive_buffer_pool.go:208.2,208.21 1 5516
github.com/mrchypark/daramjwee/adaptive_buffer_pool.go:212.57,214.15 2 7977
github.com/mrchypark/daramjwee/adaptive_buffer_pool.go:214.15,217.3 2 7977
github.com/mrchypark/daramjwee/adaptive_buffer_pool.go:219.2,225.25 4 7977
github.com/mrchypark/daramjwee/adaptive_buffer_pool.go:225.25,228.3 2 0
github.com/mrchypark/daramjwee/adaptive_buffer_pool.go:230.2,240.18 4 7977
github.com/mrchypark/daramjwee/adaptive_buffer_pool.go:241.22,242.31 1 1002
github.com/mrchypark/daramjwee/adaptive_buffer_pool.go:243.23,245.24 1 4217
github.com/mrchypark/daramjwee/adaptive_buffer_pool.go:246.22,248.28 2 2758
github.com/mrchypark/daramjwee/adaptive_buffer_pool.go:249.10,251.28 2 0
github.com/mrchypark/daramjwee/adaptive_buffer_pool.go:256.65,257.20 1 1002
github.com/mrchypark/daramjwee/adaptive_buffer_pool.go:257.20,260.3 2 1
github.com/mrchypark/daramjwee/adaptive_buffer_pool.go:260.8,260.51 1 1001
github.com/mrchypark/daramjwee/adaptive_buffer_pool.go:260.51,263.3 2 1001
github.com/mrchypark/daramjwee/adaptive_buffer_pool.go:266.2,267.27 2 0
github.com/mrchypark/daramjwee/adaptive_buffer_pool.go:271.54,275.2 3 4266
github.com/mrchypark/daramjwee/adaptive_buffer_pool.go:278.52,282.39 3 7977
github.com/mrchypark/daramjwee/adaptive_buffer_pool.go:282.39,284.3 1 0
github.com/mrchypark/daramjwee/adaptive_buffer_pool.go:286.2,289.37 2 7977
github.com/mrchypark/daramjwee/adaptive_buffer_pool.go:289.37,292.3 1 4217
github.com/mrchypark/daramjwee/adaptive_buffer_pool.go:292.8,292.30 1 3760
github.com/mrchypark/daramjwee/adaptive_buffer_pool.go:292.30,294.3 1 1
github.com/mrchypark/daramjwee/adaptive_buffer_pool.go:294.8,294.54 1 3759
github.com/mrchypark/daramjwee/adaptive_buffer_pool.go:294.54,296.3 1 1
github.com/mrchypark/daramjwee/adaptive_buffer_pool.go:301.57,305.2 2 4266
github.com/mrchypark/daramjwee/adaptive_buffer_pool.go:308.72,309.20 1 7977
github.com/mrchypark/daramjwee/adaptive_buffer_pool.go:309.20,311.3 1 1
github.com/mrchypark/daramjwee/adaptive_buffer_pool.go:311.8,311.51 1 7976
github.com/mrchypark/daramjwee/adaptive_buffer_pool.go:311.51,313.3 1 1001
github.com/mrchypark/daramjwee/adaptive_buffer_pool.go:313.8,313.55 1 6975
github.com/mrchypark/daramjwee/adaptive_buffer_pool.go:313.55,315.3 1 4217
github.com/mrchypark/daramjwee/adaptive_buffer_pool.go:315.8,317.3 1 2758
github.com/mrchypark/daramjwee/adaptive_buffer_pool.go:321.87,322.18 1 7977
github.com/mrchypark/daramjwee/adaptive_buffer_pool.go:323.22,324.52 1 1002
github.com/mrchypark/daramjwee/adaptive_buffer_pool.go:325.23,326.53 1 4217
github.com/mrchypark/daramjwee/adaptive_buffer_pool.go:327.22,328.52 1 2758
github.com/mrchypark/daramjwee/adaptive_buffer_pool.go:333.81,339.22 4 7977
github.com/mrchypark/daramjwee/adaptive_buffer_pool.go:339.22,341.3 1 6321
github.com/mrchypark/daramjwee/adaptive_buffer_pool.go:342.2,346.19 3 7977
github.com/mrchypark/daramjwee/adaptive_buffer_pool.go:346.19,348.26 2 7977
github.com/mrchypark/daramjwee/adaptive_buffer_pool.go:348.26,350.4 1 708181
github.com/mrchypark/daramjwee/adaptive_buffer_pool.go:351.3,352.65 2 7977
github.com/mrchypark/daramjwee/adaptive_buffer_pool.go:357.60,360.2 2 7977
github.com/mrchypark/daramjwee/adaptive_buffer_pool.go:363.92,364.25 1 49
github.com/mrchypark/daramjwee/adaptive_buffer_pool.go:364.25,366.3 1 0
github.com/mrchypark/daramjwee/adaptive_buffer_pool.go:370.2,372.18 2 49
github.com/mrchypark/daramjwee/adaptive_buffer_pool.go:373.23,374.41 1 49
github.com/mrchypark/daramjwee/adaptive_buffer_pool.go:375.22,376.40 1 0
github.com/mrchypark/daramjwee/adaptive_buffer_pool.go:377.10,378.27 1 0
github.com/mrchypark/daramjwee/adaptive_buffer_pool.go:383.99,388.2 3 49
github.com/mrchypark/daramjwee/adaptive_buffer_pool.go:391.98,396.2 3 0
github.com/mrchypark/daramjwee/adaptive_buffer_pool.go:399.82,400.25 1 9
github.com/mrchypark/daramjwee/adaptive_buffer_pool.go:400.25,402.3 1 0
github.com/mrchypark/daramjwee/adaptive_buffer_pool.go:404.2,408.3 1 9
github.com/mrchypark/daramjwee/adaptive_buffer_pool.go:419.67,421.11 2 215
github.com/mrchypark/daramjwee/adaptive_buffer_pool.go:421.11,423.55 1 206
github.com/mrchypark/daramjwee/adaptive_buffer_pool.go:423.55,425.4 1 0
github.com/mrchypark/daramjwee/adaptive_buffer_pool.go:427.2,427.15 1 215
github.com/mrchypark/daramjwee/adaptive_buffer_pool.go:445.108,454.2 1 0
github.com/mrchypark/daramjwee/adaptive_buffer_pool.go:457.68,459.11 2 0
github.com/mrchypark/daramjwee/adaptive_buffer_pool.go:459.11,464.62 3 0
github.com/mrchypark/daramjwee/adaptive_buffer_pool.go:464.62,466.4 1 0
github.com/mrchypark/daramjwee/adaptive_buffer_pool.go:468.2,468.15 1 0
github.com/mrchypark/daramjwee/adaptive_buffer_pool.go:472.109,474.45 1 0
github.com/mrchypark/daramjwee/adaptive_buffer_pool.go:474.45,475.10 1 0
github.com/mrchypark/daramjwee/adaptive_buffer_pool.go:476.41,477.17 1 0
github.com/mrchypark/daramjwee/adaptive_buffer_pool.go:477.17,477.41 1 0
github.com/mrchypark/daramjwee/adaptive_buffer_pool.go:478.11,484.28 2 0
github.com/mrchypark/daramjwee/adaptive_buffer_pool.go:489.2,493.39 3 0
github.com/mrchypark/daramjwee/adaptive_buffer_pool.go:493.39,496.3 2 0
github.com/mrchypark/daramjwee/adaptive_buffer_pool.go:496.8,498.3 1 0
github.com/mrchypark/daramjwee/adaptive_buffer_pool.go:501.2,518.20 7 0
github.com/mrchypark/daramjwee/adaptive_buffer_pool.go:522.76,524.20 1 0
github.com/mrchypark/daramjwee/adaptive_buffer_pool.go:524.20,526.3 1 0
github.com/mrchypark/daramjwee/adaptive_buffer_pool.go:529.2,529.44 1 0
github.com/mrchypark/daramjwee/adaptive_buffer_pool.go:529.44,531.3 1 0
github.com/mrchypark/daramjwee/adaptive_buffer_pool.go:534.2,534.48 1 0
github.com/mrchypark/daramjwee/adaptive_buffer_pool.go:534.48,536.3 1 0
github.com/mrchypark/daramjwee/adaptive_buffer_pool.go:539.2,539.33 1 0
github.com/mrchypark/daramjwee/adaptive_buffer_pool.go:543.63,549.65 3 10
github.com/mrchypark/daramjwee/adaptive_buffer_pool.go:549.65,551.3 1 40
github.com/mrchypark/daramjwee/adaptive_buffer_pool.go:553.2,575.3 1 10
github.com/mrchypark/daramjwee/adaptive_buffer_pool.go:579.72,585.19 3 10
github.com/mrchypark/daramjwee/adaptive_buffer_pool.go:585.19,587.3 1 0
github.com/mrchypark/daramjwee/adaptive_buffer_pool.go:590.2,591.19 2 10
github.com/mrchypark/daramjwee/adaptive_buffer_pool.go:591.19,593.3 1 1
github.com/mrchypark/daramjwee/adaptive_buffer_pool.go:594.2,594.16 1 10
github.com/mrchypark/daramjwee/adaptive_buffer_pool.go:598.44,602.60 2 29
github.com/mrchypark/daramjwee/adaptive_buffer_pool.go:602.60,604.3 1 29
github.com/mrchypark/daramjwee/adaptive_buffer_pool.go:605.2,605.61 1 29
github.com/mrchypark/daramjwee/adaptive_buffer_pool.go:605.61,607.3 1 29
github.com/mrchypark/daramjwee/adaptive_buffer_pool.go:609.2,609.77 1 29
github.com/mrchypark/daramjwee/adaptive_buffer_pool.go:613.58,615.42 1 38
github.com/mrchypark/daramjwee/adaptive_buffer_pool.go:615.42,617.3 1 0
github.com/mrchypark/daramjwee/adaptive_buffer_pool.go:620.2,620.92 1 38
github.com/mrchypark/daramjwee/adaptive_buffer_pool.go:620.92,622.3 1 0
github.com/mrchypark/daramjwee/adaptive_buffer_pool.go:624.2,624.107 1 38
github.com/mrchypark/daramjwee/adaptive_buffer_pool.go:624.107,626.3 1 0
github.com/mrchypark/daramjwee/adaptive_buffer_pool.go:628.2,628.51 1 38
github.com/mrchypark/daramjwee/adaptive_buffer_pool.go:628.51,630.3 1 0
github.com/mrchypark/daramjwee/adaptive_buffer_pool.go:632.2,632.75 1 38
github.com/mrchypark/daramjwee/adaptive_buffer_pool.go:632.75,634.3 1 0
github.com/mrchypark/daramjwee/adaptive_buffer_pool.go:636.2,636.12 1 38
github.com/mrchypark/daramjwee/buffer_pool.go:39.100,40.35 1 251
github.com/mrchypark/daramjwee/buffer_pool.go:40.35,42.3 1 1
github.com/mrchypark/daramjwee/buffer_pool.go:43.2,43.31 1 251
github.com/mrchypark/daramjwee/buffer_pool.go:43.31,45.3 1 1
github.com/mrchypark/daramjwee/buffer_pool.go:46.2,46.31 1 251
github.com/mrchypark/daramjwee/buffer_pool.go:46.31,48.3 1 1
github.com/mrchypark/daramjwee/buffer_pool.go:50.2,58.56 2 251
github.com/mrchypark/daramjwee/buffer_pool.go:58.56,60.3 1 9
github.com/mrchypark/daramjwee/buffer_pool.go:63.2,73.35 2 251
github.com/mrchypark/daramjwee/buffer_pool.go:73.35,74.67 1 1757
github.com/mrchypark/daramjwee/buffer_pool.go:74.67,76.4 1 1054
github.com/mrchypark/daramjwee/buffer_pool.go:79.2,79.11 1 251
github.com/mrchypark/daramjwee/buffer_pool.go:83.51,87.24 3 1362915
github.com/mrchypark/daramjwee/buffer_pool.go:87.24,90.3 2 6
github.com/mrchypark/daramjwee/buffer_pool.go:93.2,104.49 7 1362909
github.com/mrchypark/daramjwee/buffer_pool.go:104.49,107.3 2 1003870
github.com/mrchypark/daramjwee/buffer_pool.go:107.8,109.3 1 359039
github.com/mrchypark/daramjwee/buffer_pool.go:112.2,112.19 1 1362909
github.com/mrchypark/daramjwee/buffer_pool.go:116.46,120.38 3 1010571
github.com/mrchypark/daramjwee/buffer_pool.go:120.38,122.3 1 7
github.com/mrchypark/daramjwee/buffer_pool.go:124.2,127.76 2 1010564
github.com/mrchypark/daramjwee/buffer_pool.go:127.76,129.3 1 3924
github.com/mrchypark/daramjwee/buffer_pool.go:132.2,137.13 5 1006640
github.com/mrchypark/daramjwee/buffer_pool.go:137.13,140.3 1 0
github.com/mrchypark/daramjwee/buffer_pool.go:143.2,147.16 3 1006640
github.com/mrchypark/daramjwee/buffer_pool.go:147.16,149.3 1 1006640
github.com/mrchypark/daramjwee/buffer_pool.go:154.59,168.41 2 1362909
github.com/mrchypark/daramjwee/buffer_pool.go:168.41,169.107 1 5012510
github.com/mrchypark/daramjwee/buffer_pool.go:169.107,171.4 1 1304252
github.com/mrchypark/daramjwee/buffer_pool.go:175.2,175.41 1 58657
[...]
github.com/mrchypark/daramjwee/daramjwee.go:7722.48,7723.13 1 0
github.com/mrchypark/daramjwee/daramjwee.go:7724.26,7725.16 1 0
github.com/mrchypark/daramjwee/daramjwee.go:7726.25,7727.15 1 0
github.com/mrchypark/daramjwee/daramjwee.go:7728.28,7729.18 1 0
github.com/mrchypark/daramjwee/daramjwee.go:7730.26,7731.16 1 0
github.com/mrchypark/daramjwee/daramjwee.go:7732.30,7733.20 1 0
github.com/mrchypark/daramjwee/daramjwee.go:7734.10,7735.19 1 0
github.com/mrchypark/daramjwee/daramjwee.go:7771.104,7773.36 1 0
github.com/mrchypark/daramjwee/daramjwee.go:7773.36,7775.3 1 0
github.com/mrchypark/daramjwee/daramjwee.go:7776.2,7776.34 1 0
github.com/mrchypark/daramjwee/daramjwee.go:7776.34,7778.3 1 0
github.com/mrchypark/daramjwee/daramjwee.go:7779.2,7779.35 1 0
github.com/mrchypark/daramjwee/daramjwee.go:7779.35,7781.3 1 0
github.com/mrchypark/daramjwee/daramjwee.go:7782.2,7782.38 1 0
github.com/mrchypark/daramjwee/daramjwee.go:7782.38,7784.3 1 0
github.com/mrchypark/daramjwee/daramjwee.go:7785.2,7785.41 1 0
github.com/mrchypark/daramjwee/daramjwee.go:7785.41,7787.3 1 0
github.com/mrchypark/daramjwee/daramjwee.go:7788.2,7788.39 1 0
github.com/mrchypark/daramjwee/daramjwee.go:7788.39,7790.3 1 0
github.com/mrchypark/daramjwee/daramjwee.go:7792.2,7808.12 3 0
github.com/mrchypark/daramjwee/daramjwee.go:7812.77,7816.2 3 0
github.com/mrchypark/daramjwee/daramjwee.go:7819.79,7823.35 3 0
github.com/mrchypark/daramjwee/daramjwee.go:7823.35,7825.3 1 0
github.com/mrchypark/daramjwee/daramjwee.go:7827.2,7827.56 1 0
github.com/mrchypark/daramjwee/daramjwee.go:7831.67,7835.2 3 0
github.com/mrchypark/daramjwee/daramjwee.go:7838.54,7842.12 3 0
github.com/mrchypark/daramjwee/daramjwee.go:7842.12,7848.7 3 0
github.com/mrchypark/daramjwee/daramjwee.go:7848.7,7849.11 1 0
github.com/mrchypark/daramjwee/daramjwee.go:7850.36,7851.11 1 0
github.com/mrchypark/daramjwee/daramjwee.go:7852.34,7853.30 1 0
github.com/mrchypark/daramjwee/daramjwee.go:7860.58,7870.61 5 0
github.com/mrchypark/daramjwee/daramjwee.go:7870.61,7872.3 1 0
github.com/mrchypark/daramjwee/daramjwee.go:7875.2,7882.58 5 0
github.com/mrchypark/daramjwee/daramjwee.go:7882.58,7884.3 1 0
github.com/mrchypark/daramjwee/daramjwee.go:7887.2,7887.33 1 0
github.com/mrchypark/daramjwee/daramjwee.go:7887.33,7889.3 1 0
github.com/mrchypark/daramjwee/daramjwee.go:7892.2,7892.45 1 0
github.com/mrchypark/daramjwee/daramjwee.go:7892.45,7896.60 2 0
github.com/mrchypark/daramjwee/daramjwee.go:7896.60,7904.4 1 0
github.com/mrchypark/daramjwee/daramjwee.go:7907.3,7907.40 1 0
github.com/mrchypark/daramjwee/daramjwee.go:7907.40,7909.4 1 0
github.com/mrchypark/daramjwee/daramjwee.go:7912.3,7912.91 1 0
github.com/mrchypark/daramjwee/daramjwee.go:7912.91,7914.4 1 0
github.com/mrchypark/daramjwee/daramjwee.go:7918.2,7918.25 1 0
github.com/mrchypark/daramjwee/daramjwee.go:7922.79,7942.17 9 0
github.com/mrchypark/daramjwee/daramjwee.go:7942.17,7944.3 1 0
github.com/mrchypark/daramjwee/daramjwee.go:7946.2,7954.3 1 0
github.com/mrchypark/daramjwee/daramjwee.go:7958.101,7959.9 1 0
github.com/mrchypark/daramjwee/daramjwee.go:7960.28,7961.32 1 0
github.com/mrchypark/daramjwee/daramjwee.go:7962.49,7963.28 1 0
github.com/mrchypark/daramjwee/daramjwee.go:7964.51,7965.30 1 0
github.com/mrchypark/daramjwee/daramjwee.go:7966.48,7967.27 1 0
github.com/mrchypark/daramjwee/daramjwee.go:7968.10,7969.28 1 0
github.com/mrchypark/daramjwee/daramjwee.go:7974.91,7977.31 2 0
github.com/mrchypark/daramjwee/daramjwee.go:7978.50,7983.24 2 0
github.com/mrchypark/daramjwee/daramjwee.go:7983.24,7989.4 1 0
github.com/mrchypark/daramjwee/daramjwee.go:7991.3,7991.54 1 0
github.com/mrchypark/daramjwee/daramjwee.go:7991.54,7993.4 1 0
github.com/mrchypark/daramjwee/daramjwee.go:7998.88,7999.23 1 0
github.com/mrchypark/daramjwee/daramjwee.go:7999.23,8007.3 1 0
github.com/mrchypark/daramjwee/daramjwee.go:8011.56,8012.38 1 0
github.com/mrchypark/daramjwee/daramjwee.go:8012.38,8014.3 1 0
github.com/mrchypark/daramjwee/daramjwee.go:8016.2,8020.46 3 0
github.com/mrchypark/daramjwee/daramjwee.go:8020.46,8021.38 1 0
github.com/mrchypark/daramjwee/daramjwee.go:8021.38,8023.9 2 0
github.com/mrchypark/daramjwee/daramjwee.go:8028.2,8028.19 1 0
github.com/mrchypark/daramjwee/daramjwee.go:8028.19,8030.3 1 0
github.com/mrchypark/daramjwee/daramjwee.go:8034.66,8037.2 2 0
github.com/mrchypark/daramjwee/daramjwee.go:8040.66,8043.2 2 0
github.com/mrchypark/daramjwee/daramjwee.go:8046.75,8049.18 2 0
github.com/mrchypark/daramjwee/daramjwee.go:8050.26,8051.13 1 0
github.com/mrchypark/daramjwee/daramjwee.go:8052.25,8053.13 1 0
github.com/mrchypark/daramjwee/daramjwee.go:8054.28,8055.13 1 0
github.com/mrchypark/daramjwee/daramjwee.go:8056.26,8057.13 1 0
github.com/mrchypark/daramjwee/daramjwee.go:8058.30,8059.13 1 0
github.com/mrchypark/daramjwee/daramjwee.go:8060.10,8061.13 1 0
github.com/mrchypark/daramjwee/daramjwee.go:8066.44,8067.33 1 0
github.com/mrchypark/daramjwee/daramjwee.go:8067.33,8069.3 1 0
github.com/mrchypark/daramjwee/daramjwee.go:8071.2,8071.33 1 0
github.com/mrchypark/daramjwee/daramjwee.go:8071.33,8073.3 1 0
github.com/mrchypark/daramjwee/daramjwee.go:8075.2,8075.23 1 0
github.com/mrchypark/daramjwee/daramjwee.go:8075.23,8077.3 1 0
github.com/mrchypark/daramjwee/daramjwee.go:8081.111,8082.34 1 41
github.com/mrchypark/daramjwee/daramjwee.go:8082.34,8084.3 1 0
github.com/mrchypark/daramjwee/daramjwee.go:8085.2,8085.26 1 41
github.com/mrchypark/daramjwee/daramjwee.go:8085.26,8087.3 1 0
github.com/mrchypark/daramjwee/daramjwee.go:8088.2,8088.32 1 41
github.com/mrchypark/daramjwee/daramjwee.go:8088.32,8090.3 1 1
github.com/mrchypark/daramjwee/daramjwee.go:8091.2,8091.30 1 41
github.com/mrchypark/daramjwee/daramjwee.go:8091.30,8093.3 1 6
github.com/mrchypark/daramjwee/daramjwee.go:8094.2,8094.36 1 41
github.com/mrchypark/daramjwee/daramjwee.go:8094.36,8096.3 1 10
github.com/mrchypark/daramjwee/daramjwee.go:8098.2,8113.26 3 41
github.com/mrchypark/daramjwee/daramjwee.go:8113.26,8115.3 1 38
github.com/mrchypark/daramjwee/daramjwee.go:8118.2,8118.33 1 41
github.com/mrchypark/daramjwee/daramjwee.go:8118.33,8120.73 2 31
github.com/mrchypark/daramjwee/daramjwee.go:8120.73,8122.36 2 124
github.com/mrchypark/daramjwee/daramjwee.go:8122.36,8124.5 1 31
github.com/mrchypark/daramjwee/daramjwee.go:8125.4,8125.72 1 124
github.com/mrchypark/daramjwee/daramjwee.go:8130.2,8130.26 1 41
github.com/mrchypark/daramjwee/daramjwee.go:8130.26,8138.3 2 38
github.com/mrchypark/daramjwee/daramjwee.go:8140.2,8140.17 1 41
github.com/mrchypark/daramjwee/daramjwee.go:8144.134,8163.41 7 730
github.com/mrchypark/daramjwee/daramjwee.go:8163.41,8165.3 1 643
github.com/mrchypark/daramjwee/daramjwee.go:8168.2,8168.30 1 87
github.com/mrchypark/daramjwee/daramjwee.go:8168.30,8170.3 1 86
github.com/mrchypark/daramjwee/daramjwee.go:8173.2,8174.36 2 1
github.com/mrchypark/daramjwee/daramjwee.go:8178.88,8179.9 1 730
github.com/mrchypark/daramjwee/daramjwee.go:8180.35,8189.7 7 643
github.com/mrchypark/daramjwee/daramjwee.go:8189.7,8191.95 2 643
github.com/mrchypark/daramjwee/daramjwee.go:8191.95,8192.10 1 643
github.com/mrchypark/daramjwee/daramjwee.go:8196.3,8196.14 1 643
github.com/mrchypark/daramjwee/daramjwee.go:8197.10,8198.15 1 87
github.com/mrchypark/daramjwee/daramjwee.go:8203.104,8209.66 4 86
github.com/mrchypark/daramjwee/daramjwee.go:8209.66,8211.3 1 80
github.com/mrchypark/daramjwee/daramjwee.go:8211.8,8211.36 1 6
github.com/mrchypark/daramjwee/daramjwee.go:8211.36,8213.3 1 6
github.com/mrchypark/daramjwee/daramjwee.go:8214.2,8216.24 2 86
github.com/mrchypark/daramjwee/daramjwee.go:8216.24,8218.3 1 0
github.com/mrchypark/daramjwee/daramjwee.go:8221.2,8221.9 1 86
github.com/mrchypark/daramjwee/daramjwee.go:8222.30,8227.7 3 20
github.com/mrchypark/daramjwee/daramjwee.go:8227.7,8229.105 2 21
github.com/mrchypark/daramjwee/daramjwee.go:8229.105,8230.10 1 20
github.com/mrchypark/daramjwee/daramjwee.go:8233.3,8233.60 1 20
github.com/mrchypark/daramjwee/daramjwee.go:8235.45,8237.27 2 9
github.com/mrchypark/daramjwee/daramjwee.go:8238.32,8239.36 1 57
github.com/mrchypark/daramjwee/daramjwee.go:8243.2,8243.9 1 20
github.com/mrchypark/daramjwee/daramjwee.go:8244.38,8248.23 3 0
github.com/mrchypark/daramjwee/daramjwee.go:8248.23,8250.4 1 0
github.com/mrchypark/daramjwee/daramjwee.go:8251.3,8251.29 1 0
github.com/mrchypark/daramjwee/daramjwee.go:8253.47,8255.32 2 13
github.com/mrchypark/daramjwee/daramjwee.go:8257.32,8258.36 1 7
github.com/mrchypark/daramjwee/daramjwee.go:8263.104,8273.23 2 643
github.com/mrchypark/daramjwee/daramjwee.go:8273.23,8281.3 1 643
github.com/mrchypark/daramjwee/daramjwee.go:8283.2,8283.19 1 643
github.com/mrchypark/daramjwee/daramjwee.go:8287.79,8288.18 1 644
github.com/mrchypark/daramjwee/daramjwee.go:8288.18,8290.3 1 0
github.com/mrchypark/daramjwee/daramjwee.go:8292.2,8292.9 1 644
github.com/mrchypark/daramjwee/daramjwee.go:8293.23,8296.24 2 643
github.com/mrchypark/daramjwee/daramjwee.go:8296.24,8302.4 1 643
github.com/mrchypark/daramjwee/daramjwee.go:8304.3,8304.13 1 643
github.com/mrchypark/daramjwee/daramjwee.go:8305.10,8306.25 1 1
github.com/mrchypark/daramjwee/daramjwee.go:8311.88,8314.36 2 0
github.com/mrchypark/daramjwee/daramjwee.go:8314.36,8316.3 1 0
github.com/mrchypark/daramjwee/daramjwee.go:8316.8,8318.3 1 0
github.com/mrchypark/daramjwee/daramjwee.go:8321.2,8321.37 1 0
github.com/mrchypark/daramjwee/daramjwee.go:8321.37,8323.3 1 0
github.com/mrchypark/daramjwee/daramjwee.go:8323.8,8325.3 1 0
github.com/mrchypark/daramjwee/daramjwee.go:8328.2,8328.38 1 0
github.com/mrchypark/daramjwee/daramjwee.go:8328.38,8330.3 1 0
github.com/mrchypark/daramjwee/daramjwee.go:8331.2,8331.40 1 0
github.com/mrchypark/daramjwee/daramjwee.go:8331.40,8333.3 1 0
github.com/mrchypark/daramjwee/daramjwee.go:8334.2,8334.20 1 0
github.com/mrchypark/daramjwee/daramjwee.go:8338.63,8340.31 1 0
github.com/mrchypark/daramjwee/daramjwee.go:8340.31,8342.13 2 0
github.com/mrchypark/daramjwee/daramjwee.go:8342.13,8345.4 2 0
github.com/mrchypark/daramjwee/daramjwee.go:8349.2,8350.12 2 0
github.com/mrchypark/daramjwee/daramjwee.go:8350.12,8353.3 2 0
github.com/mrchypark/daramjwee/daramjwee.go:8357.55,8361.6 3 0
github.com/mrchypark/daramjwee/daramjwee.go:8361.6,8362.10 1 0
github.com/mrchypark/daramjwee/daramjwee.go:8363.25,8364.10 1 0
github.com/mrchypark/daramjwee/daramjwee.go:8365.19,8366.27 1 0
github.com/mrchypark/daramjwee/daramjwee.go:8372.55,8383.43 6 0
github.com/mrchypark/daramjwee/daramjwee.go:8383.43,8391.3 1 0
github.com/mrchypark/daramjwee/daramjwee.go:8395.60,8402.72 5 0
github.com/mrchypark/daramjwee/daramjwee.go:8402.72,8405.3 2 0
github.com/mrchypark/daramjwee/daramjwee.go:8407.2,8407.24 1 0
github.com/mrchypark/daramjwee/daramjwee.go:8407.24,8410.3 2 0
github.com/mrchypark/daramjwee/daramjwee.go:8413.2,8416.72 3 0
github.com/mrchypark/daramjwee/daramjwee.go:8416.72,8420.19 3 0
github.com/mrchypark/daramjwee/daramjwee.go:8420.19,8423.4 2 0
github.com/mrchypark/daramjwee/daramjwee.go:8426.2,8429.22 3 0
github.com/mrchypark/daramjwee/daramjwee.go:8429.22,8432.3 2 0
github.com/mrchypark/daramjwee/daramjwee.go:8432.8,8434.3 1 0
github.com/mrchypark/daramjwee/daramjwee.go:8438.66,8449.72 6 6
github.com/mrchypark/daramjwee/daramjwee.go:8449.72,8452.3 2 24
github.com/mrchypark/daramjwee/daramjwee.go:8454.2,8454.14 1 6
github.com/mrchypark/daramjwee/daramjwee.go:8458.49,8466.29 5 11
github.com/mrchypark/daramjwee/daramjwee.go:8466.29,8469.3 2 8
github.com/mrchypark/daramjwee/daramjwee.go:8471.2,8471.31 1 11
github.com/mrchypark/daramjwee/daramjwee.go:8471.31,8472.44 1 4
github.com/mrchypark/daramjwee/daramjwee.go:8472.44,8473.20 1 16
github.com/mrchypark/daramjwee/daramjwee.go:8473.20,8476.5 2 16
github.com/mrchypark/daramjwee/daramjwee.go:8480.2,8480.23 1 11
github.com/mrchypark/daramjwee/daramjwee.go:8480.23,8482.3 1 11
github.com/mrchypark/daramjwee/daramjwee.go:8484.2,8484.12 1 11
github.com/mrchypark/daramjwee/daramjwee.go:8488.120,8500.2 2 38
github.com/mrchypark/daramjwee/daramjwee.go:8503.35,8507.6 3 0
github.com/mrchypark/daramjwee/daramjwee.go:8507.6,8508.10 1 0
github.com/mrchypark/daramjwee/daramjwee.go:8509.24,8510.10 1 0
github.com/mrchypark/daramjwee/daramjwee.go:8511.19,8512.22 1 0
github.com/mrchypark/daramjwee/daramjwee.go:8518.43,8519.44 1 0
github.com/mrchypark/daramjwee/daramjwee.go:8519.44,8521.3 1 0
github.com/mrchypark/daramjwee/daramjwee.go:8521.8,8523.3 1 0
github.com/mrchypark/daramjwee/daramjwee.go:8527.51,8531.38 2 0
github.com/mrchypark/daramjwee/daramjwee.go:8531.38,8533.19 2 0
github.com/mrchypark/daramjwee/daramjwee.go:8533.19,8534.12 1 0
github.com/mrchypark/daramjwee/daramjwee.go:8538.3,8538.43 1 0
github.com/mrchypark/daramjwee/daramjwee.go:8538.43,8539.12 1 0
github.com/mrchypark/daramjwee/daramjwee.go:8543.3,8543.10 1 0
github.com/mrchypark/daramjwee/daramjwee.go:8544.27,8547.10 3 0
github.com/mrchypark/daramjwee/daramjwee.go:8548.11,8548.11 0 0
github.com/mrchypark/daramjwee/daramjwee.go:8555.50,8556.9 1 0
github.com/mrchypark/daramjwee/daramjwee.go:8557.44,8558.29 1 0
github.com/mrchypark/daramjwee/daramjwee.go:8559.10,8559.10 0 0
github.com/mrchypark/daramjwee/daramjwee.go:8565.67,8569.9 2 0
github.com/mrchypark/daramjwee/daramjwee.go:8570.32,8578.9 2 0
github.com/mrchypark/daramjwee/daramjwee.go:8579.10,8579.10 0 0
github.com/mrchypark/daramjwee/daramjwee.go:8583.2,8583.48 1 0
github.com/mrchypark/daramjwee/daramjwee.go:8583.48,8593.3 2 0
github.com/mrchypark/daramjwee/daramjwee.go:8593.8,8603.3 2 0
github.com/mrchypark/daramjwee/daramjwee.go:8607.92,8608.9 1 0
github.com/mrchypark/daramjwee/daramjwee.go:8609.36,8609.36 0 0
github.com/mrchypark/daramjwee/daramjwee.go:8611.37,8613.23 1 0
github.com/mrchypark/daramjwee/daramjwee.go:8613.23,8619.4 1 0
github.com/mrchypark/daramjwee/daramjwee.go:8624.84,8625.39 1 0
github.com/mrchypark/daramjwee/daramjwee.go:8625.39,8627.3 1 0
github.com/mrchypark/daramjwee/daramjwee.go:8630.2,8630.40 1 0
github.com/mrchypark/daramjwee/daramjwee.go:8630.40,8632.44 2 0
github.com/mrchypark/daramjwee/daramjwee.go:8632.44,8634.4 1 0
github.com/mrchypark/daramjwee/daramjwee.go:8637.2,8637.14 1 0
github.com/mrchypark/daramjwee/daramjwee.go:8641.78,8647.44 4 0
github.com/mrchypark/daramjwee/daramjwee.go:8647.44,8649.3 1 0
github.com/mrchypark/daramjwee/daramjwee.go:8651.2,8651.39 1 0
github.com/mrchypark/daramjwee/daramjwee.go:8651.39,8652.38 1 0
github.com/mrchypark/daramjwee/daramjwee.go:8652.38,8654.4 1 0
github.com/mrchypark/daramjwee/daramjwee.go:8659.34,8661.2 1 0
github.com/mrchypark/daramjwee/daramjwee.go:8664.44,8665.11 1 5
github.com/mrchypark/daramjwee/daramjwee.go:8666.19,8667.15 1 1
github.com/mrchypark/daramjwee/daramjwee.go:8668.22,8669.18 1 1
github.com/mrchypark/daramjwee/daramjwee.go:8670.20,8671.16 1 1
github.com/mrchypark/daramjwee/daramjwee.go:8672.24,8673.20 1 1
github.com/mrchypark/daramjwee/daramjwee.go:8674.10,8675.19 1 1
github.com/mrchypark/daramjwee/daramjwee.go:8680.42,8682.2 1 449
github.com/mrchypark/daramjwee/daramjwee.go:8685.43,8687.2 1 1
github.com/mrchypark/daramjwee/daramjwee.go:8699.64,8704.59 3 0
github.com/mrchypark/daramjwee/daramjwee.go:8704.59,8707.3 1 0
github.com/mrchypark/daramjwee/nullstore.go:14.27,16.2 1 34
github.com/mrchypark/daramjwee/nullstore.go:19.99,21.2 1 18
github.com/mrchypark/daramjwee/nullstore.go:24.113,26.2 1 3
github.com/mrchypark/daramjwee/nullstore.go:29.68,31.2 1 0
github.com/mrchypark/daramjwee/nullstore.go:34.79,36.2 1 0
github.com/mrchypark/daramjwee/nullstore.go:42.64,44.2 1 3
github.com/mrchypark/daramjwee/nullstore.go:47.43,49.2 1 3
github.com/mrchypark/daramjwee/options.go:98.38,100.2 1 29
github.com/mrchypark/daramjwee/options.go:373.39,374.33 1 93
github.com/mrchypark/daramjwee/options.go:374.33,375.19 1 93
github.com/mrchypark/daramjwee/options.go:375.19,377.4 1 1
github.com/mrchypark/daramjwee/options.go:378.3,379.13 2 92
github.com/mrchypark/daramjwee/options.go:438.40,439.33 1 40
github.com/mrchypark/daramjwee/options.go:439.33,442.3 2 40
github.com/mrchypark/daramjwee/options.go:510.100,511.33 1 39
github.com/mrchypark/daramjwee/options.go:511.33,512.25 1 39
github.com/mrchypark/daramjwee/options.go:512.25,514.4 1 1
github.com/mrchypark/daramjwee/options.go:515.3,515.20 1 38
github.com/mrchypark/daramjwee/options.go:515.20,517.4 1 2
github.com/mrchypark/daramjwee/options.go:518.3,518.22 1 36
github.com/mrchypark/daramjwee/options.go:518.22,520.4 1 1
github.com/mrchypark/daramjwee/options.go:521.3,525.13 5 35
github.com/mrchypark/daramjwee/options.go:581.55,582.33 1 40
github.com/mrchypark/daramjwee/options.go:582.33,583.19 1 40
github.com/mrchypark/daramjwee/options.go:583.19,585.4 1 2
github.com/mrchypark/daramjwee/options.go:586.3,587.13 2 38
github.com/mrchypark/daramjwee/options.go:644.56,645.33 1 37
github.com/mrchypark/daramjwee/options.go:645.33,646.19 1 37
github.com/mrchypark/daramjwee/options.go:646.19,648.4 1 2
github.com/mrchypark/daramjwee/options.go:649.3,650.13 2 35
github.com/mrchypark/daramjwee/options.go:707.47,708.33 1 8
github.com/mrchypark/daramjwee/options.go:708.33,709.19 1 8
github.com/mrchypark/daramjwee/options.go:709.19,711.4 1 1
github.com/mrchypark/daramjwee/options.go:712.3,713.13 2 7
github.com/mrchypark/daramjwee/options.go:775.55,776.33 1 6
github.com/mrchypark/daramjwee/options.go:776.33,777.19 1 6
github.com/mrchypark/daramjwee/options.go:777.19,779.4 1 1
github.com/mrchypark/daramjwee/options.go:780.3,781.13 2 5
github.com/mrchypark/daramjwee/options.go:843.59,844.33 1 22
github.com/mrchypark/daramjwee/options.go:844.33,845.23 1 22
github.com/mrchypark/daramjwee/options.go:845.23,847.4 1 2
github.com/mrchypark/daramjwee/options.go:848.3,852.42 4 20
github.com/mrchypark/daramjwee/options.go:852.42,854.4 1 0
github.com/mrchypark/daramjwee/options.go:855.3,856.13 2 20
github.com/mrchypark/daramjwee/options.go:948.61,949.33 1 7
github.com/mrchypark/daramjwee/options.go:949.33,950.36 1 7
github.com/mrchypark/daramjwee/options.go:950.36,952.4 1 1
github.com/mrchypark/daramjwee/options.go:953.3,953.32 1 6
github.com/mrchypark/daramjwee/options.go:953.32,955.4 1 1
github.com/mrchypark/daramjwee/options.go:956.3,956.32 1 5
github.com/mrchypark/daramjwee/options.go:956.32,958.4 1 1
github.com/mrchypark/daramjwee/options.go:959.3,959.54 1 4
github.com/mrchypark/daramjwee/options.go:959.54,961.4 1 1
github.com/mrchypark/daramjwee/options.go:962.3,962.54 1 3
github.com/mrchypark/daramjwee/options.go:962.54,964.4 1 1
github.com/mrchypark/daramjwee/options.go:965.3,966.13 2 2
github.com/mrchypark/daramjwee/options.go:1019.115,1020.33 1 13
github.com/mrchypark/daramjwee/options.go:1020.33,1021.26 1 13
github.com/mrchypark/daramjwee/options.go:1021.26,1023.4 1 1
github.com/mrchypark/daramjwee/options.go:1024.3,1024.43 1 12
github.com/mrchypark/daramjwee/options.go:1024.43,1026.4 1 1
github.com/mrchypark/daramjwee/options.go:1027.3,1027.21 1 11
github.com/mrchypark/daramjwee/options.go:1027.21,1029.4 1 1
github.com/mrchypark/daramjwee/options.go:1030.3,1030.33 1 10
github.com/mrchypark/daramjwee/options.go:1030.33,1032.4 1 1
github.com/mrchypark/daramjwee/options.go:1035.3,1035.30 1 9
github.com/mrchypark/daramjwee/options.go:1035.30,1037.45 2 0
github.com/mrchypark/daramjwee/options.go:1037.45,1039.5 1 0
github.com/mrchypark/daramjwee/options.go:1040.4,1040.41 1 0
github.com/mrchypark/daramjwee/options.go:1040.41,1042.5 1 0
github.com/mrchypark/daramjwee/options.go:1043.4,1043.41 1 0
github.com/mrchypark/daramjwee/options.go:1043.41,1045.5 1 0
github.com/mrchypark/daramjwee/options.go:1049.3,1049.53 1 9
github.com/mrchypark/daramjwee/options.go:1049.53,1051.4 1 0
github.com/mrchypark/daramjwee/options.go:1053.3,1060.13 7 9
github.com/mrchypark/daramjwee/options.go:1110.61,1111.33 1 0
github.com/mrchypark/daramjwee/options.go:1111.33,1113.51 1 0
github.com/mrchypark/daramjwee/options.go:1113.51,1115.4 1 0
github.com/mrchypark/daramjwee/options.go:1117.3,1118.13 2 0
github.com/mrchypark/daramjwee/options.go:1168.80,1169.33 1 1
github.com/mrchypark/daramjwee/options.go:1169.33,1174.3 4 1
